<html>
<head>
<title>TestNG:  Test</title>
<link href="../testng.css" rel="stylesheet" type="text/css" />
<link href="../my-testng.css" rel="stylesheet" type="text/css" />

<style type="text/css">
.log { display: none;} 
.stack-trace { display: none;} 
</style>
<script type="text/javascript">
<!--
function flip(e) {
  current = e.style.display;
  if (current == 'block') {
    e.style.display = 'none';
    return 0;
  }
  else {
    e.style.display = 'block';
    return 1;
  }
}

function toggleBox(szDivId, elem, msg1, msg2)
{
  var res = -1;  if (document.getElementById) {
    res = flip(document.getElementById(szDivId));
  }
  else if (document.all) {
    // this is the way old msie versions work
    res = flip(document.all[szDivId]);
  }
  if(elem) {
    if(res == 0) elem.innerHTML = msg1; else elem.innerHTML = msg2;
  }

}

function toggleAllBoxes() {
  if (document.getElementsByTagName) {
    d = document.getElementsByTagName('div');
    for (i = 0; i < d.length; i++) {
      if (d[i].className == 'log') {
        flip(d[i]);
      }
    }
  }
}

// -->
</script>

</head>
<body>
<h2 align='center'>Test</h2><table border='1' align="center">
<tr>
<td>Tests passed/Failed/Skipped:</td><td>30/3/24</td>
</tr><tr>
<td>Started on:</td><td>Thu Feb 15 11:46:35 IST 2024</td>
</tr>
<tr><td>Total time:</td><td>105 seconds (105071 ms)</td>
</tr><tr>
<td>Included groups:</td><td>Master </td>
</tr><tr>
<td>Excluded groups:</td><td></td>
</tr>
</table><p/>
<small><i>(Hover the method name to see the test class name)</i></small><p/>
<table width='100%' border='1' class='invocation-failed'>
<tr><td colspan='4' align='center'><b>FAILED TESTS</b></td></tr>
<tr><td><b>Test method</b></td>
<td><b>Attribute(s)</b></td>
<td width="30%"><b>Exception</b></td>
<td width="10%"><b>Time (seconds)</b></td>
<td><b>Instance</b></td>
</tr>
<tr>
<td title='TestCases.LoanTenureCalculatorUICheck.calculatorsDropDownValidation()'><b>calculatorsDropDownValidation</b><br>Test class: TestCases.LoanTenureCalculatorUICheck</td>
<td><div><pre>org.openqa.selenium.NoSuchElementException: no such element: Unable to locate element: {&quot;method&quot;:&quot;xpath&quot;,&quot;selector&quot;:&quot;//a[@id=&apos;menu-item-dropdown-2696&apos;]&quot;}
  (Session info: chrome=120.0.6099.130)
For documentation on this error, please visit: https://www.selenium.dev/documentation/webdriver/troubleshooting/errors#no-such-element-exception
Build info: version: &apos;4.16.1&apos;, revision: &apos;9b4c83354e&apos;
System info: os.name: &apos;Windows 11&apos;, os.arch: &apos;amd64&apos;, os.version: &apos;10.0&apos;, java.version: &apos;17.0.2&apos;
Driver info: org.openqa.selenium.chrome.ChromeDriver
Command: [304b7309bf1bd7d23e226fc208d777e0, findElement {using=xpath, value=//a[@id=&apos;menu-item-dropdown-2696&apos;]}]
Capabilities {acceptInsecureCerts: false, browserName: chrome, browserVersion: 120.0.6099.130, chrome: {chromedriverVersion: 120.0.6099.109 (3419140ab66..., userDataDir: C:\Users\2303554\AppData\Lo...}, fedcm:accounts: true, goog:chromeOptions: {debuggerAddress: localhost:55544}, networkConnectionEnabled: false, pageLoadStrategy: normal, platformName: windows, proxy: Proxy(), se:cdp: ws://localhost:55544/devtoo..., se:cdpVersion: 120.0.6099.130, setWindowRect: true, strictFileInteractability: false, timeouts: {implicit: 0, pageLoad: 300000, script: 30000}, unhandledPromptBehavior: dismiss and notify, webauthn:extension:credBlob: true, webauthn:extension:largeBlob: true, webauthn:extension:minPinLength: true, webauthn:extension:prf: true, webauthn:virtualAuthenticators: true}
Session ID: 304b7309bf1bd7d23e226fc208d777e0
	at org.openqa.selenium.remote.codec.w3c.W3CHttpResponseCodec.createException(W3CHttpResponseCodec.java:200)
	at org.openqa.selenium.remote.codec.w3c.W3CHttpResponseCodec.decode(W3CHttpResponseCodec.java:133)
	at org.openqa.selenium.remote.codec.w3c.W3CHttpResponseCodec.decode(W3CHttpResponseCodec.java:52)
	at org.openqa.selenium.remote.HttpCommandExecutor.execute(HttpCommandExecutor.java:191)
	at org.openqa.selenium.remote.service.DriverCommandExecutor.invokeExecute(DriverCommandExecutor.java:200)
	at org.openqa.selenium.remote.service.DriverCommandExecutor.execute(DriverCommandExecutor.java:175)
	at org.openqa.selenium.remote.RemoteWebDriver.execute(RemoteWebDriver.java:523)
	at org.openqa.selenium.remote.ElementLocation$ElementFinder$2.findElement(ElementLocation.java:165)
	at org.openqa.selenium.remote.ElementLocation.findElement(ElementLocation.java:59)
	at org.openqa.selenium.remote.RemoteWebDriver.findElement(RemoteWebDriver.java:360)
	at org.openqa.selenium.remote.RemoteWebDriver.findElement(RemoteWebDriver.java:354)
	at org.openqa.selenium.support.pagefactory.DefaultElementLocator.findElement(DefaultElementLocator.java:68)
	at org.openqa.selenium.support.pagefactory.internal.LocatingElementHandler.invoke(LocatingElementHandler.java:38)
	at jdk.proxy2/jdk.proxy2.$Proxy28.click(Unknown Source)
	at PageObject.EMICalculatorPage.clickOnCalculatorsDropDown(EMICalculatorPage.java:54)
	at TestCases.HomeLoanEMI.calculatorsDropDownValidation(HomeLoanEMI.java:23)
	at java.base/java.util.ArrayList.forEach(ArrayList.java:1511)
... Removed 36 stack frames</pre></div><a href='#' onClick='toggleBox("stack-trace1921143808", this, "Click to show all stack frames", "Click to hide stack frames")'>Click to show all stack frames</a>
<div class='stack-trace' id='stack-trace1921143808'><pre>org.openqa.selenium.NoSuchElementException: no such element: Unable to locate element: {&quot;method&quot;:&quot;xpath&quot;,&quot;selector&quot;:&quot;//a[@id=&apos;menu-item-dropdown-2696&apos;]&quot;}
  (Session info: chrome=120.0.6099.130)
For documentation on this error, please visit: https://www.selenium.dev/documentation/webdriver/troubleshooting/errors#no-such-element-exception
Build info: version: &apos;4.16.1&apos;, revision: &apos;9b4c83354e&apos;
System info: os.name: &apos;Windows 11&apos;, os.arch: &apos;amd64&apos;, os.version: &apos;10.0&apos;, java.version: &apos;17.0.2&apos;
Driver info: org.openqa.selenium.chrome.ChromeDriver
Command: [304b7309bf1bd7d23e226fc208d777e0, findElement {using=xpath, value=//a[@id=&apos;menu-item-dropdown-2696&apos;]}]
Capabilities {acceptInsecureCerts: false, browserName: chrome, browserVersion: 120.0.6099.130, chrome: {chromedriverVersion: 120.0.6099.109 (3419140ab66..., userDataDir: C:\Users\2303554\AppData\Lo...}, fedcm:accounts: true, goog:chromeOptions: {debuggerAddress: localhost:55544}, networkConnectionEnabled: false, pageLoadStrategy: normal, platformName: windows, proxy: Proxy(), se:cdp: ws://localhost:55544/devtoo..., se:cdpVersion: 120.0.6099.130, setWindowRect: true, strictFileInteractability: false, timeouts: {implicit: 0, pageLoad: 300000, script: 30000}, unhandledPromptBehavior: dismiss and notify, webauthn:extension:credBlob: true, webauthn:extension:largeBlob: true, webauthn:extension:minPinLength: true, webauthn:extension:prf: true, webauthn:virtualAuthenticators: true}
Session ID: 304b7309bf1bd7d23e226fc208d777e0
	at java.base/jdk.internal.reflect.NativeConstructorAccessorImpl.newInstance0(Native Method)
	at java.base/jdk.internal.reflect.NativeConstructorAccessorImpl.newInstance(NativeConstructorAccessorImpl.java:77)
	at java.base/jdk.internal.reflect.DelegatingConstructorAccessorImpl.newInstance(DelegatingConstructorAccessorImpl.java:45)
	at java.base/java.lang.reflect.Constructor.newInstanceWithCaller(Constructor.java:499)
	at java.base/java.lang.reflect.Constructor.newInstance(Constructor.java:480)
	at org.openqa.selenium.remote.codec.w3c.W3CHttpResponseCodec.createException(W3CHttpResponseCodec.java:200)
	at org.openqa.selenium.remote.codec.w3c.W3CHttpResponseCodec.decode(W3CHttpResponseCodec.java:133)
	at org.openqa.selenium.remote.codec.w3c.W3CHttpResponseCodec.decode(W3CHttpResponseCodec.java:52)
	at org.openqa.selenium.remote.HttpCommandExecutor.execute(HttpCommandExecutor.java:191)
	at org.openqa.selenium.remote.service.DriverCommandExecutor.invokeExecute(DriverCommandExecutor.java:200)
	at org.openqa.selenium.remote.service.DriverCommandExecutor.execute(DriverCommandExecutor.java:175)
	at org.openqa.selenium.remote.RemoteWebDriver.execute(RemoteWebDriver.java:523)
	at org.openqa.selenium.remote.ElementLocation$ElementFinder$2.findElement(ElementLocation.java:165)
	at org.openqa.selenium.remote.ElementLocation.findElement(ElementLocation.java:59)
	at org.openqa.selenium.remote.RemoteWebDriver.findElement(RemoteWebDriver.java:360)
	at org.openqa.selenium.remote.RemoteWebDriver.findElement(RemoteWebDriver.java:354)
	at org.openqa.selenium.support.pagefactory.DefaultElementLocator.findElement(DefaultElementLocator.java:68)
	at org.openqa.selenium.support.pagefactory.internal.LocatingElementHandler.invoke(LocatingElementHandler.java:38)
	at jdk.proxy2/jdk.proxy2.$Proxy28.click(Unknown Source)
	at PageObject.EMICalculatorPage.clickOnCalculatorsDropDown(EMICalculatorPage.java:54)
	at TestCases.HomeLoanEMI.calculatorsDropDownValidation(HomeLoanEMI.java:23)
	at java.base/jdk.internal.reflect.NativeMethodAccessorImpl.invoke0(Native Method)
	at java.base/jdk.internal.reflect.NativeMethodAccessorImpl.invoke(NativeMethodAccessorImpl.java:77)
	at java.base/jdk.internal.reflect.DelegatingMethodAccessorImpl.invoke(DelegatingMethodAccessorImpl.java:43)
	at java.base/java.lang.reflect.Method.invoke(Method.java:568)
	at org.testng.internal.invokers.MethodInvocationHelper.invokeMethod(MethodInvocationHelper.java:139)
	at org.testng.internal.invokers.TestInvoker.invokeMethod(TestInvoker.java:664)
	at org.testng.internal.invokers.TestInvoker.invokeTestMethod(TestInvoker.java:227)
	at org.testng.internal.invokers.MethodRunner.runInSequence(MethodRunner.java:50)
	at org.testng.internal.invokers.TestInvoker$MethodInvocationAgent.invoke(TestInvoker.java:957)
	at org.testng.internal.invokers.TestInvoker.invokeTestMethods(TestInvoker.java:200)
	at org.testng.internal.invokers.TestMethodWorker.invokeTestMethods(TestMethodWorker.java:148)
	at org.testng.internal.invokers.TestMethodWorker.run(TestMethodWorker.java:128)
	at java.base/java.util.ArrayList.forEach(ArrayList.java:1511)
	at org.testng.TestRunner.privateRun(TestRunner.java:848)
	at org.testng.TestRunner.run(TestRunner.java:621)
	at org.testng.SuiteRunner.runTest(SuiteRunner.java:443)
	at org.testng.SuiteRunner.runSequentially(SuiteRunner.java:437)
	at org.testng.SuiteRunner.privateRun(SuiteRunner.java:397)
	at org.testng.SuiteRunner.run(SuiteRunner.java:336)
	at org.testng.SuiteRunnerWorker.runSuite(SuiteRunnerWorker.java:52)
	at org.testng.SuiteRunnerWorker.run(SuiteRunnerWorker.java:95)
	at org.testng.TestNG.runSuitesSequentially(TestNG.java:1280)
	at org.testng.TestNG.runSuitesLocally(TestNG.java:1200)
	at org.testng.TestNG.runSuites(TestNG.java:1114)
	at org.testng.TestNG.run(TestNG.java:1082)
	at org.apache.maven.surefire.testng.TestNGExecutor.run(TestNGExecutor.java:308)
	at org.apache.maven.surefire.testng.TestNGXmlTestSuite.execute(TestNGXmlTestSuite.java:71)
	at org.apache.maven.surefire.testng.TestNGProvider.invoke(TestNGProvider.java:113)
	at org.apache.maven.surefire.booter.ForkedBooter.runSuitesInProcess(ForkedBooter.java:385)
	at org.apache.maven.surefire.booter.ForkedBooter.execute(ForkedBooter.java:162)
	at org.apache.maven.surefire.booter.ForkedBooter.run(ForkedBooter.java:507)
	at org.apache.maven.surefire.booter.ForkedBooter.main(ForkedBooter.java:495)
</pre></div></td>
<td>10</td>
<td>TestCases.LoanTenureCalculatorUICheck@368f2016</td></tr>
<tr>
<td title='TestCases.LoanTenureCalculatorUICheck.homeLoanEmiCalculatorValidation()'><b>homeLoanEmiCalculatorValidation</b><br>Test class: TestCases.LoanTenureCalculatorUICheck</td>
<td><div><pre>org.openqa.selenium.NoSuchElementException: no such element: Unable to locate element: {&quot;method&quot;:&quot;xpath&quot;,&quot;selector&quot;:&quot;//h3[@id=&apos;ld&apos;]&quot;}
  (Session info: chrome=120.0.6099.130)
For documentation on this error, please visit: https://www.selenium.dev/documentation/webdriver/troubleshooting/errors#no-such-element-exception
Build info: version: &apos;4.16.1&apos;, revision: &apos;9b4c83354e&apos;
System info: os.name: &apos;Windows 11&apos;, os.arch: &apos;amd64&apos;, os.version: &apos;10.0&apos;, java.version: &apos;17.0.2&apos;
Driver info: org.openqa.selenium.chrome.ChromeDriver
Command: [304b7309bf1bd7d23e226fc208d777e0, findElement {using=xpath, value=//h3[@id=&apos;ld&apos;]}]
Capabilities {acceptInsecureCerts: false, browserName: chrome, browserVersion: 120.0.6099.130, chrome: {chromedriverVersion: 120.0.6099.109 (3419140ab66..., userDataDir: C:\Users\2303554\AppData\Lo...}, fedcm:accounts: true, goog:chromeOptions: {debuggerAddress: localhost:55544}, networkConnectionEnabled: false, pageLoadStrategy: normal, platformName: windows, proxy: Proxy(), se:cdp: ws://localhost:55544/devtoo..., se:cdpVersion: 120.0.6099.130, setWindowRect: true, strictFileInteractability: false, timeouts: {implicit: 0, pageLoad: 300000, script: 30000}, unhandledPromptBehavior: dismiss and notify, webauthn:extension:credBlob: true, webauthn:extension:largeBlob: true, webauthn:extension:minPinLength: true, webauthn:extension:prf: true, webauthn:virtualAuthenticators: true}
Session ID: 304b7309bf1bd7d23e226fc208d777e0
	at org.openqa.selenium.remote.codec.w3c.W3CHttpResponseCodec.createException(W3CHttpResponseCodec.java:200)
	at org.openqa.selenium.remote.codec.w3c.W3CHttpResponseCodec.decode(W3CHttpResponseCodec.java:133)
	at org.openqa.selenium.remote.codec.w3c.W3CHttpResponseCodec.decode(W3CHttpResponseCodec.java:52)
	at org.openqa.selenium.remote.HttpCommandExecutor.execute(HttpCommandExecutor.java:191)
	at org.openqa.selenium.remote.service.DriverCommandExecutor.invokeExecute(DriverCommandExecutor.java:200)
	at org.openqa.selenium.remote.service.DriverCommandExecutor.execute(DriverCommandExecutor.java:175)
	at org.openqa.selenium.remote.RemoteWebDriver.execute(RemoteWebDriver.java:523)
	at org.openqa.selenium.remote.ElementLocation$ElementFinder$2.findElement(ElementLocation.java:165)
	at org.openqa.selenium.remote.ElementLocation.findElement(ElementLocation.java:59)
	at org.openqa.selenium.remote.RemoteWebDriver.findElement(RemoteWebDriver.java:360)
	at org.openqa.selenium.remote.RemoteWebDriver.findElement(RemoteWebDriver.java:354)
	at org.openqa.selenium.support.pagefactory.DefaultElementLocator.findElement(DefaultElementLocator.java:68)
	at org.openqa.selenium.support.pagefactory.internal.LocatingElementHandler.invoke(LocatingElementHandler.java:38)
	at jdk.proxy2/jdk.proxy2.$Proxy28.isDisplayed(Unknown Source)
	at PageObject.HomeLoanPage.validateHomeLoanEmiCalculator(HomeLoanPage.java:147)
	at TestCases.HomeLoanEMI.homeLoanEmiCalculatorValidation(HomeLoanEMI.java:50)
	at java.base/java.util.ArrayList.forEach(ArrayList.java:1511)
... Removed 36 stack frames</pre></div><a href='#' onClick='toggleBox("stack-trace1183701566", this, "Click to show all stack frames", "Click to hide stack frames")'>Click to show all stack frames</a>
<div class='stack-trace' id='stack-trace1183701566'><pre>org.openqa.selenium.NoSuchElementException: no such element: Unable to locate element: {&quot;method&quot;:&quot;xpath&quot;,&quot;selector&quot;:&quot;//h3[@id=&apos;ld&apos;]&quot;}
  (Session info: chrome=120.0.6099.130)
For documentation on this error, please visit: https://www.selenium.dev/documentation/webdriver/troubleshooting/errors#no-such-element-exception
Build info: version: &apos;4.16.1&apos;, revision: &apos;9b4c83354e&apos;
System info: os.name: &apos;Windows 11&apos;, os.arch: &apos;amd64&apos;, os.version: &apos;10.0&apos;, java.version: &apos;17.0.2&apos;
Driver info: org.openqa.selenium.chrome.ChromeDriver
Command: [304b7309bf1bd7d23e226fc208d777e0, findElement {using=xpath, value=//h3[@id=&apos;ld&apos;]}]
Capabilities {acceptInsecureCerts: false, browserName: chrome, browserVersion: 120.0.6099.130, chrome: {chromedriverVersion: 120.0.6099.109 (3419140ab66..., userDataDir: C:\Users\2303554\AppData\Lo...}, fedcm:accounts: true, goog:chromeOptions: {debuggerAddress: localhost:55544}, networkConnectionEnabled: false, pageLoadStrategy: normal, platformName: windows, proxy: Proxy(), se:cdp: ws://localhost:55544/devtoo..., se:cdpVersion: 120.0.6099.130, setWindowRect: true, strictFileInteractability: false, timeouts: {implicit: 0, pageLoad: 300000, script: 30000}, unhandledPromptBehavior: dismiss and notify, webauthn:extension:credBlob: true, webauthn:extension:largeBlob: true, webauthn:extension:minPinLength: true, webauthn:extension:prf: true, webauthn:virtualAuthenticators: true}
Session ID: 304b7309bf1bd7d23e226fc208d777e0
	at java.base/jdk.internal.reflect.NativeConstructorAccessorImpl.newInstance0(Native Method)
	at java.base/jdk.internal.reflect.NativeConstructorAccessorImpl.newInstance(NativeConstructorAccessorImpl.java:77)
	at java.base/jdk.internal.reflect.DelegatingConstructorAccessorImpl.newInstance(DelegatingConstructorAccessorImpl.java:45)
	at java.base/java.lang.reflect.Constructor.newInstanceWithCaller(Constructor.java:499)
	at java.base/java.lang.reflect.Constructor.newInstance(Constructor.java:480)
	at org.openqa.selenium.remote.codec.w3c.W3CHttpResponseCodec.createException(W3CHttpResponseCodec.java:200)
	at org.openqa.selenium.remote.codec.w3c.W3CHttpResponseCodec.decode(W3CHttpResponseCodec.java:133)
	at org.openqa.selenium.remote.codec.w3c.W3CHttpResponseCodec.decode(W3CHttpResponseCodec.java:52)
	at org.openqa.selenium.remote.HttpCommandExecutor.execute(HttpCommandExecutor.java:191)
	at org.openqa.selenium.remote.service.DriverCommandExecutor.invokeExecute(DriverCommandExecutor.java:200)
	at org.openqa.selenium.remote.service.DriverCommandExecutor.execute(DriverCommandExecutor.java:175)
	at org.openqa.selenium.remote.RemoteWebDriver.execute(RemoteWebDriver.java:523)
	at org.openqa.selenium.remote.ElementLocation$ElementFinder$2.findElement(ElementLocation.java:165)
	at org.openqa.selenium.remote.ElementLocation.findElement(ElementLocation.java:59)
	at org.openqa.selenium.remote.RemoteWebDriver.findElement(RemoteWebDriver.java:360)
	at org.openqa.selenium.remote.RemoteWebDriver.findElement(RemoteWebDriver.java:354)
	at org.openqa.selenium.support.pagefactory.DefaultElementLocator.findElement(DefaultElementLocator.java:68)
	at org.openqa.selenium.support.pagefactory.internal.LocatingElementHandler.invoke(LocatingElementHandler.java:38)
	at jdk.proxy2/jdk.proxy2.$Proxy28.isDisplayed(Unknown Source)
	at PageObject.HomeLoanPage.validateHomeLoanEmiCalculator(HomeLoanPage.java:147)
	at TestCases.HomeLoanEMI.homeLoanEmiCalculatorValidation(HomeLoanEMI.java:50)
	at java.base/jdk.internal.reflect.NativeMethodAccessorImpl.invoke0(Native Method)
	at java.base/jdk.internal.reflect.NativeMethodAccessorImpl.invoke(NativeMethodAccessorImpl.java:77)
	at java.base/jdk.internal.reflect.DelegatingMethodAccessorImpl.invoke(DelegatingMethodAccessorImpl.java:43)
	at java.base/java.lang.reflect.Method.invoke(Method.java:568)
	at org.testng.internal.invokers.MethodInvocationHelper.invokeMethod(MethodInvocationHelper.java:139)
	at org.testng.internal.invokers.TestInvoker.invokeMethod(TestInvoker.java:664)
	at org.testng.internal.invokers.TestInvoker.invokeTestMethod(TestInvoker.java:227)
	at org.testng.internal.invokers.MethodRunner.runInSequence(MethodRunner.java:50)
	at org.testng.internal.invokers.TestInvoker$MethodInvocationAgent.invoke(TestInvoker.java:957)
	at org.testng.internal.invokers.TestInvoker.invokeTestMethods(TestInvoker.java:200)
	at org.testng.internal.invokers.TestMethodWorker.invokeTestMethods(TestMethodWorker.java:148)
	at org.testng.internal.invokers.TestMethodWorker.run(TestMethodWorker.java:128)
	at java.base/java.util.ArrayList.forEach(ArrayList.java:1511)
	at org.testng.TestRunner.privateRun(TestRunner.java:848)
	at org.testng.TestRunner.run(TestRunner.java:621)
	at org.testng.SuiteRunner.runTest(SuiteRunner.java:443)
	at org.testng.SuiteRunner.runSequentially(SuiteRunner.java:437)
	at org.testng.SuiteRunner.privateRun(SuiteRunner.java:397)
	at org.testng.SuiteRunner.run(SuiteRunner.java:336)
	at org.testng.SuiteRunnerWorker.runSuite(SuiteRunnerWorker.java:52)
	at org.testng.SuiteRunnerWorker.run(SuiteRunnerWorker.java:95)
	at org.testng.TestNG.runSuitesSequentially(TestNG.java:1280)
	at org.testng.TestNG.runSuitesLocally(TestNG.java:1200)
	at org.testng.TestNG.runSuites(TestNG.java:1114)
	at org.testng.TestNG.run(TestNG.java:1082)
	at org.apache.maven.surefire.testng.TestNGExecutor.run(TestNGExecutor.java:308)
	at org.apache.maven.surefire.testng.TestNGXmlTestSuite.execute(TestNGXmlTestSuite.java:71)
	at org.apache.maven.surefire.testng.TestNGProvider.invoke(TestNGProvider.java:113)
	at org.apache.maven.surefire.booter.ForkedBooter.runSuitesInProcess(ForkedBooter.java:385)
	at org.apache.maven.surefire.booter.ForkedBooter.execute(ForkedBooter.java:162)
	at org.apache.maven.surefire.booter.ForkedBooter.run(ForkedBooter.java:507)
	at org.apache.maven.surefire.booter.ForkedBooter.main(ForkedBooter.java:495)
</pre></div></td>
<td>33</td>
<td>TestCases.LoanTenureCalculatorUICheck@368f2016</td></tr>
<tr>
<td title='TestCases.LoanTenureCalculatorUICheck.clickOnCarLoanLink()'><b>clickOnCarLoanLink</b><br>Test class: TestCases.LoanTenureCalculatorUICheck</td>
<td><div><pre>org.openqa.selenium.NoSuchElementException: no such element: Unable to locate element: {&quot;method&quot;:&quot;xpath&quot;,&quot;selector&quot;:&quot;//li[@id=&apos;car-loan&apos;]/a&quot;}
  (Session info: chrome=120.0.6099.130)
For documentation on this error, please visit: https://www.selenium.dev/documentation/webdriver/troubleshooting/errors#no-such-element-exception
Build info: version: &apos;4.16.1&apos;, revision: &apos;9b4c83354e&apos;
System info: os.name: &apos;Windows 11&apos;, os.arch: &apos;amd64&apos;, os.version: &apos;10.0&apos;, java.version: &apos;17.0.2&apos;
Driver info: org.openqa.selenium.chrome.ChromeDriver
Command: [304b7309bf1bd7d23e226fc208d777e0, findElement {using=xpath, value=//li[@id=&apos;car-loan&apos;]/a}]
Capabilities {acceptInsecureCerts: false, browserName: chrome, browserVersion: 120.0.6099.130, chrome: {chromedriverVersion: 120.0.6099.109 (3419140ab66..., userDataDir: C:\Users\2303554\AppData\Lo...}, fedcm:accounts: true, goog:chromeOptions: {debuggerAddress: localhost:55544}, networkConnectionEnabled: false, pageLoadStrategy: normal, platformName: windows, proxy: Proxy(), se:cdp: ws://localhost:55544/devtoo..., se:cdpVersion: 120.0.6099.130, setWindowRect: true, strictFileInteractability: false, timeouts: {implicit: 0, pageLoad: 300000, script: 30000}, unhandledPromptBehavior: dismiss and notify, webauthn:extension:credBlob: true, webauthn:extension:largeBlob: true, webauthn:extension:minPinLength: true, webauthn:extension:prf: true, webauthn:virtualAuthenticators: true}
Session ID: 304b7309bf1bd7d23e226fc208d777e0
	at org.openqa.selenium.remote.codec.w3c.W3CHttpResponseCodec.createException(W3CHttpResponseCodec.java:200)
	at org.openqa.selenium.remote.codec.w3c.W3CHttpResponseCodec.decode(W3CHttpResponseCodec.java:133)
	at org.openqa.selenium.remote.codec.w3c.W3CHttpResponseCodec.decode(W3CHttpResponseCodec.java:52)
	at org.openqa.selenium.remote.HttpCommandExecutor.execute(HttpCommandExecutor.java:191)
	at org.openqa.selenium.remote.service.DriverCommandExecutor.invokeExecute(DriverCommandExecutor.java:200)
	at org.openqa.selenium.remote.service.DriverCommandExecutor.execute(DriverCommandExecutor.java:175)
	at org.openqa.selenium.remote.RemoteWebDriver.execute(RemoteWebDriver.java:523)
	at org.openqa.selenium.remote.ElementLocation$ElementFinder$2.findElement(ElementLocation.java:165)
	at org.openqa.selenium.remote.ElementLocation.findElement(ElementLocation.java:59)
	at org.openqa.selenium.remote.RemoteWebDriver.findElement(RemoteWebDriver.java:360)
	at org.openqa.selenium.remote.RemoteWebDriver.findElement(RemoteWebDriver.java:354)
	at org.openqa.selenium.support.pagefactory.DefaultElementLocator.findElement(DefaultElementLocator.java:68)
	at org.openqa.selenium.support.pagefactory.internal.LocatingElementHandler.invoke(LocatingElementHandler.java:38)
	at jdk.proxy2/jdk.proxy2.$Proxy28.click(Unknown Source)
	at PageObject.EMICalculatorPage.clickOnCarLoanLink(EMICalculatorPage.java:49)
	at TestCases.CarLoanEMI.clickOnCarLoanLink(CarLoanEMI.java:33)
	at java.base/java.util.ArrayList.forEach(ArrayList.java:1511)
... Removed 36 stack frames</pre></div><a href='#' onClick='toggleBox("stack-trace1151772302", this, "Click to show all stack frames", "Click to hide stack frames")'>Click to show all stack frames</a>
<div class='stack-trace' id='stack-trace1151772302'><pre>org.openqa.selenium.NoSuchElementException: no such element: Unable to locate element: {&quot;method&quot;:&quot;xpath&quot;,&quot;selector&quot;:&quot;//li[@id=&apos;car-loan&apos;]/a&quot;}
  (Session info: chrome=120.0.6099.130)
For documentation on this error, please visit: https://www.selenium.dev/documentation/webdriver/troubleshooting/errors#no-such-element-exception
Build info: version: &apos;4.16.1&apos;, revision: &apos;9b4c83354e&apos;
System info: os.name: &apos;Windows 11&apos;, os.arch: &apos;amd64&apos;, os.version: &apos;10.0&apos;, java.version: &apos;17.0.2&apos;
Driver info: org.openqa.selenium.chrome.ChromeDriver
Command: [304b7309bf1bd7d23e226fc208d777e0, findElement {using=xpath, value=//li[@id=&apos;car-loan&apos;]/a}]
Capabilities {acceptInsecureCerts: false, browserName: chrome, browserVersion: 120.0.6099.130, chrome: {chromedriverVersion: 120.0.6099.109 (3419140ab66..., userDataDir: C:\Users\2303554\AppData\Lo...}, fedcm:accounts: true, goog:chromeOptions: {debuggerAddress: localhost:55544}, networkConnectionEnabled: false, pageLoadStrategy: normal, platformName: windows, proxy: Proxy(), se:cdp: ws://localhost:55544/devtoo..., se:cdpVersion: 120.0.6099.130, setWindowRect: true, strictFileInteractability: false, timeouts: {implicit: 0, pageLoad: 300000, script: 30000}, unhandledPromptBehavior: dismiss and notify, webauthn:extension:credBlob: true, webauthn:extension:largeBlob: true, webauthn:extension:minPinLength: true, webauthn:extension:prf: true, webauthn:virtualAuthenticators: true}
Session ID: 304b7309bf1bd7d23e226fc208d777e0
	at java.base/jdk.internal.reflect.NativeConstructorAccessorImpl.newInstance0(Native Method)
	at java.base/jdk.internal.reflect.NativeConstructorAccessorImpl.newInstance(NativeConstructorAccessorImpl.java:77)
	at java.base/jdk.internal.reflect.DelegatingConstructorAccessorImpl.newInstance(DelegatingConstructorAccessorImpl.java:45)
	at java.base/java.lang.reflect.Constructor.newInstanceWithCaller(Constructor.java:499)
	at java.base/java.lang.reflect.Constructor.newInstance(Constructor.java:480)
	at org.openqa.selenium.remote.codec.w3c.W3CHttpResponseCodec.createException(W3CHttpResponseCodec.java:200)
	at org.openqa.selenium.remote.codec.w3c.W3CHttpResponseCodec.decode(W3CHttpResponseCodec.java:133)
	at org.openqa.selenium.remote.codec.w3c.W3CHttpResponseCodec.decode(W3CHttpResponseCodec.java:52)
	at org.openqa.selenium.remote.HttpCommandExecutor.execute(HttpCommandExecutor.java:191)
	at org.openqa.selenium.remote.service.DriverCommandExecutor.invokeExecute(DriverCommandExecutor.java:200)
	at org.openqa.selenium.remote.service.DriverCommandExecutor.execute(DriverCommandExecutor.java:175)
	at org.openqa.selenium.remote.RemoteWebDriver.execute(RemoteWebDriver.java:523)
	at org.openqa.selenium.remote.ElementLocation$ElementFinder$2.findElement(ElementLocation.java:165)
	at org.openqa.selenium.remote.ElementLocation.findElement(ElementLocation.java:59)
	at org.openqa.selenium.remote.RemoteWebDriver.findElement(RemoteWebDriver.java:360)
	at org.openqa.selenium.remote.RemoteWebDriver.findElement(RemoteWebDriver.java:354)
	at org.openqa.selenium.support.pagefactory.DefaultElementLocator.findElement(DefaultElementLocator.java:68)
	at org.openqa.selenium.support.pagefactory.internal.LocatingElementHandler.invoke(LocatingElementHandler.java:38)
	at jdk.proxy2/jdk.proxy2.$Proxy28.click(Unknown Source)
	at PageObject.EMICalculatorPage.clickOnCarLoanLink(EMICalculatorPage.java:49)
	at TestCases.CarLoanEMI.clickOnCarLoanLink(CarLoanEMI.java:33)
	at java.base/jdk.internal.reflect.NativeMethodAccessorImpl.invoke0(Native Method)
	at java.base/jdk.internal.reflect.NativeMethodAccessorImpl.invoke(NativeMethodAccessorImpl.java:77)
	at java.base/jdk.internal.reflect.DelegatingMethodAccessorImpl.invoke(DelegatingMethodAccessorImpl.java:43)
	at java.base/java.lang.reflect.Method.invoke(Method.java:568)
	at org.testng.internal.invokers.MethodInvocationHelper.invokeMethod(MethodInvocationHelper.java:139)
	at org.testng.internal.invokers.TestInvoker.invokeMethod(TestInvoker.java:664)
	at org.testng.internal.invokers.TestInvoker.invokeTestMethod(TestInvoker.java:227)
	at org.testng.internal.invokers.MethodRunner.runInSequence(MethodRunner.java:50)
	at org.testng.internal.invokers.TestInvoker$MethodInvocationAgent.invoke(TestInvoker.java:957)
	at org.testng.internal.invokers.TestInvoker.invokeTestMethods(TestInvoker.java:200)
	at org.testng.internal.invokers.TestMethodWorker.invokeTestMethods(TestMethodWorker.java:148)
	at org.testng.internal.invokers.TestMethodWorker.run(TestMethodWorker.java:128)
	at java.base/java.util.ArrayList.forEach(ArrayList.java:1511)
	at org.testng.TestRunner.privateRun(TestRunner.java:848)
	at org.testng.TestRunner.run(TestRunner.java:621)
	at org.testng.SuiteRunner.runTest(SuiteRunner.java:443)
	at org.testng.SuiteRunner.runSequentially(SuiteRunner.java:437)
	at org.testng.SuiteRunner.privateRun(SuiteRunner.java:397)
	at org.testng.SuiteRunner.run(SuiteRunner.java:336)
	at org.testng.SuiteRunnerWorker.runSuite(SuiteRunnerWorker.java:52)
	at org.testng.SuiteRunnerWorker.run(SuiteRunnerWorker.java:95)
	at org.testng.TestNG.runSuitesSequentially(TestNG.java:1280)
	at org.testng.TestNG.runSuitesLocally(TestNG.java:1200)
	at org.testng.TestNG.runSuites(TestNG.java:1114)
	at org.testng.TestNG.run(TestNG.java:1082)
	at org.apache.maven.surefire.testng.TestNGExecutor.run(TestNGExecutor.java:308)
	at org.apache.maven.surefire.testng.TestNGXmlTestSuite.execute(TestNGXmlTestSuite.java:71)
	at org.apache.maven.surefire.testng.TestNGProvider.invoke(TestNGProvider.java:113)
	at org.apache.maven.surefire.booter.ForkedBooter.runSuitesInProcess(ForkedBooter.java:385)
	at org.apache.maven.surefire.booter.ForkedBooter.execute(ForkedBooter.java:162)
	at org.apache.maven.surefire.booter.ForkedBooter.run(ForkedBooter.java:507)
	at org.apache.maven.surefire.booter.ForkedBooter.main(ForkedBooter.java:495)
</pre></div></td>
<td>10</td>
<td>TestCases.LoanTenureCalculatorUICheck@368f2016</td></tr>
</table><p>
<table width='100%' border='1' class='invocation-passed'>
<tr><td colspan='4' align='center'><b>PASSED TESTS</b></td></tr>
<tr><td><b>Test method</b></td>
<td><b>Attribute(s)</b></td>
<td width="30%"><b>Exception</b></td>
<td width="10%"><b>Time (seconds)</b></td>
<td><b>Instance</b></td>
</tr>
<tr>
<td title='TestCases.LoanTenureCalculatorUICheck.calculatorsDropDownValidationFromHomeLoan()'><b>calculatorsDropDownValidationFromHomeLoan</b><br>Test class: TestCases.LoanTenureCalculatorUICheck</td>
<td></td>
<td>0</td>
<td>TestCases.LoanTenureCalculatorUICheck@368f2016</td></tr>
<tr>
<td title='TestCases.LoanTenureCalculatorUICheck.validateEmiCalculatorLoanTenureInputFieldByPassingValue()'><b>validateEmiCalculatorLoanTenureInputFieldByPassingValue</b><br>Test class: TestCases.LoanTenureCalculatorUICheck<br>Parameters: 50,00,000, 12.5, 15.0, 75000.0</td>
<td></td>
<td>0</td>
<td>TestCases.LoanTenureCalculatorUICheck@368f2016</td></tr>
<tr>
<td title='TestCases.LoanTenureCalculatorUICheck.verifyEmiCalculatorLoanChargesInputFieldPresence()'><b>verifyEmiCalculatorLoanChargesInputFieldPresence</b><br>Test class: TestCases.LoanTenureCalculatorUICheck</td>
<td></td>
<td>0</td>
<td>TestCases.LoanTenureCalculatorUICheck@368f2016</td></tr>
<tr>
<td title='TestCases.LoanTenureCalculatorUICheck.validateLoanAmountLoanTenureMonthButton()'><b>validateLoanAmountLoanTenureMonthButton</b><br>Test class: TestCases.LoanTenureCalculatorUICheck</td>
<td></td>
<td>3</td>
<td>TestCases.LoanTenureCalculatorUICheck@368f2016</td></tr>
<tr>
<td title='TestCases.LoanTenureCalculatorUICheck.validateLoanAmountCalculatorLink()'><b>validateLoanAmountCalculatorLink</b><br>Test class: TestCases.LoanTenureCalculatorUICheck</td>
<td></td>
<td>0</td>
<td>TestCases.LoanTenureCalculatorUICheck@368f2016</td></tr>
<tr>
<td title='TestCases.LoanTenureCalculatorUICheck.validateLoanTenureInterestRateInputFieldByPassingValue()'><b>validateLoanTenureInterestRateInputFieldByPassingValue</b><br>Test class: TestCases.LoanTenureCalculatorUICheck<br>Parameters: 75,00,000, 10.0, 50000.0</td>
<td></td>
<td>0</td>
<td>TestCases.LoanTenureCalculatorUICheck@368f2016</td></tr>
<tr>
<td title='TestCases.LoanTenureCalculatorUICheck.validateEmiCalculatorLoanTenureMonthButton()'><b>validateEmiCalculatorLoanTenureMonthButton</b><br>Test class: TestCases.LoanTenureCalculatorUICheck</td>
<td></td>
<td>3</td>
<td>TestCases.LoanTenureCalculatorUICheck@368f2016</td></tr>
<tr>
<td title='TestCases.LoanTenureCalculatorUICheck.verifyLoanTenureEmiInputFieldPresence()'><b>verifyLoanTenureEmiInputFieldPresence</b><br>Test class: TestCases.LoanTenureCalculatorUICheck</td>
<td></td>
<td>0</td>
<td>TestCases.LoanTenureCalculatorUICheck@368f2016</td></tr>
<tr>
<td title='TestCases.LoanTenureCalculatorUICheck.verifyLoanAmountLoanChargesInputFieldPresence()'><b>verifyLoanAmountLoanChargesInputFieldPresence</b><br>Test class: TestCases.LoanTenureCalculatorUICheck</td>
<td></td>
<td>0</td>
<td>TestCases.LoanTenureCalculatorUICheck@368f2016</td></tr>
<tr>
<td title='TestCases.LoanTenureCalculatorUICheck.verifyEmiCalculatorLoanAmountInputFieldPresence()'><b>verifyEmiCalculatorLoanAmountInputFieldPresence</b><br>Test class: TestCases.LoanTenureCalculatorUICheck</td>
<td></td>
<td>0</td>
<td>TestCases.LoanTenureCalculatorUICheck@368f2016</td></tr>
<tr>
<td title='TestCases.LoanTenureCalculatorUICheck.validateEmiCalculatorLoanChargesInputFieldByPassingValue()'><b>validateEmiCalculatorLoanChargesInputFieldByPassingValue</b><br>Test class: TestCases.LoanTenureCalculatorUICheck<br>Parameters: 50,00,000, 12.5, 15.0, 75000.0</td>
<td></td>
<td>0</td>
<td>TestCases.LoanTenureCalculatorUICheck@368f2016</td></tr>
<tr>
<td title='TestCases.LoanTenureCalculatorUICheck.validateLoanAmountInterestRateInputFieldByPassingValue()'><b>validateLoanAmountInterestRateInputFieldByPassingValue</b><br>Test class: TestCases.LoanTenureCalculatorUICheck<br>Parameters: 25000.0, 15.0, 120.0, 50000.0</td>
<td></td>
<td>0</td>
<td>TestCases.LoanTenureCalculatorUICheck@368f2016</td></tr>
<tr>
<td title='TestCases.LoanTenureCalculatorUICheck.validateEmiCalculatorInterestRateInputFieldByPassingValue()'><b>validateEmiCalculatorInterestRateInputFieldByPassingValue</b><br>Test class: TestCases.LoanTenureCalculatorUICheck<br>Parameters: 50,00,000, 12.5, 15.0, 75000.0</td>
<td></td>
<td>0</td>
<td>TestCases.LoanTenureCalculatorUICheck@368f2016</td></tr>
<tr>
<td title='TestCases.LoanTenureCalculatorUICheck.verifyLoanAmountTenureInputFieldPresence()'><b>verifyLoanAmountTenureInputFieldPresence</b><br>Test class: TestCases.LoanTenureCalculatorUICheck</td>
<td></td>
<td>0</td>
<td>TestCases.LoanTenureCalculatorUICheck@368f2016</td></tr>
<tr>
<td title='TestCases.LoanTenureCalculatorUICheck.validateEmiCalculatorLink()'><b>validateEmiCalculatorLink</b><br>Test class: TestCases.LoanTenureCalculatorUICheck</td>
<td></td>
<td>0</td>
<td>TestCases.LoanTenureCalculatorUICheck@368f2016</td></tr>
<tr>
<td title='TestCases.LoanTenureCalculatorUICheck.validateLoanTenureCalculatorLink()'><b>validateLoanTenureCalculatorLink</b><br>Test class: TestCases.LoanTenureCalculatorUICheck</td>
<td></td>
<td>0</td>
<td>TestCases.LoanTenureCalculatorUICheck@368f2016</td></tr>
<tr>
<td title='TestCases.LoanTenureCalculatorUICheck.verifyLoanTenuteLoanChargesInputFieldPresence()'><b>verifyLoanTenuteLoanChargesInputFieldPresence</b><br>Test class: TestCases.LoanTenureCalculatorUICheck</td>
<td></td>
<td>0</td>
<td>TestCases.LoanTenureCalculatorUICheck@368f2016</td></tr>
<tr>
<td title='TestCases.LoanTenureCalculatorUICheck.verifyLoanTenureInterestRateInputFieldPresence()'><b>verifyLoanTenureInterestRateInputFieldPresence</b><br>Test class: TestCases.LoanTenureCalculatorUICheck</td>
<td></td>
<td>0</td>
<td>TestCases.LoanTenureCalculatorUICheck@368f2016</td></tr>
<tr>
<td title='TestCases.LoanTenureCalculatorUICheck.validateEmiCalculatorLoanAmountInputFieldByPassingValue()'><b>validateEmiCalculatorLoanAmountInputFieldByPassingValue</b><br>Test class: TestCases.LoanTenureCalculatorUICheck<br>Parameters: 50,00,000, 12.5, 15.0, 75000.0</td>
<td></td>
<td>0</td>
<td>TestCases.LoanTenureCalculatorUICheck@368f2016</td></tr>
<tr>
<td title='TestCases.LoanTenureCalculatorUICheck.validateLoanTenureLoanAmountInputFieldByPassingValue()'><b>validateLoanTenureLoanAmountInputFieldByPassingValue</b><br>Test class: TestCases.LoanTenureCalculatorUICheck<br>Parameters: 75,00,000, 10.0, 50000.0</td>
<td></td>
<td>0</td>
<td>TestCases.LoanTenureCalculatorUICheck@368f2016</td></tr>
<tr>
<td title='TestCases.LoanTenureCalculatorUICheck.verifyEmiCalculatorLoanTenureInputFieldPresence()'><b>verifyEmiCalculatorLoanTenureInputFieldPresence</b><br>Test class: TestCases.LoanTenureCalculatorUICheck</td>
<td></td>
<td>0</td>
<td>TestCases.LoanTenureCalculatorUICheck@368f2016</td></tr>
<tr>
<td title='TestCases.LoanTenureCalculatorUICheck.verifyLoanTenureLoanAmountInputFieldPresence()'><b>verifyLoanTenureLoanAmountInputFieldPresence</b><br>Test class: TestCases.LoanTenureCalculatorUICheck</td>
<td></td>
<td>0</td>
<td>TestCases.LoanTenureCalculatorUICheck@368f2016</td></tr>
<tr>
<td title='TestCases.LoanTenureCalculatorUICheck.verifyEmiInputFieldByPassingValue()'><b>verifyEmiInputFieldByPassingValue</b><br>Test class: TestCases.LoanTenureCalculatorUICheck<br>Parameters: 25000.0, 15.0, 120.0, 50000.0</td>
<td></td>
<td>0</td>
<td>TestCases.LoanTenureCalculatorUICheck@368f2016</td></tr>
<tr>
<td title='TestCases.LoanTenureCalculatorUICheck.validateLoanAmountTenureInputFieldByPassingValue()'><b>validateLoanAmountTenureInputFieldByPassingValue</b><br>Test class: TestCases.LoanTenureCalculatorUICheck<br>Parameters: 25000.0, 15.0, 120.0, 50000.0</td>
<td></td>
<td>0</td>
<td>TestCases.LoanTenureCalculatorUICheck@368f2016</td></tr>
<tr>
<td title='TestCases.LoanTenureCalculatorUICheck.emiCalculatorPageValidation()'><b>emiCalculatorPageValidation</b><br>Test class: TestCases.LoanTenureCalculatorUICheck</td>
<td></td>
<td>1</td>
<td>TestCases.LoanTenureCalculatorUICheck@368f2016</td></tr>
<tr>
<td title='TestCases.LoanTenureCalculatorUICheck.verifyLoanAmountInterestRateInputFieldPresence()'><b>verifyLoanAmountInterestRateInputFieldPresence</b><br>Test class: TestCases.LoanTenureCalculatorUICheck</td>
<td></td>
<td>0</td>
<td>TestCases.LoanTenureCalculatorUICheck@368f2016</td></tr>
<tr>
<td title='TestCases.LoanTenureCalculatorUICheck.validateLoanTenureLoanChargesInputFieldByValue()'><b>validateLoanTenureLoanChargesInputFieldByValue</b><br>Test class: TestCases.LoanTenureCalculatorUICheck<br>Parameters: 75,00,000, 10.0, 50000.0</td>
<td></td>
<td>0</td>
<td>TestCases.LoanTenureCalculatorUICheck@368f2016</td></tr>
<tr>
<td title='TestCases.LoanTenureCalculatorUICheck.verifyEmiInputFieldPresence()'><b>verifyEmiInputFieldPresence</b><br>Test class: TestCases.LoanTenureCalculatorUICheck</td>
<td></td>
<td>0</td>
<td>TestCases.LoanTenureCalculatorUICheck@368f2016</td></tr>
<tr>
<td title='TestCases.LoanTenureCalculatorUICheck.validateLoanAmountLoanChargesInputFieldByPassingValue()'><b>validateLoanAmountLoanChargesInputFieldByPassingValue</b><br>Test class: TestCases.LoanTenureCalculatorUICheck<br>Parameters: 25000.0, 15.0, 120.0, 50000.0</td>
<td></td>
<td>0</td>
<td>TestCases.LoanTenureCalculatorUICheck@368f2016</td></tr>
<tr>
<td title='TestCases.LoanTenureCalculatorUICheck.verifyEmiCalculatorInterestRateInputFieldPresence()'><b>verifyEmiCalculatorInterestRateInputFieldPresence</b><br>Test class: TestCases.LoanTenureCalculatorUICheck</td>
<td></td>
<td>0</td>
<td>TestCases.LoanTenureCalculatorUICheck@368f2016</td></tr>
</table><p>
<table width='100%' border='1' class='invocation-skipped'>
<tr><td colspan='4' align='center'><b>SKIPPED TESTS</b></td></tr>
<tr><td><b>Test method</b></td>
<td><b>Attribute(s)</b></td>
<td width="30%"><b>Exception</b></td>
<td width="10%"><b>Time (seconds)</b></td>
<td><b>Instance</b></td>
</tr>
<tr>
<td title='TestCases.LoanTenureCalculatorUICheck.readData()'><b>readData</b><br>Test class: TestCases.LoanTenureCalculatorUICheck</td>
<td><div><pre>java.lang.Throwable: Method TestCases.CarLoanEMI.readData() on instance TestCases.LoanTenureCalculatorUICheck@368f2016 depends on not successfully finished methods 
[TestCases.CarLoanEMI.clickOnCarLoanLink() on instance TestCases.LoanTenureCalculatorUICheck@368f2016]
	at java.base/java.util.ArrayList.forEach(ArrayList.java:1511)
... Removed 22 stack frames</pre></div><a href='#' onClick='toggleBox("stack-trace678654833", this, "Click to show all stack frames", "Click to hide stack frames")'>Click to show all stack frames</a>
<div class='stack-trace' id='stack-trace678654833'><pre>java.lang.Throwable: Method TestCases.CarLoanEMI.readData() on instance TestCases.LoanTenureCalculatorUICheck@368f2016 depends on not successfully finished methods 
[TestCases.CarLoanEMI.clickOnCarLoanLink() on instance TestCases.LoanTenureCalculatorUICheck@368f2016]
	at org.testng.internal.invokers.TestInvoker.invokeTestMethods(TestInvoker.java:156)
	at org.testng.internal.invokers.TestMethodWorker.invokeTestMethods(TestMethodWorker.java:148)
	at org.testng.internal.invokers.TestMethodWorker.run(TestMethodWorker.java:128)
	at java.base/java.util.ArrayList.forEach(ArrayList.java:1511)
	at org.testng.TestRunner.privateRun(TestRunner.java:848)
	at org.testng.TestRunner.run(TestRunner.java:621)
	at org.testng.SuiteRunner.runTest(SuiteRunner.java:443)
	at org.testng.SuiteRunner.runSequentially(SuiteRunner.java:437)
	at org.testng.SuiteRunner.privateRun(SuiteRunner.java:397)
	at org.testng.SuiteRunner.run(SuiteRunner.java:336)
	at org.testng.SuiteRunnerWorker.runSuite(SuiteRunnerWorker.java:52)
	at org.testng.SuiteRunnerWorker.run(SuiteRunnerWorker.java:95)
	at org.testng.TestNG.runSuitesSequentially(TestNG.java:1280)
	at org.testng.TestNG.runSuitesLocally(TestNG.java:1200)
	at org.testng.TestNG.runSuites(TestNG.java:1114)
	at org.testng.TestNG.run(TestNG.java:1082)
	at org.apache.maven.surefire.testng.TestNGExecutor.run(TestNGExecutor.java:308)
	at org.apache.maven.surefire.testng.TestNGXmlTestSuite.execute(TestNGXmlTestSuite.java:71)
	at org.apache.maven.surefire.testng.TestNGProvider.invoke(TestNGProvider.java:113)
	at org.apache.maven.surefire.booter.ForkedBooter.runSuitesInProcess(ForkedBooter.java:385)
	at org.apache.maven.surefire.booter.ForkedBooter.execute(ForkedBooter.java:162)
	at org.apache.maven.surefire.booter.ForkedBooter.run(ForkedBooter.java:507)
	at org.apache.maven.surefire.booter.ForkedBooter.main(ForkedBooter.java:495)
</pre></div></td>
<td>0</td>
<td>TestCases.LoanTenureCalculatorUICheck@368f2016</td></tr>
<tr>
<td title='TestCases.LoanTenureCalculatorUICheck.validateLoanInsuranceInputField()'><b>validateLoanInsuranceInputField</b><br>Test class: TestCases.LoanTenureCalculatorUICheck</td>
<td><div><pre>java.lang.Throwable: Method TestCases.HomeLoanEMI.validateLoanInsuranceInputField() on instance TestCases.LoanTenureCalculatorUICheck@368f2016 depends on not successfully finished methods 
[TestCases.HomeLoanEMI.homeLoanEmiCalculatorValidation() on instance TestCases.LoanTenureCalculatorUICheck@368f2016
TestCases.HomeLoanEMI.calculatorsDropDownValidation() on instance TestCases.LoanTenureCalculatorUICheck@368f2016]
	at java.base/java.util.ArrayList.forEach(ArrayList.java:1511)
... Removed 22 stack frames</pre></div><a href='#' onClick='toggleBox("stack-trace1349872758", this, "Click to show all stack frames", "Click to hide stack frames")'>Click to show all stack frames</a>
<div class='stack-trace' id='stack-trace1349872758'><pre>java.lang.Throwable: Method TestCases.HomeLoanEMI.validateLoanInsuranceInputField() on instance TestCases.LoanTenureCalculatorUICheck@368f2016 depends on not successfully finished methods 
[TestCases.HomeLoanEMI.homeLoanEmiCalculatorValidation() on instance TestCases.LoanTenureCalculatorUICheck@368f2016
TestCases.HomeLoanEMI.calculatorsDropDownValidation() on instance TestCases.LoanTenureCalculatorUICheck@368f2016]
	at org.testng.internal.invokers.TestInvoker.invokeTestMethods(TestInvoker.java:156)
	at org.testng.internal.invokers.TestMethodWorker.invokeTestMethods(TestMethodWorker.java:148)
	at org.testng.internal.invokers.TestMethodWorker.run(TestMethodWorker.java:128)
	at java.base/java.util.ArrayList.forEach(ArrayList.java:1511)
	at org.testng.TestRunner.privateRun(TestRunner.java:848)
	at org.testng.TestRunner.run(TestRunner.java:621)
	at org.testng.SuiteRunner.runTest(SuiteRunner.java:443)
	at org.testng.SuiteRunner.runSequentially(SuiteRunner.java:437)
	at org.testng.SuiteRunner.privateRun(SuiteRunner.java:397)
	at org.testng.SuiteRunner.run(SuiteRunner.java:336)
	at org.testng.SuiteRunnerWorker.runSuite(SuiteRunnerWorker.java:52)
	at org.testng.SuiteRunnerWorker.run(SuiteRunnerWorker.java:95)
	at org.testng.TestNG.runSuitesSequentially(TestNG.java:1280)
	at org.testng.TestNG.runSuitesLocally(TestNG.java:1200)
	at org.testng.TestNG.runSuites(TestNG.java:1114)
	at org.testng.TestNG.run(TestNG.java:1082)
	at org.apache.maven.surefire.testng.TestNGExecutor.run(TestNGExecutor.java:308)
	at org.apache.maven.surefire.testng.TestNGXmlTestSuite.execute(TestNGXmlTestSuite.java:71)
	at org.apache.maven.surefire.testng.TestNGProvider.invoke(TestNGProvider.java:113)
	at org.apache.maven.surefire.booter.ForkedBooter.runSuitesInProcess(ForkedBooter.java:385)
	at org.apache.maven.surefire.booter.ForkedBooter.execute(ForkedBooter.java:162)
	at org.apache.maven.surefire.booter.ForkedBooter.run(ForkedBooter.java:507)
	at org.apache.maven.surefire.booter.ForkedBooter.main(ForkedBooter.java:495)
</pre></div></td>
<td>0</td>
<td>TestCases.LoanTenureCalculatorUICheck@368f2016</td></tr>
<tr>
<td title='TestCases.LoanTenureCalculatorUICheck.validatePropertyTaxesPerYearInputField()'><b>validatePropertyTaxesPerYearInputField</b><br>Test class: TestCases.LoanTenureCalculatorUICheck</td>
<td><div><pre>java.lang.Throwable: Method TestCases.HomeLoanEMI.validatePropertyTaxesPerYearInputField() on instance TestCases.LoanTenureCalculatorUICheck@368f2016 depends on not successfully finished methods 
[TestCases.HomeLoanEMI.homeLoanEmiCalculatorValidation() on instance TestCases.LoanTenureCalculatorUICheck@368f2016
TestCases.HomeLoanEMI.calculatorsDropDownValidation() on instance TestCases.LoanTenureCalculatorUICheck@368f2016]
	at java.base/java.util.ArrayList.forEach(ArrayList.java:1511)
... Removed 22 stack frames</pre></div><a href='#' onClick='toggleBox("stack-trace1799521220", this, "Click to show all stack frames", "Click to hide stack frames")'>Click to show all stack frames</a>
<div class='stack-trace' id='stack-trace1799521220'><pre>java.lang.Throwable: Method TestCases.HomeLoanEMI.validatePropertyTaxesPerYearInputField() on instance TestCases.LoanTenureCalculatorUICheck@368f2016 depends on not successfully finished methods 
[TestCases.HomeLoanEMI.homeLoanEmiCalculatorValidation() on instance TestCases.LoanTenureCalculatorUICheck@368f2016
TestCases.HomeLoanEMI.calculatorsDropDownValidation() on instance TestCases.LoanTenureCalculatorUICheck@368f2016]
	at org.testng.internal.invokers.TestInvoker.invokeTestMethods(TestInvoker.java:156)
	at org.testng.internal.invokers.TestMethodWorker.invokeTestMethods(TestMethodWorker.java:148)
	at org.testng.internal.invokers.TestMethodWorker.run(TestMethodWorker.java:128)
	at java.base/java.util.ArrayList.forEach(ArrayList.java:1511)
	at org.testng.TestRunner.privateRun(TestRunner.java:848)
	at org.testng.TestRunner.run(TestRunner.java:621)
	at org.testng.SuiteRunner.runTest(SuiteRunner.java:443)
	at org.testng.SuiteRunner.runSequentially(SuiteRunner.java:437)
	at org.testng.SuiteRunner.privateRun(SuiteRunner.java:397)
	at org.testng.SuiteRunner.run(SuiteRunner.java:336)
	at org.testng.SuiteRunnerWorker.runSuite(SuiteRunnerWorker.java:52)
	at org.testng.SuiteRunnerWorker.run(SuiteRunnerWorker.java:95)
	at org.testng.TestNG.runSuitesSequentially(TestNG.java:1280)
	at org.testng.TestNG.runSuitesLocally(TestNG.java:1200)
	at org.testng.TestNG.runSuites(TestNG.java:1114)
	at org.testng.TestNG.run(TestNG.java:1082)
	at org.apache.maven.surefire.testng.TestNGExecutor.run(TestNGExecutor.java:308)
	at org.apache.maven.surefire.testng.TestNGXmlTestSuite.execute(TestNGXmlTestSuite.java:71)
	at org.apache.maven.surefire.testng.TestNGProvider.invoke(TestNGProvider.java:113)
	at org.apache.maven.surefire.booter.ForkedBooter.runSuitesInProcess(ForkedBooter.java:385)
	at org.apache.maven.surefire.booter.ForkedBooter.execute(ForkedBooter.java:162)
	at org.apache.maven.surefire.booter.ForkedBooter.run(ForkedBooter.java:507)
	at org.apache.maven.surefire.booter.ForkedBooter.main(ForkedBooter.java:495)
</pre></div></td>
<td>0</td>
<td>TestCases.LoanTenureCalculatorUICheck@368f2016</td></tr>
<tr>
<td title='TestCases.LoanTenureCalculatorUICheck.validateHomeInsurancePerYearRupeesButton()'><b>validateHomeInsurancePerYearRupeesButton</b><br>Test class: TestCases.LoanTenureCalculatorUICheck</td>
<td><div><pre>java.lang.Throwable: Method TestCases.HomeLoanEMI.validateHomeInsurancePerYearRupeesButton() on instance TestCases.LoanTenureCalculatorUICheck@368f2016 depends on not successfully finished methods 
[TestCases.HomeLoanEMI.homeLoanEmiCalculatorValidation() on instance TestCases.LoanTenureCalculatorUICheck@368f2016
TestCases.HomeLoanEMI.calculatorsDropDownValidation() on instance TestCases.LoanTenureCalculatorUICheck@368f2016]
	at java.base/java.util.ArrayList.forEach(ArrayList.java:1511)
... Removed 22 stack frames</pre></div><a href='#' onClick='toggleBox("stack-trace2125346660", this, "Click to show all stack frames", "Click to hide stack frames")'>Click to show all stack frames</a>
<div class='stack-trace' id='stack-trace2125346660'><pre>java.lang.Throwable: Method TestCases.HomeLoanEMI.validateHomeInsurancePerYearRupeesButton() on instance TestCases.LoanTenureCalculatorUICheck@368f2016 depends on not successfully finished methods 
[TestCases.HomeLoanEMI.homeLoanEmiCalculatorValidation() on instance TestCases.LoanTenureCalculatorUICheck@368f2016
TestCases.HomeLoanEMI.calculatorsDropDownValidation() on instance TestCases.LoanTenureCalculatorUICheck@368f2016]
	at org.testng.internal.invokers.TestInvoker.invokeTestMethods(TestInvoker.java:156)
	at org.testng.internal.invokers.TestMethodWorker.invokeTestMethods(TestMethodWorker.java:148)
	at org.testng.internal.invokers.TestMethodWorker.run(TestMethodWorker.java:128)
	at java.base/java.util.ArrayList.forEach(ArrayList.java:1511)
	at org.testng.TestRunner.privateRun(TestRunner.java:848)
	at org.testng.TestRunner.run(TestRunner.java:621)
	at org.testng.SuiteRunner.runTest(SuiteRunner.java:443)
	at org.testng.SuiteRunner.runSequentially(SuiteRunner.java:437)
	at org.testng.SuiteRunner.privateRun(SuiteRunner.java:397)
	at org.testng.SuiteRunner.run(SuiteRunner.java:336)
	at org.testng.SuiteRunnerWorker.runSuite(SuiteRunnerWorker.java:52)
	at org.testng.SuiteRunnerWorker.run(SuiteRunnerWorker.java:95)
	at org.testng.TestNG.runSuitesSequentially(TestNG.java:1280)
	at org.testng.TestNG.runSuitesLocally(TestNG.java:1200)
	at org.testng.TestNG.runSuites(TestNG.java:1114)
	at org.testng.TestNG.run(TestNG.java:1082)
	at org.apache.maven.surefire.testng.TestNGExecutor.run(TestNGExecutor.java:308)
	at org.apache.maven.surefire.testng.TestNGXmlTestSuite.execute(TestNGXmlTestSuite.java:71)
	at org.apache.maven.surefire.testng.TestNGProvider.invoke(TestNGProvider.java:113)
	at org.apache.maven.surefire.booter.ForkedBooter.runSuitesInProcess(ForkedBooter.java:385)
	at org.apache.maven.surefire.booter.ForkedBooter.execute(ForkedBooter.java:162)
	at org.apache.maven.surefire.booter.ForkedBooter.run(ForkedBooter.java:507)
	at org.apache.maven.surefire.booter.ForkedBooter.main(ForkedBooter.java:495)
</pre></div></td>
<td>0</td>
<td>TestCases.LoanTenureCalculatorUICheck@368f2016</td></tr>
<tr>
<td title='TestCases.LoanTenureCalculatorUICheck.setCarAmount()'><b>setCarAmount</b><br>Test class: TestCases.LoanTenureCalculatorUICheck</td>
<td><div><pre>java.lang.Throwable: Method TestCases.CarLoanEMI.setCarAmount() on instance TestCases.LoanTenureCalculatorUICheck@368f2016 depends on not successfully finished methods 
[TestCases.CarLoanEMI.clickOnCarLoanLink() on instance TestCases.LoanTenureCalculatorUICheck@368f2016]
	at java.base/java.util.ArrayList.forEach(ArrayList.java:1511)
... Removed 22 stack frames</pre></div><a href='#' onClick='toggleBox("stack-trace541248718", this, "Click to show all stack frames", "Click to hide stack frames")'>Click to show all stack frames</a>
<div class='stack-trace' id='stack-trace541248718'><pre>java.lang.Throwable: Method TestCases.CarLoanEMI.setCarAmount() on instance TestCases.LoanTenureCalculatorUICheck@368f2016 depends on not successfully finished methods 
[TestCases.CarLoanEMI.clickOnCarLoanLink() on instance TestCases.LoanTenureCalculatorUICheck@368f2016]
	at org.testng.internal.invokers.TestInvoker.invokeTestMethods(TestInvoker.java:156)
	at org.testng.internal.invokers.TestMethodWorker.invokeTestMethods(TestMethodWorker.java:148)
	at org.testng.internal.invokers.TestMethodWorker.run(TestMethodWorker.java:128)
	at java.base/java.util.ArrayList.forEach(ArrayList.java:1511)
	at org.testng.TestRunner.privateRun(TestRunner.java:848)
	at org.testng.TestRunner.run(TestRunner.java:621)
	at org.testng.SuiteRunner.runTest(SuiteRunner.java:443)
	at org.testng.SuiteRunner.runSequentially(SuiteRunner.java:437)
	at org.testng.SuiteRunner.privateRun(SuiteRunner.java:397)
	at org.testng.SuiteRunner.run(SuiteRunner.java:336)
	at org.testng.SuiteRunnerWorker.runSuite(SuiteRunnerWorker.java:52)
	at org.testng.SuiteRunnerWorker.run(SuiteRunnerWorker.java:95)
	at org.testng.TestNG.runSuitesSequentially(TestNG.java:1280)
	at org.testng.TestNG.runSuitesLocally(TestNG.java:1200)
	at org.testng.TestNG.runSuites(TestNG.java:1114)
	at org.testng.TestNG.run(TestNG.java:1082)
	at org.apache.maven.surefire.testng.TestNGExecutor.run(TestNGExecutor.java:308)
	at org.apache.maven.surefire.testng.TestNGXmlTestSuite.execute(TestNGXmlTestSuite.java:71)
	at org.apache.maven.surefire.testng.TestNGProvider.invoke(TestNGProvider.java:113)
	at org.apache.maven.surefire.booter.ForkedBooter.runSuitesInProcess(ForkedBooter.java:385)
	at org.apache.maven.surefire.booter.ForkedBooter.execute(ForkedBooter.java:162)
	at org.apache.maven.surefire.booter.ForkedBooter.run(ForkedBooter.java:507)
	at org.apache.maven.surefire.booter.ForkedBooter.main(ForkedBooter.java:495)
</pre></div></td>
<td>0</td>
<td>TestCases.LoanTenureCalculatorUICheck@368f2016</td></tr>
<tr>
<td title='TestCases.LoanTenureCalculatorUICheck.validateLoanStartMonthAndYearInputField()'><b>validateLoanStartMonthAndYearInputField</b><br>Test class: TestCases.LoanTenureCalculatorUICheck</td>
<td><div><pre>java.lang.Throwable: Method TestCases.HomeLoanEMI.validateLoanStartMonthAndYearInputField() on instance TestCases.LoanTenureCalculatorUICheck@368f2016 depends on not successfully finished methods 
[TestCases.HomeLoanEMI.homeLoanEmiCalculatorValidation() on instance TestCases.LoanTenureCalculatorUICheck@368f2016
TestCases.HomeLoanEMI.calculatorsDropDownValidation() on instance TestCases.LoanTenureCalculatorUICheck@368f2016]
	at java.base/java.util.ArrayList.forEach(ArrayList.java:1511)
... Removed 22 stack frames</pre></div><a href='#' onClick='toggleBox("stack-trace1377212248", this, "Click to show all stack frames", "Click to hide stack frames")'>Click to show all stack frames</a>
<div class='stack-trace' id='stack-trace1377212248'><pre>java.lang.Throwable: Method TestCases.HomeLoanEMI.validateLoanStartMonthAndYearInputField() on instance TestCases.LoanTenureCalculatorUICheck@368f2016 depends on not successfully finished methods 
[TestCases.HomeLoanEMI.homeLoanEmiCalculatorValidation() on instance TestCases.LoanTenureCalculatorUICheck@368f2016
TestCases.HomeLoanEMI.calculatorsDropDownValidation() on instance TestCases.LoanTenureCalculatorUICheck@368f2016]
	at org.testng.internal.invokers.TestInvoker.invokeTestMethods(TestInvoker.java:156)
	at org.testng.internal.invokers.TestMethodWorker.invokeTestMethods(TestMethodWorker.java:148)
	at org.testng.internal.invokers.TestMethodWorker.run(TestMethodWorker.java:128)
	at java.base/java.util.ArrayList.forEach(ArrayList.java:1511)
	at org.testng.TestRunner.privateRun(TestRunner.java:848)
	at org.testng.TestRunner.run(TestRunner.java:621)
	at org.testng.SuiteRunner.runTest(SuiteRunner.java:443)
	at org.testng.SuiteRunner.runSequentially(SuiteRunner.java:437)
	at org.testng.SuiteRunner.privateRun(SuiteRunner.java:397)
	at org.testng.SuiteRunner.run(SuiteRunner.java:336)
	at org.testng.SuiteRunnerWorker.runSuite(SuiteRunnerWorker.java:52)
	at org.testng.SuiteRunnerWorker.run(SuiteRunnerWorker.java:95)
	at org.testng.TestNG.runSuitesSequentially(TestNG.java:1280)
	at org.testng.TestNG.runSuitesLocally(TestNG.java:1200)
	at org.testng.TestNG.runSuites(TestNG.java:1114)
	at org.testng.TestNG.run(TestNG.java:1082)
	at org.apache.maven.surefire.testng.TestNGExecutor.run(TestNGExecutor.java:308)
	at org.apache.maven.surefire.testng.TestNGXmlTestSuite.execute(TestNGXmlTestSuite.java:71)
	at org.apache.maven.surefire.testng.TestNGProvider.invoke(TestNGProvider.java:113)
	at org.apache.maven.surefire.booter.ForkedBooter.runSuitesInProcess(ForkedBooter.java:385)
	at org.apache.maven.surefire.booter.ForkedBooter.execute(ForkedBooter.java:162)
	at org.apache.maven.surefire.booter.ForkedBooter.run(ForkedBooter.java:507)
	at org.apache.maven.surefire.booter.ForkedBooter.main(ForkedBooter.java:495)
</pre></div></td>
<td>0</td>
<td>TestCases.LoanTenureCalculatorUICheck@368f2016</td></tr>
<tr>
<td title='TestCases.LoanTenureCalculatorUICheck.printAllTheData()'><b>printAllTheData</b><br>Test class: TestCases.LoanTenureCalculatorUICheck</td>
<td><div><pre>java.lang.Throwable: Method TestCases.HomeLoanEMI.printAllTheData() on instance TestCases.LoanTenureCalculatorUICheck@368f2016 depends on not successfully finished methods 
[TestCases.HomeLoanEMI.homeLoanEmiCalculatorValidation() on instance TestCases.LoanTenureCalculatorUICheck@368f2016
TestCases.HomeLoanEMI.calculatorsDropDownValidation() on instance TestCases.LoanTenureCalculatorUICheck@368f2016]
	at java.base/java.util.ArrayList.forEach(ArrayList.java:1511)
... Removed 22 stack frames</pre></div><a href='#' onClick='toggleBox("stack-trace1332121385", this, "Click to show all stack frames", "Click to hide stack frames")'>Click to show all stack frames</a>
<div class='stack-trace' id='stack-trace1332121385'><pre>java.lang.Throwable: Method TestCases.HomeLoanEMI.printAllTheData() on instance TestCases.LoanTenureCalculatorUICheck@368f2016 depends on not successfully finished methods 
[TestCases.HomeLoanEMI.homeLoanEmiCalculatorValidation() on instance TestCases.LoanTenureCalculatorUICheck@368f2016
TestCases.HomeLoanEMI.calculatorsDropDownValidation() on instance TestCases.LoanTenureCalculatorUICheck@368f2016]
	at org.testng.internal.invokers.TestInvoker.invokeTestMethods(TestInvoker.java:156)
	at org.testng.internal.invokers.TestMethodWorker.invokeTestMethods(TestMethodWorker.java:148)
	at org.testng.internal.invokers.TestMethodWorker.run(TestMethodWorker.java:128)
	at java.base/java.util.ArrayList.forEach(ArrayList.java:1511)
	at org.testng.TestRunner.privateRun(TestRunner.java:848)
	at org.testng.TestRunner.run(TestRunner.java:621)
	at org.testng.SuiteRunner.runTest(SuiteRunner.java:443)
	at org.testng.SuiteRunner.runSequentially(SuiteRunner.java:437)
	at org.testng.SuiteRunner.privateRun(SuiteRunner.java:397)
	at org.testng.SuiteRunner.run(SuiteRunner.java:336)
	at org.testng.SuiteRunnerWorker.runSuite(SuiteRunnerWorker.java:52)
	at org.testng.SuiteRunnerWorker.run(SuiteRunnerWorker.java:95)
	at org.testng.TestNG.runSuitesSequentially(TestNG.java:1280)
	at org.testng.TestNG.runSuitesLocally(TestNG.java:1200)
	at org.testng.TestNG.runSuites(TestNG.java:1114)
	at org.testng.TestNG.run(TestNG.java:1082)
	at org.apache.maven.surefire.testng.TestNGExecutor.run(TestNGExecutor.java:308)
	at org.apache.maven.surefire.testng.TestNGXmlTestSuite.execute(TestNGXmlTestSuite.java:71)
	at org.apache.maven.surefire.testng.TestNGProvider.invoke(TestNGProvider.java:113)
	at org.apache.maven.surefire.booter.ForkedBooter.runSuitesInProcess(ForkedBooter.java:385)
	at org.apache.maven.surefire.booter.ForkedBooter.execute(ForkedBooter.java:162)
	at org.apache.maven.surefire.booter.ForkedBooter.run(ForkedBooter.java:507)
	at org.apache.maven.surefire.booter.ForkedBooter.main(ForkedBooter.java:495)
</pre></div></td>
<td>0</td>
<td>TestCases.LoanTenureCalculatorUICheck@368f2016</td></tr>
<tr>
<td title='TestCases.LoanTenureCalculatorUICheck.validateHomeInsurancePerYearInputField()'><b>validateHomeInsurancePerYearInputField</b><br>Test class: TestCases.LoanTenureCalculatorUICheck</td>
<td><div><pre>java.lang.Throwable: Method TestCases.HomeLoanEMI.validateHomeInsurancePerYearInputField() on instance TestCases.LoanTenureCalculatorUICheck@368f2016 depends on not successfully finished methods 
[TestCases.HomeLoanEMI.homeLoanEmiCalculatorValidation() on instance TestCases.LoanTenureCalculatorUICheck@368f2016
TestCases.HomeLoanEMI.calculatorsDropDownValidation() on instance TestCases.LoanTenureCalculatorUICheck@368f2016]
	at java.base/java.util.ArrayList.forEach(ArrayList.java:1511)
... Removed 22 stack frames</pre></div><a href='#' onClick='toggleBox("stack-trace1668004795", this, "Click to show all stack frames", "Click to hide stack frames")'>Click to show all stack frames</a>
<div class='stack-trace' id='stack-trace1668004795'><pre>java.lang.Throwable: Method TestCases.HomeLoanEMI.validateHomeInsurancePerYearInputField() on instance TestCases.LoanTenureCalculatorUICheck@368f2016 depends on not successfully finished methods 
[TestCases.HomeLoanEMI.homeLoanEmiCalculatorValidation() on instance TestCases.LoanTenureCalculatorUICheck@368f2016
TestCases.HomeLoanEMI.calculatorsDropDownValidation() on instance TestCases.LoanTenureCalculatorUICheck@368f2016]
	at org.testng.internal.invokers.TestInvoker.invokeTestMethods(TestInvoker.java:156)
	at org.testng.internal.invokers.TestMethodWorker.invokeTestMethods(TestMethodWorker.java:148)
	at org.testng.internal.invokers.TestMethodWorker.run(TestMethodWorker.java:128)
	at java.base/java.util.ArrayList.forEach(ArrayList.java:1511)
	at org.testng.TestRunner.privateRun(TestRunner.java:848)
	at org.testng.TestRunner.run(TestRunner.java:621)
	at org.testng.SuiteRunner.runTest(SuiteRunner.java:443)
	at org.testng.SuiteRunner.runSequentially(SuiteRunner.java:437)
	at org.testng.SuiteRunner.privateRun(SuiteRunner.java:397)
	at org.testng.SuiteRunner.run(SuiteRunner.java:336)
	at org.testng.SuiteRunnerWorker.runSuite(SuiteRunnerWorker.java:52)
	at org.testng.SuiteRunnerWorker.run(SuiteRunnerWorker.java:95)
	at org.testng.TestNG.runSuitesSequentially(TestNG.java:1280)
	at org.testng.TestNG.runSuitesLocally(TestNG.java:1200)
	at org.testng.TestNG.runSuites(TestNG.java:1114)
	at org.testng.TestNG.run(TestNG.java:1082)
	at org.apache.maven.surefire.testng.TestNGExecutor.run(TestNGExecutor.java:308)
	at org.apache.maven.surefire.testng.TestNGXmlTestSuite.execute(TestNGXmlTestSuite.java:71)
	at org.apache.maven.surefire.testng.TestNGProvider.invoke(TestNGProvider.java:113)
	at org.apache.maven.surefire.booter.ForkedBooter.runSuitesInProcess(ForkedBooter.java:385)
	at org.apache.maven.surefire.booter.ForkedBooter.execute(ForkedBooter.java:162)
	at org.apache.maven.surefire.booter.ForkedBooter.run(ForkedBooter.java:507)
	at org.apache.maven.surefire.booter.ForkedBooter.main(ForkedBooter.java:495)
</pre></div></td>
<td>0</td>
<td>TestCases.LoanTenureCalculatorUICheck@368f2016</td></tr>
<tr>
<td title='TestCases.LoanTenureCalculatorUICheck.setInterestRate()'><b>setInterestRate</b><br>Test class: TestCases.LoanTenureCalculatorUICheck</td>
<td><div><pre>java.lang.Throwable: Method TestCases.CarLoanEMI.setInterestRate() on instance TestCases.LoanTenureCalculatorUICheck@368f2016 depends on not successfully finished methods 
[TestCases.CarLoanEMI.clickOnCarLoanLink() on instance TestCases.LoanTenureCalculatorUICheck@368f2016]
	at java.base/java.util.ArrayList.forEach(ArrayList.java:1511)
... Removed 22 stack frames</pre></div><a href='#' onClick='toggleBox("stack-trace1754087707", this, "Click to show all stack frames", "Click to hide stack frames")'>Click to show all stack frames</a>
<div class='stack-trace' id='stack-trace1754087707'><pre>java.lang.Throwable: Method TestCases.CarLoanEMI.setInterestRate() on instance TestCases.LoanTenureCalculatorUICheck@368f2016 depends on not successfully finished methods 
[TestCases.CarLoanEMI.clickOnCarLoanLink() on instance TestCases.LoanTenureCalculatorUICheck@368f2016]
	at org.testng.internal.invokers.TestInvoker.invokeTestMethods(TestInvoker.java:156)
	at org.testng.internal.invokers.TestMethodWorker.invokeTestMethods(TestMethodWorker.java:148)
	at org.testng.internal.invokers.TestMethodWorker.run(TestMethodWorker.java:128)
	at java.base/java.util.ArrayList.forEach(ArrayList.java:1511)
	at org.testng.TestRunner.privateRun(TestRunner.java:848)
	at org.testng.TestRunner.run(TestRunner.java:621)
	at org.testng.SuiteRunner.runTest(SuiteRunner.java:443)
	at org.testng.SuiteRunner.runSequentially(SuiteRunner.java:437)
	at org.testng.SuiteRunner.privateRun(SuiteRunner.java:397)
	at org.testng.SuiteRunner.run(SuiteRunner.java:336)
	at org.testng.SuiteRunnerWorker.runSuite(SuiteRunnerWorker.java:52)
	at org.testng.SuiteRunnerWorker.run(SuiteRunnerWorker.java:95)
	at org.testng.TestNG.runSuitesSequentially(TestNG.java:1280)
	at org.testng.TestNG.runSuitesLocally(TestNG.java:1200)
	at org.testng.TestNG.runSuites(TestNG.java:1114)
	at org.testng.TestNG.run(TestNG.java:1082)
	at org.apache.maven.surefire.testng.TestNGExecutor.run(TestNGExecutor.java:308)
	at org.apache.maven.surefire.testng.TestNGXmlTestSuite.execute(TestNGXmlTestSuite.java:71)
	at org.apache.maven.surefire.testng.TestNGProvider.invoke(TestNGProvider.java:113)
	at org.apache.maven.surefire.booter.ForkedBooter.runSuitesInProcess(ForkedBooter.java:385)
	at org.apache.maven.surefire.booter.ForkedBooter.execute(ForkedBooter.java:162)
	at org.apache.maven.surefire.booter.ForkedBooter.run(ForkedBooter.java:507)
	at org.apache.maven.surefire.booter.ForkedBooter.main(ForkedBooter.java:495)
</pre></div></td>
<td>0</td>
<td>TestCases.LoanTenureCalculatorUICheck@368f2016</td></tr>
<tr>
<td title='TestCases.LoanTenureCalculatorUICheck.validateLoanChargesInputField()'><b>validateLoanChargesInputField</b><br>Test class: TestCases.LoanTenureCalculatorUICheck</td>
<td><div><pre>java.lang.Throwable: Method TestCases.HomeLoanEMI.validateLoanChargesInputField() on instance TestCases.LoanTenureCalculatorUICheck@368f2016 depends on not successfully finished methods 
[TestCases.HomeLoanEMI.homeLoanEmiCalculatorValidation() on instance TestCases.LoanTenureCalculatorUICheck@368f2016
TestCases.HomeLoanEMI.calculatorsDropDownValidation() on instance TestCases.LoanTenureCalculatorUICheck@368f2016]
	at java.base/java.util.ArrayList.forEach(ArrayList.java:1511)
... Removed 22 stack frames</pre></div><a href='#' onClick='toggleBox("stack-trace480118726", this, "Click to show all stack frames", "Click to hide stack frames")'>Click to show all stack frames</a>
<div class='stack-trace' id='stack-trace480118726'><pre>java.lang.Throwable: Method TestCases.HomeLoanEMI.validateLoanChargesInputField() on instance TestCases.LoanTenureCalculatorUICheck@368f2016 depends on not successfully finished methods 
[TestCases.HomeLoanEMI.homeLoanEmiCalculatorValidation() on instance TestCases.LoanTenureCalculatorUICheck@368f2016
TestCases.HomeLoanEMI.calculatorsDropDownValidation() on instance TestCases.LoanTenureCalculatorUICheck@368f2016]
	at org.testng.internal.invokers.TestInvoker.invokeTestMethods(TestInvoker.java:156)
	at org.testng.internal.invokers.TestMethodWorker.invokeTestMethods(TestMethodWorker.java:148)
	at org.testng.internal.invokers.TestMethodWorker.run(TestMethodWorker.java:128)
	at java.base/java.util.ArrayList.forEach(ArrayList.java:1511)
	at org.testng.TestRunner.privateRun(TestRunner.java:848)
	at org.testng.TestRunner.run(TestRunner.java:621)
	at org.testng.SuiteRunner.runTest(SuiteRunner.java:443)
	at org.testng.SuiteRunner.runSequentially(SuiteRunner.java:437)
	at org.testng.SuiteRunner.privateRun(SuiteRunner.java:397)
	at org.testng.SuiteRunner.run(SuiteRunner.java:336)
	at org.testng.SuiteRunnerWorker.runSuite(SuiteRunnerWorker.java:52)
	at org.testng.SuiteRunnerWorker.run(SuiteRunnerWorker.java:95)
	at org.testng.TestNG.runSuitesSequentially(TestNG.java:1280)
	at org.testng.TestNG.runSuitesLocally(TestNG.java:1200)
	at org.testng.TestNG.runSuites(TestNG.java:1114)
	at org.testng.TestNG.run(TestNG.java:1082)
	at org.apache.maven.surefire.testng.TestNGExecutor.run(TestNGExecutor.java:308)
	at org.apache.maven.surefire.testng.TestNGXmlTestSuite.execute(TestNGXmlTestSuite.java:71)
	at org.apache.maven.surefire.testng.TestNGProvider.invoke(TestNGProvider.java:113)
	at org.apache.maven.surefire.booter.ForkedBooter.runSuitesInProcess(ForkedBooter.java:385)
	at org.apache.maven.surefire.booter.ForkedBooter.execute(ForkedBooter.java:162)
	at org.apache.maven.surefire.booter.ForkedBooter.run(ForkedBooter.java:507)
	at org.apache.maven.surefire.booter.ForkedBooter.main(ForkedBooter.java:495)
</pre></div></td>
<td>0</td>
<td>TestCases.LoanTenureCalculatorUICheck@368f2016</td></tr>
<tr>
<td title='TestCases.LoanTenureCalculatorUICheck.clickOnyear()'><b>clickOnyear</b><br>Test class: TestCases.LoanTenureCalculatorUICheck</td>
<td><div><pre>java.lang.Throwable: Method TestCases.CarLoanEMI.clickOnyear() on instance TestCases.LoanTenureCalculatorUICheck@368f2016 depends on not successfully finished methods 
[TestCases.CarLoanEMI.clickOnCarLoanLink() on instance TestCases.LoanTenureCalculatorUICheck@368f2016]
	at java.base/java.util.ArrayList.forEach(ArrayList.java:1511)
... Removed 22 stack frames</pre></div><a href='#' onClick='toggleBox("stack-trace140110402", this, "Click to show all stack frames", "Click to hide stack frames")'>Click to show all stack frames</a>
<div class='stack-trace' id='stack-trace140110402'><pre>java.lang.Throwable: Method TestCases.CarLoanEMI.clickOnyear() on instance TestCases.LoanTenureCalculatorUICheck@368f2016 depends on not successfully finished methods 
[TestCases.CarLoanEMI.clickOnCarLoanLink() on instance TestCases.LoanTenureCalculatorUICheck@368f2016]
	at org.testng.internal.invokers.TestInvoker.invokeTestMethods(TestInvoker.java:156)
	at org.testng.internal.invokers.TestMethodWorker.invokeTestMethods(TestMethodWorker.java:148)
	at org.testng.internal.invokers.TestMethodWorker.run(TestMethodWorker.java:128)
	at java.base/java.util.ArrayList.forEach(ArrayList.java:1511)
	at org.testng.TestRunner.privateRun(TestRunner.java:848)
	at org.testng.TestRunner.run(TestRunner.java:621)
	at org.testng.SuiteRunner.runTest(SuiteRunner.java:443)
	at org.testng.SuiteRunner.runSequentially(SuiteRunner.java:437)
	at org.testng.SuiteRunner.privateRun(SuiteRunner.java:397)
	at org.testng.SuiteRunner.run(SuiteRunner.java:336)
	at org.testng.SuiteRunnerWorker.runSuite(SuiteRunnerWorker.java:52)
	at org.testng.SuiteRunnerWorker.run(SuiteRunnerWorker.java:95)
	at org.testng.TestNG.runSuitesSequentially(TestNG.java:1280)
	at org.testng.TestNG.runSuitesLocally(TestNG.java:1200)
	at org.testng.TestNG.runSuites(TestNG.java:1114)
	at org.testng.TestNG.run(TestNG.java:1082)
	at org.apache.maven.surefire.testng.TestNGExecutor.run(TestNGExecutor.java:308)
	at org.apache.maven.surefire.testng.TestNGXmlTestSuite.execute(TestNGXmlTestSuite.java:71)
	at org.apache.maven.surefire.testng.TestNGProvider.invoke(TestNGProvider.java:113)
	at org.apache.maven.surefire.booter.ForkedBooter.runSuitesInProcess(ForkedBooter.java:385)
	at org.apache.maven.surefire.booter.ForkedBooter.execute(ForkedBooter.java:162)
	at org.apache.maven.surefire.booter.ForkedBooter.run(ForkedBooter.java:507)
	at org.apache.maven.surefire.booter.ForkedBooter.main(ForkedBooter.java:495)
</pre></div></td>
<td>0</td>
<td>TestCases.LoanTenureCalculatorUICheck@368f2016</td></tr>
<tr>
<td title='TestCases.LoanTenureCalculatorUICheck.validateMaintenanceExpensesPerMonthInputField()'><b>validateMaintenanceExpensesPerMonthInputField</b><br>Test class: TestCases.LoanTenureCalculatorUICheck</td>
<td><div><pre>java.lang.Throwable: Method TestCases.HomeLoanEMI.validateMaintenanceExpensesPerMonthInputField() on instance TestCases.LoanTenureCalculatorUICheck@368f2016 depends on not successfully finished methods 
[TestCases.HomeLoanEMI.homeLoanEmiCalculatorValidation() on instance TestCases.LoanTenureCalculatorUICheck@368f2016
TestCases.HomeLoanEMI.calculatorsDropDownValidation() on instance TestCases.LoanTenureCalculatorUICheck@368f2016]
	at java.base/java.util.ArrayList.forEach(ArrayList.java:1511)
... Removed 22 stack frames</pre></div><a href='#' onClick='toggleBox("stack-trace17680342", this, "Click to show all stack frames", "Click to hide stack frames")'>Click to show all stack frames</a>
<div class='stack-trace' id='stack-trace17680342'><pre>java.lang.Throwable: Method TestCases.HomeLoanEMI.validateMaintenanceExpensesPerMonthInputField() on instance TestCases.LoanTenureCalculatorUICheck@368f2016 depends on not successfully finished methods 
[TestCases.HomeLoanEMI.homeLoanEmiCalculatorValidation() on instance TestCases.LoanTenureCalculatorUICheck@368f2016
TestCases.HomeLoanEMI.calculatorsDropDownValidation() on instance TestCases.LoanTenureCalculatorUICheck@368f2016]
	at org.testng.internal.invokers.TestInvoker.invokeTestMethods(TestInvoker.java:156)
	at org.testng.internal.invokers.TestMethodWorker.invokeTestMethods(TestMethodWorker.java:148)
	at org.testng.internal.invokers.TestMethodWorker.run(TestMethodWorker.java:128)
	at java.base/java.util.ArrayList.forEach(ArrayList.java:1511)
	at org.testng.TestRunner.privateRun(TestRunner.java:848)
	at org.testng.TestRunner.run(TestRunner.java:621)
	at org.testng.SuiteRunner.runTest(SuiteRunner.java:443)
	at org.testng.SuiteRunner.runSequentially(SuiteRunner.java:437)
	at org.testng.SuiteRunner.privateRun(SuiteRunner.java:397)
	at org.testng.SuiteRunner.run(SuiteRunner.java:336)
	at org.testng.SuiteRunnerWorker.runSuite(SuiteRunnerWorker.java:52)
	at org.testng.SuiteRunnerWorker.run(SuiteRunnerWorker.java:95)
	at org.testng.TestNG.runSuitesSequentially(TestNG.java:1280)
	at org.testng.TestNG.runSuitesLocally(TestNG.java:1200)
	at org.testng.TestNG.runSuites(TestNG.java:1114)
	at org.testng.TestNG.run(TestNG.java:1082)
	at org.apache.maven.surefire.testng.TestNGExecutor.run(TestNGExecutor.java:308)
	at org.apache.maven.surefire.testng.TestNGXmlTestSuite.execute(TestNGXmlTestSuite.java:71)
	at org.apache.maven.surefire.testng.TestNGProvider.invoke(TestNGProvider.java:113)
	at org.apache.maven.surefire.booter.ForkedBooter.runSuitesInProcess(ForkedBooter.java:385)
	at org.apache.maven.surefire.booter.ForkedBooter.execute(ForkedBooter.java:162)
	at org.apache.maven.surefire.booter.ForkedBooter.run(ForkedBooter.java:507)
	at org.apache.maven.surefire.booter.ForkedBooter.main(ForkedBooter.java:495)
</pre></div></td>
<td>0</td>
<td>TestCases.LoanTenureCalculatorUICheck@368f2016</td></tr>
<tr>
<td title='TestCases.LoanTenureCalculatorUICheck.validateLoanTenureMonthsButton()'><b>validateLoanTenureMonthsButton</b><br>Test class: TestCases.LoanTenureCalculatorUICheck</td>
<td><div><pre>java.lang.Throwable: Method TestCases.HomeLoanEMI.validateLoanTenureMonthsButton() on instance TestCases.LoanTenureCalculatorUICheck@368f2016 depends on not successfully finished methods 
[TestCases.HomeLoanEMI.homeLoanEmiCalculatorValidation() on instance TestCases.LoanTenureCalculatorUICheck@368f2016
TestCases.HomeLoanEMI.calculatorsDropDownValidation() on instance TestCases.LoanTenureCalculatorUICheck@368f2016]
	at java.base/java.util.ArrayList.forEach(ArrayList.java:1511)
... Removed 22 stack frames</pre></div><a href='#' onClick='toggleBox("stack-trace1744032146", this, "Click to show all stack frames", "Click to hide stack frames")'>Click to show all stack frames</a>
<div class='stack-trace' id='stack-trace1744032146'><pre>java.lang.Throwable: Method TestCases.HomeLoanEMI.validateLoanTenureMonthsButton() on instance TestCases.LoanTenureCalculatorUICheck@368f2016 depends on not successfully finished methods 
[TestCases.HomeLoanEMI.homeLoanEmiCalculatorValidation() on instance TestCases.LoanTenureCalculatorUICheck@368f2016
TestCases.HomeLoanEMI.calculatorsDropDownValidation() on instance TestCases.LoanTenureCalculatorUICheck@368f2016]
	at org.testng.internal.invokers.TestInvoker.invokeTestMethods(TestInvoker.java:156)
	at org.testng.internal.invokers.TestMethodWorker.invokeTestMethods(TestMethodWorker.java:148)
	at org.testng.internal.invokers.TestMethodWorker.run(TestMethodWorker.java:128)
	at java.base/java.util.ArrayList.forEach(ArrayList.java:1511)
	at org.testng.TestRunner.privateRun(TestRunner.java:848)
	at org.testng.TestRunner.run(TestRunner.java:621)
	at org.testng.SuiteRunner.runTest(SuiteRunner.java:443)
	at org.testng.SuiteRunner.runSequentially(SuiteRunner.java:437)
	at org.testng.SuiteRunner.privateRun(SuiteRunner.java:397)
	at org.testng.SuiteRunner.run(SuiteRunner.java:336)
	at org.testng.SuiteRunnerWorker.runSuite(SuiteRunnerWorker.java:52)
	at org.testng.SuiteRunnerWorker.run(SuiteRunnerWorker.java:95)
	at org.testng.TestNG.runSuitesSequentially(TestNG.java:1280)
	at org.testng.TestNG.runSuitesLocally(TestNG.java:1200)
	at org.testng.TestNG.runSuites(TestNG.java:1114)
	at org.testng.TestNG.run(TestNG.java:1082)
	at org.apache.maven.surefire.testng.TestNGExecutor.run(TestNGExecutor.java:308)
	at org.apache.maven.surefire.testng.TestNGXmlTestSuite.execute(TestNGXmlTestSuite.java:71)
	at org.apache.maven.surefire.testng.TestNGProvider.invoke(TestNGProvider.java:113)
	at org.apache.maven.surefire.booter.ForkedBooter.runSuitesInProcess(ForkedBooter.java:385)
	at org.apache.maven.surefire.booter.ForkedBooter.execute(ForkedBooter.java:162)
	at org.apache.maven.surefire.booter.ForkedBooter.run(ForkedBooter.java:507)
	at org.apache.maven.surefire.booter.ForkedBooter.main(ForkedBooter.java:495)
</pre></div></td>
<td>0</td>
<td>TestCases.LoanTenureCalculatorUICheck@368f2016</td></tr>
<tr>
<td title='TestCases.LoanTenureCalculatorUICheck.validateOneTimeExpensesRupeesButton()'><b>validateOneTimeExpensesRupeesButton</b><br>Test class: TestCases.LoanTenureCalculatorUICheck</td>
<td><div><pre>java.lang.Throwable: Method TestCases.HomeLoanEMI.validateOneTimeExpensesRupeesButton() on instance TestCases.LoanTenureCalculatorUICheck@368f2016 depends on not successfully finished methods 
[TestCases.HomeLoanEMI.homeLoanEmiCalculatorValidation() on instance TestCases.LoanTenureCalculatorUICheck@368f2016
TestCases.HomeLoanEMI.calculatorsDropDownValidation() on instance TestCases.LoanTenureCalculatorUICheck@368f2016]
	at java.base/java.util.ArrayList.forEach(ArrayList.java:1511)
... Removed 22 stack frames</pre></div><a href='#' onClick='toggleBox("stack-trace1167792250", this, "Click to show all stack frames", "Click to hide stack frames")'>Click to show all stack frames</a>
<div class='stack-trace' id='stack-trace1167792250'><pre>java.lang.Throwable: Method TestCases.HomeLoanEMI.validateOneTimeExpensesRupeesButton() on instance TestCases.LoanTenureCalculatorUICheck@368f2016 depends on not successfully finished methods 
[TestCases.HomeLoanEMI.homeLoanEmiCalculatorValidation() on instance TestCases.LoanTenureCalculatorUICheck@368f2016
TestCases.HomeLoanEMI.calculatorsDropDownValidation() on instance TestCases.LoanTenureCalculatorUICheck@368f2016]
	at org.testng.internal.invokers.TestInvoker.invokeTestMethods(TestInvoker.java:156)
	at org.testng.internal.invokers.TestMethodWorker.invokeTestMethods(TestMethodWorker.java:148)
	at org.testng.internal.invokers.TestMethodWorker.run(TestMethodWorker.java:128)
	at java.base/java.util.ArrayList.forEach(ArrayList.java:1511)
	at org.testng.TestRunner.privateRun(TestRunner.java:848)
	at org.testng.TestRunner.run(TestRunner.java:621)
	at org.testng.SuiteRunner.runTest(SuiteRunner.java:443)
	at org.testng.SuiteRunner.runSequentially(SuiteRunner.java:437)
	at org.testng.SuiteRunner.privateRun(SuiteRunner.java:397)
	at org.testng.SuiteRunner.run(SuiteRunner.java:336)
	at org.testng.SuiteRunnerWorker.runSuite(SuiteRunnerWorker.java:52)
	at org.testng.SuiteRunnerWorker.run(SuiteRunnerWorker.java:95)
	at org.testng.TestNG.runSuitesSequentially(TestNG.java:1280)
	at org.testng.TestNG.runSuitesLocally(TestNG.java:1200)
	at org.testng.TestNG.runSuites(TestNG.java:1114)
	at org.testng.TestNG.run(TestNG.java:1082)
	at org.apache.maven.surefire.testng.TestNGExecutor.run(TestNGExecutor.java:308)
	at org.apache.maven.surefire.testng.TestNGXmlTestSuite.execute(TestNGXmlTestSuite.java:71)
	at org.apache.maven.surefire.testng.TestNGProvider.invoke(TestNGProvider.java:113)
	at org.apache.maven.surefire.booter.ForkedBooter.runSuitesInProcess(ForkedBooter.java:385)
	at org.apache.maven.surefire.booter.ForkedBooter.execute(ForkedBooter.java:162)
	at org.apache.maven.surefire.booter.ForkedBooter.run(ForkedBooter.java:507)
	at org.apache.maven.surefire.booter.ForkedBooter.main(ForkedBooter.java:495)
</pre></div></td>
<td>0</td>
<td>TestCases.LoanTenureCalculatorUICheck@368f2016</td></tr>
<tr>
<td title='TestCases.LoanTenureCalculatorUICheck.validateDownPaymentRupeesButton()'><b>validateDownPaymentRupeesButton</b><br>Test class: TestCases.LoanTenureCalculatorUICheck</td>
<td><div><pre>java.lang.Throwable: Method TestCases.HomeLoanEMI.validateDownPaymentRupeesButton() on instance TestCases.LoanTenureCalculatorUICheck@368f2016 depends on not successfully finished methods 
[TestCases.HomeLoanEMI.homeLoanEmiCalculatorValidation() on instance TestCases.LoanTenureCalculatorUICheck@368f2016
TestCases.HomeLoanEMI.calculatorsDropDownValidation() on instance TestCases.LoanTenureCalculatorUICheck@368f2016]
	at java.base/java.util.ArrayList.forEach(ArrayList.java:1511)
... Removed 22 stack frames</pre></div><a href='#' onClick='toggleBox("stack-trace2013332834", this, "Click to show all stack frames", "Click to hide stack frames")'>Click to show all stack frames</a>
<div class='stack-trace' id='stack-trace2013332834'><pre>java.lang.Throwable: Method TestCases.HomeLoanEMI.validateDownPaymentRupeesButton() on instance TestCases.LoanTenureCalculatorUICheck@368f2016 depends on not successfully finished methods 
[TestCases.HomeLoanEMI.homeLoanEmiCalculatorValidation() on instance TestCases.LoanTenureCalculatorUICheck@368f2016
TestCases.HomeLoanEMI.calculatorsDropDownValidation() on instance TestCases.LoanTenureCalculatorUICheck@368f2016]
	at org.testng.internal.invokers.TestInvoker.invokeTestMethods(TestInvoker.java:156)
	at org.testng.internal.invokers.TestMethodWorker.invokeTestMethods(TestMethodWorker.java:148)
	at org.testng.internal.invokers.TestMethodWorker.run(TestMethodWorker.java:128)
	at java.base/java.util.ArrayList.forEach(ArrayList.java:1511)
	at org.testng.TestRunner.privateRun(TestRunner.java:848)
	at org.testng.TestRunner.run(TestRunner.java:621)
	at org.testng.SuiteRunner.runTest(SuiteRunner.java:443)
	at org.testng.SuiteRunner.runSequentially(SuiteRunner.java:437)
	at org.testng.SuiteRunner.privateRun(SuiteRunner.java:397)
	at org.testng.SuiteRunner.run(SuiteRunner.java:336)
	at org.testng.SuiteRunnerWorker.runSuite(SuiteRunnerWorker.java:52)
	at org.testng.SuiteRunnerWorker.run(SuiteRunnerWorker.java:95)
	at org.testng.TestNG.runSuitesSequentially(TestNG.java:1280)
	at org.testng.TestNG.runSuitesLocally(TestNG.java:1200)
	at org.testng.TestNG.runSuites(TestNG.java:1114)
	at org.testng.TestNG.run(TestNG.java:1082)
	at org.apache.maven.surefire.testng.TestNGExecutor.run(TestNGExecutor.java:308)
	at org.apache.maven.surefire.testng.TestNGXmlTestSuite.execute(TestNGXmlTestSuite.java:71)
	at org.apache.maven.surefire.testng.TestNGProvider.invoke(TestNGProvider.java:113)
	at org.apache.maven.surefire.booter.ForkedBooter.runSuitesInProcess(ForkedBooter.java:385)
	at org.apache.maven.surefire.booter.ForkedBooter.execute(ForkedBooter.java:162)
	at org.apache.maven.surefire.booter.ForkedBooter.run(ForkedBooter.java:507)
	at org.apache.maven.surefire.booter.ForkedBooter.main(ForkedBooter.java:495)
</pre></div></td>
<td>0</td>
<td>TestCases.LoanTenureCalculatorUICheck@368f2016</td></tr>
<tr>
<td title='TestCases.LoanTenureCalculatorUICheck.validateLoanChargesRupeesButtonElement()'><b>validateLoanChargesRupeesButtonElement</b><br>Test class: TestCases.LoanTenureCalculatorUICheck</td>
<td><div><pre>java.lang.Throwable: Method TestCases.HomeLoanEMI.validateLoanChargesRupeesButtonElement() on instance TestCases.LoanTenureCalculatorUICheck@368f2016 depends on not successfully finished methods 
[TestCases.HomeLoanEMI.homeLoanEmiCalculatorValidation() on instance TestCases.LoanTenureCalculatorUICheck@368f2016
TestCases.HomeLoanEMI.calculatorsDropDownValidation() on instance TestCases.LoanTenureCalculatorUICheck@368f2016]
	at java.base/java.util.ArrayList.forEach(ArrayList.java:1511)
... Removed 22 stack frames</pre></div><a href='#' onClick='toggleBox("stack-trace1929447269", this, "Click to show all stack frames", "Click to hide stack frames")'>Click to show all stack frames</a>
<div class='stack-trace' id='stack-trace1929447269'><pre>java.lang.Throwable: Method TestCases.HomeLoanEMI.validateLoanChargesRupeesButtonElement() on instance TestCases.LoanTenureCalculatorUICheck@368f2016 depends on not successfully finished methods 
[TestCases.HomeLoanEMI.homeLoanEmiCalculatorValidation() on instance TestCases.LoanTenureCalculatorUICheck@368f2016
TestCases.HomeLoanEMI.calculatorsDropDownValidation() on instance TestCases.LoanTenureCalculatorUICheck@368f2016]
	at org.testng.internal.invokers.TestInvoker.invokeTestMethods(TestInvoker.java:156)
	at org.testng.internal.invokers.TestMethodWorker.invokeTestMethods(TestMethodWorker.java:148)
	at org.testng.internal.invokers.TestMethodWorker.run(TestMethodWorker.java:128)
	at java.base/java.util.ArrayList.forEach(ArrayList.java:1511)
	at org.testng.TestRunner.privateRun(TestRunner.java:848)
	at org.testng.TestRunner.run(TestRunner.java:621)
	at org.testng.SuiteRunner.runTest(SuiteRunner.java:443)
	at org.testng.SuiteRunner.runSequentially(SuiteRunner.java:437)
	at org.testng.SuiteRunner.privateRun(SuiteRunner.java:397)
	at org.testng.SuiteRunner.run(SuiteRunner.java:336)
	at org.testng.SuiteRunnerWorker.runSuite(SuiteRunnerWorker.java:52)
	at org.testng.SuiteRunnerWorker.run(SuiteRunnerWorker.java:95)
	at org.testng.TestNG.runSuitesSequentially(TestNG.java:1280)
	at org.testng.TestNG.runSuitesLocally(TestNG.java:1200)
	at org.testng.TestNG.runSuites(TestNG.java:1114)
	at org.testng.TestNG.run(TestNG.java:1082)
	at org.apache.maven.surefire.testng.TestNGExecutor.run(TestNGExecutor.java:308)
	at org.apache.maven.surefire.testng.TestNGXmlTestSuite.execute(TestNGXmlTestSuite.java:71)
	at org.apache.maven.surefire.testng.TestNGProvider.invoke(TestNGProvider.java:113)
	at org.apache.maven.surefire.booter.ForkedBooter.runSuitesInProcess(ForkedBooter.java:385)
	at org.apache.maven.surefire.booter.ForkedBooter.execute(ForkedBooter.java:162)
	at org.apache.maven.surefire.booter.ForkedBooter.run(ForkedBooter.java:507)
	at org.apache.maven.surefire.booter.ForkedBooter.main(ForkedBooter.java:495)
</pre></div></td>
<td>0</td>
<td>TestCases.LoanTenureCalculatorUICheck@368f2016</td></tr>
<tr>
<td title='TestCases.LoanTenureCalculatorUICheck.validateDownPaymentInputFieldInPercentage()'><b>validateDownPaymentInputFieldInPercentage</b><br>Test class: TestCases.LoanTenureCalculatorUICheck</td>
<td><div><pre>java.lang.Throwable: Method TestCases.HomeLoanEMI.validateDownPaymentInputFieldInPercentage() on instance TestCases.LoanTenureCalculatorUICheck@368f2016 depends on not successfully finished methods 
[TestCases.HomeLoanEMI.homeLoanEmiCalculatorValidation() on instance TestCases.LoanTenureCalculatorUICheck@368f2016
TestCases.HomeLoanEMI.calculatorsDropDownValidation() on instance TestCases.LoanTenureCalculatorUICheck@368f2016]
	at java.base/java.util.ArrayList.forEach(ArrayList.java:1511)
... Removed 22 stack frames</pre></div><a href='#' onClick='toggleBox("stack-trace1422883946", this, "Click to show all stack frames", "Click to hide stack frames")'>Click to show all stack frames</a>
<div class='stack-trace' id='stack-trace1422883946'><pre>java.lang.Throwable: Method TestCases.HomeLoanEMI.validateDownPaymentInputFieldInPercentage() on instance TestCases.LoanTenureCalculatorUICheck@368f2016 depends on not successfully finished methods 
[TestCases.HomeLoanEMI.homeLoanEmiCalculatorValidation() on instance TestCases.LoanTenureCalculatorUICheck@368f2016
TestCases.HomeLoanEMI.calculatorsDropDownValidation() on instance TestCases.LoanTenureCalculatorUICheck@368f2016]
	at org.testng.internal.invokers.TestInvoker.invokeTestMethods(TestInvoker.java:156)
	at org.testng.internal.invokers.TestMethodWorker.invokeTestMethods(TestMethodWorker.java:148)
	at org.testng.internal.invokers.TestMethodWorker.run(TestMethodWorker.java:128)
	at java.base/java.util.ArrayList.forEach(ArrayList.java:1511)
	at org.testng.TestRunner.privateRun(TestRunner.java:848)
	at org.testng.TestRunner.run(TestRunner.java:621)
	at org.testng.SuiteRunner.runTest(SuiteRunner.java:443)
	at org.testng.SuiteRunner.runSequentially(SuiteRunner.java:437)
	at org.testng.SuiteRunner.privateRun(SuiteRunner.java:397)
	at org.testng.SuiteRunner.run(SuiteRunner.java:336)
	at org.testng.SuiteRunnerWorker.runSuite(SuiteRunnerWorker.java:52)
	at org.testng.SuiteRunnerWorker.run(SuiteRunnerWorker.java:95)
	at org.testng.TestNG.runSuitesSequentially(TestNG.java:1280)
	at org.testng.TestNG.runSuitesLocally(TestNG.java:1200)
	at org.testng.TestNG.runSuites(TestNG.java:1114)
	at org.testng.TestNG.run(TestNG.java:1082)
	at org.apache.maven.surefire.testng.TestNGExecutor.run(TestNGExecutor.java:308)
	at org.apache.maven.surefire.testng.TestNGXmlTestSuite.execute(TestNGXmlTestSuite.java:71)
	at org.apache.maven.surefire.testng.TestNGProvider.invoke(TestNGProvider.java:113)
	at org.apache.maven.surefire.booter.ForkedBooter.runSuitesInProcess(ForkedBooter.java:385)
	at org.apache.maven.surefire.booter.ForkedBooter.execute(ForkedBooter.java:162)
	at org.apache.maven.surefire.booter.ForkedBooter.run(ForkedBooter.java:507)
	at org.apache.maven.surefire.booter.ForkedBooter.main(ForkedBooter.java:495)
</pre></div></td>
<td>0</td>
<td>TestCases.LoanTenureCalculatorUICheck@368f2016</td></tr>
<tr>
<td title='TestCases.LoanTenureCalculatorUICheck.validateLoanTenureInputField()'><b>validateLoanTenureInputField</b><br>Test class: TestCases.LoanTenureCalculatorUICheck</td>
<td><div><pre>java.lang.Throwable: Method TestCases.HomeLoanEMI.validateLoanTenureInputField() on instance TestCases.LoanTenureCalculatorUICheck@368f2016 depends on not successfully finished methods 
[TestCases.HomeLoanEMI.homeLoanEmiCalculatorValidation() on instance TestCases.LoanTenureCalculatorUICheck@368f2016
TestCases.HomeLoanEMI.calculatorsDropDownValidation() on instance TestCases.LoanTenureCalculatorUICheck@368f2016]
	at java.base/java.util.ArrayList.forEach(ArrayList.java:1511)
... Removed 22 stack frames</pre></div><a href='#' onClick='toggleBox("stack-trace388623360", this, "Click to show all stack frames", "Click to hide stack frames")'>Click to show all stack frames</a>
<div class='stack-trace' id='stack-trace388623360'><pre>java.lang.Throwable: Method TestCases.HomeLoanEMI.validateLoanTenureInputField() on instance TestCases.LoanTenureCalculatorUICheck@368f2016 depends on not successfully finished methods 
[TestCases.HomeLoanEMI.homeLoanEmiCalculatorValidation() on instance TestCases.LoanTenureCalculatorUICheck@368f2016
TestCases.HomeLoanEMI.calculatorsDropDownValidation() on instance TestCases.LoanTenureCalculatorUICheck@368f2016]
	at org.testng.internal.invokers.TestInvoker.invokeTestMethods(TestInvoker.java:156)
	at org.testng.internal.invokers.TestMethodWorker.invokeTestMethods(TestMethodWorker.java:148)
	at org.testng.internal.invokers.TestMethodWorker.run(TestMethodWorker.java:128)
	at java.base/java.util.ArrayList.forEach(ArrayList.java:1511)
	at org.testng.TestRunner.privateRun(TestRunner.java:848)
	at org.testng.TestRunner.run(TestRunner.java:621)
	at org.testng.SuiteRunner.runTest(SuiteRunner.java:443)
	at org.testng.SuiteRunner.runSequentially(SuiteRunner.java:437)
	at org.testng.SuiteRunner.privateRun(SuiteRunner.java:397)
	at org.testng.SuiteRunner.run(SuiteRunner.java:336)
	at org.testng.SuiteRunnerWorker.runSuite(SuiteRunnerWorker.java:52)
	at org.testng.SuiteRunnerWorker.run(SuiteRunnerWorker.java:95)
	at org.testng.TestNG.runSuitesSequentially(TestNG.java:1280)
	at org.testng.TestNG.runSuitesLocally(TestNG.java:1200)
	at org.testng.TestNG.runSuites(TestNG.java:1114)
	at org.testng.TestNG.run(TestNG.java:1082)
	at org.apache.maven.surefire.testng.TestNGExecutor.run(TestNGExecutor.java:308)
	at org.apache.maven.surefire.testng.TestNGXmlTestSuite.execute(TestNGXmlTestSuite.java:71)
	at org.apache.maven.surefire.testng.TestNGProvider.invoke(TestNGProvider.java:113)
	at org.apache.maven.surefire.booter.ForkedBooter.runSuitesInProcess(ForkedBooter.java:385)
	at org.apache.maven.surefire.booter.ForkedBooter.execute(ForkedBooter.java:162)
	at org.apache.maven.surefire.booter.ForkedBooter.run(ForkedBooter.java:507)
	at org.apache.maven.surefire.booter.ForkedBooter.main(ForkedBooter.java:495)
</pre></div></td>
<td>0</td>
<td>TestCases.LoanTenureCalculatorUICheck@368f2016</td></tr>
<tr>
<td title='TestCases.LoanTenureCalculatorUICheck.validatePropertyTaxesPerYearRupeesButton()'><b>validatePropertyTaxesPerYearRupeesButton</b><br>Test class: TestCases.LoanTenureCalculatorUICheck</td>
<td><div><pre>java.lang.Throwable: Method TestCases.HomeLoanEMI.validatePropertyTaxesPerYearRupeesButton() on instance TestCases.LoanTenureCalculatorUICheck@368f2016 depends on not successfully finished methods 
[TestCases.HomeLoanEMI.homeLoanEmiCalculatorValidation() on instance TestCases.LoanTenureCalculatorUICheck@368f2016
TestCases.HomeLoanEMI.calculatorsDropDownValidation() on instance TestCases.LoanTenureCalculatorUICheck@368f2016]
	at java.base/java.util.ArrayList.forEach(ArrayList.java:1511)
... Removed 22 stack frames</pre></div><a href='#' onClick='toggleBox("stack-trace218654115", this, "Click to show all stack frames", "Click to hide stack frames")'>Click to show all stack frames</a>
<div class='stack-trace' id='stack-trace218654115'><pre>java.lang.Throwable: Method TestCases.HomeLoanEMI.validatePropertyTaxesPerYearRupeesButton() on instance TestCases.LoanTenureCalculatorUICheck@368f2016 depends on not successfully finished methods 
[TestCases.HomeLoanEMI.homeLoanEmiCalculatorValidation() on instance TestCases.LoanTenureCalculatorUICheck@368f2016
TestCases.HomeLoanEMI.calculatorsDropDownValidation() on instance TestCases.LoanTenureCalculatorUICheck@368f2016]
	at org.testng.internal.invokers.TestInvoker.invokeTestMethods(TestInvoker.java:156)
	at org.testng.internal.invokers.TestMethodWorker.invokeTestMethods(TestMethodWorker.java:148)
	at org.testng.internal.invokers.TestMethodWorker.run(TestMethodWorker.java:128)
	at java.base/java.util.ArrayList.forEach(ArrayList.java:1511)
	at org.testng.TestRunner.privateRun(TestRunner.java:848)
	at org.testng.TestRunner.run(TestRunner.java:621)
	at org.testng.SuiteRunner.runTest(SuiteRunner.java:443)
	at org.testng.SuiteRunner.runSequentially(SuiteRunner.java:437)
	at org.testng.SuiteRunner.privateRun(SuiteRunner.java:397)
	at org.testng.SuiteRunner.run(SuiteRunner.java:336)
	at org.testng.SuiteRunnerWorker.runSuite(SuiteRunnerWorker.java:52)
	at org.testng.SuiteRunnerWorker.run(SuiteRunnerWorker.java:95)
	at org.testng.TestNG.runSuitesSequentially(TestNG.java:1280)
	at org.testng.TestNG.runSuitesLocally(TestNG.java:1200)
	at org.testng.TestNG.runSuites(TestNG.java:1114)
	at org.testng.TestNG.run(TestNG.java:1082)
	at org.apache.maven.surefire.testng.TestNGExecutor.run(TestNGExecutor.java:308)
	at org.apache.maven.surefire.testng.TestNGXmlTestSuite.execute(TestNGXmlTestSuite.java:71)
	at org.apache.maven.surefire.testng.TestNGProvider.invoke(TestNGProvider.java:113)
	at org.apache.maven.surefire.booter.ForkedBooter.runSuitesInProcess(ForkedBooter.java:385)
	at org.apache.maven.surefire.booter.ForkedBooter.execute(ForkedBooter.java:162)
	at org.apache.maven.surefire.booter.ForkedBooter.run(ForkedBooter.java:507)
	at org.apache.maven.surefire.booter.ForkedBooter.main(ForkedBooter.java:495)
</pre></div></td>
<td>0</td>
<td>TestCases.LoanTenureCalculatorUICheck@368f2016</td></tr>
<tr>
<td title='TestCases.LoanTenureCalculatorUICheck.setLoanTenure()'><b>setLoanTenure</b><br>Test class: TestCases.LoanTenureCalculatorUICheck</td>
<td><div><pre>java.lang.Throwable: Method TestCases.CarLoanEMI.setLoanTenure() on instance TestCases.LoanTenureCalculatorUICheck@368f2016 depends on not successfully finished methods 
[TestCases.CarLoanEMI.clickOnCarLoanLink() on instance TestCases.LoanTenureCalculatorUICheck@368f2016]
	at java.base/java.util.ArrayList.forEach(ArrayList.java:1511)
... Removed 22 stack frames</pre></div><a href='#' onClick='toggleBox("stack-trace942444738", this, "Click to show all stack frames", "Click to hide stack frames")'>Click to show all stack frames</a>
<div class='stack-trace' id='stack-trace942444738'><pre>java.lang.Throwable: Method TestCases.CarLoanEMI.setLoanTenure() on instance TestCases.LoanTenureCalculatorUICheck@368f2016 depends on not successfully finished methods 
[TestCases.CarLoanEMI.clickOnCarLoanLink() on instance TestCases.LoanTenureCalculatorUICheck@368f2016]
	at org.testng.internal.invokers.TestInvoker.invokeTestMethods(TestInvoker.java:156)
	at org.testng.internal.invokers.TestMethodWorker.invokeTestMethods(TestMethodWorker.java:148)
	at org.testng.internal.invokers.TestMethodWorker.run(TestMethodWorker.java:128)
	at java.base/java.util.ArrayList.forEach(ArrayList.java:1511)
	at org.testng.TestRunner.privateRun(TestRunner.java:848)
	at org.testng.TestRunner.run(TestRunner.java:621)
	at org.testng.SuiteRunner.runTest(SuiteRunner.java:443)
	at org.testng.SuiteRunner.runSequentially(SuiteRunner.java:437)
	at org.testng.SuiteRunner.privateRun(SuiteRunner.java:397)
	at org.testng.SuiteRunner.run(SuiteRunner.java:336)
	at org.testng.SuiteRunnerWorker.runSuite(SuiteRunnerWorker.java:52)
	at org.testng.SuiteRunnerWorker.run(SuiteRunnerWorker.java:95)
	at org.testng.TestNG.runSuitesSequentially(TestNG.java:1280)
	at org.testng.TestNG.runSuitesLocally(TestNG.java:1200)
	at org.testng.TestNG.runSuites(TestNG.java:1114)
	at org.testng.TestNG.run(TestNG.java:1082)
	at org.apache.maven.surefire.testng.TestNGExecutor.run(TestNGExecutor.java:308)
	at org.apache.maven.surefire.testng.TestNGXmlTestSuite.execute(TestNGXmlTestSuite.java:71)
	at org.apache.maven.surefire.testng.TestNGProvider.invoke(TestNGProvider.java:113)
	at org.apache.maven.surefire.booter.ForkedBooter.runSuitesInProcess(ForkedBooter.java:385)
	at org.apache.maven.surefire.booter.ForkedBooter.execute(ForkedBooter.java:162)
	at org.apache.maven.surefire.booter.ForkedBooter.run(ForkedBooter.java:507)
	at org.apache.maven.surefire.booter.ForkedBooter.main(ForkedBooter.java:495)
</pre></div></td>
<td>0</td>
<td>TestCases.LoanTenureCalculatorUICheck@368f2016</td></tr>
<tr>
<td title='TestCases.LoanTenureCalculatorUICheck.validateOneTimeExpensesInputField()'><b>validateOneTimeExpensesInputField</b><br>Test class: TestCases.LoanTenureCalculatorUICheck</td>
<td><div><pre>java.lang.Throwable: Method TestCases.HomeLoanEMI.validateOneTimeExpensesInputField() on instance TestCases.LoanTenureCalculatorUICheck@368f2016 depends on not successfully finished methods 
[TestCases.HomeLoanEMI.homeLoanEmiCalculatorValidation() on instance TestCases.LoanTenureCalculatorUICheck@368f2016
TestCases.HomeLoanEMI.calculatorsDropDownValidation() on instance TestCases.LoanTenureCalculatorUICheck@368f2016]
	at java.base/java.util.ArrayList.forEach(ArrayList.java:1511)
... Removed 22 stack frames</pre></div><a href='#' onClick='toggleBox("stack-trace1054477035", this, "Click to show all stack frames", "Click to hide stack frames")'>Click to show all stack frames</a>
<div class='stack-trace' id='stack-trace1054477035'><pre>java.lang.Throwable: Method TestCases.HomeLoanEMI.validateOneTimeExpensesInputField() on instance TestCases.LoanTenureCalculatorUICheck@368f2016 depends on not successfully finished methods 
[TestCases.HomeLoanEMI.homeLoanEmiCalculatorValidation() on instance TestCases.LoanTenureCalculatorUICheck@368f2016
TestCases.HomeLoanEMI.calculatorsDropDownValidation() on instance TestCases.LoanTenureCalculatorUICheck@368f2016]
	at org.testng.internal.invokers.TestInvoker.invokeTestMethods(TestInvoker.java:156)
	at org.testng.internal.invokers.TestMethodWorker.invokeTestMethods(TestMethodWorker.java:148)
	at org.testng.internal.invokers.TestMethodWorker.run(TestMethodWorker.java:128)
	at java.base/java.util.ArrayList.forEach(ArrayList.java:1511)
	at org.testng.TestRunner.privateRun(TestRunner.java:848)
	at org.testng.TestRunner.run(TestRunner.java:621)
	at org.testng.SuiteRunner.runTest(SuiteRunner.java:443)
	at org.testng.SuiteRunner.runSequentially(SuiteRunner.java:437)
	at org.testng.SuiteRunner.privateRun(SuiteRunner.java:397)
	at org.testng.SuiteRunner.run(SuiteRunner.java:336)
	at org.testng.SuiteRunnerWorker.runSuite(SuiteRunnerWorker.java:52)
	at org.testng.SuiteRunnerWorker.run(SuiteRunnerWorker.java:95)
	at org.testng.TestNG.runSuitesSequentially(TestNG.java:1280)
	at org.testng.TestNG.runSuitesLocally(TestNG.java:1200)
	at org.testng.TestNG.runSuites(TestNG.java:1114)
	at org.testng.TestNG.run(TestNG.java:1082)
	at org.apache.maven.surefire.testng.TestNGExecutor.run(TestNGExecutor.java:308)
	at org.apache.maven.surefire.testng.TestNGXmlTestSuite.execute(TestNGXmlTestSuite.java:71)
	at org.apache.maven.surefire.testng.TestNGProvider.invoke(TestNGProvider.java:113)
	at org.apache.maven.surefire.booter.ForkedBooter.runSuitesInProcess(ForkedBooter.java:385)
	at org.apache.maven.surefire.booter.ForkedBooter.execute(ForkedBooter.java:162)
	at org.apache.maven.surefire.booter.ForkedBooter.run(ForkedBooter.java:507)
	at org.apache.maven.surefire.booter.ForkedBooter.main(ForkedBooter.java:495)
</pre></div></td>
<td>0</td>
<td>TestCases.LoanTenureCalculatorUICheck@368f2016</td></tr>
<tr>
<td title='TestCases.LoanTenureCalculatorUICheck.validateHomeValueInputfield()'><b>validateHomeValueInputfield</b><br>Test class: TestCases.LoanTenureCalculatorUICheck</td>
<td><div><pre>java.lang.Throwable: Method TestCases.HomeLoanEMI.validateHomeValueInputfield() on instance TestCases.LoanTenureCalculatorUICheck@368f2016 depends on not successfully finished methods 
[TestCases.HomeLoanEMI.homeLoanEmiCalculatorValidation() on instance TestCases.LoanTenureCalculatorUICheck@368f2016
TestCases.HomeLoanEMI.calculatorsDropDownValidation() on instance TestCases.LoanTenureCalculatorUICheck@368f2016]
	at java.base/java.util.ArrayList.forEach(ArrayList.java:1511)
... Removed 22 stack frames</pre></div><a href='#' onClick='toggleBox("stack-trace1428664849", this, "Click to show all stack frames", "Click to hide stack frames")'>Click to show all stack frames</a>
<div class='stack-trace' id='stack-trace1428664849'><pre>java.lang.Throwable: Method TestCases.HomeLoanEMI.validateHomeValueInputfield() on instance TestCases.LoanTenureCalculatorUICheck@368f2016 depends on not successfully finished methods 
[TestCases.HomeLoanEMI.homeLoanEmiCalculatorValidation() on instance TestCases.LoanTenureCalculatorUICheck@368f2016
TestCases.HomeLoanEMI.calculatorsDropDownValidation() on instance TestCases.LoanTenureCalculatorUICheck@368f2016]
	at org.testng.internal.invokers.TestInvoker.invokeTestMethods(TestInvoker.java:156)
	at org.testng.internal.invokers.TestMethodWorker.invokeTestMethods(TestMethodWorker.java:148)
	at org.testng.internal.invokers.TestMethodWorker.run(TestMethodWorker.java:128)
	at java.base/java.util.ArrayList.forEach(ArrayList.java:1511)
	at org.testng.TestRunner.privateRun(TestRunner.java:848)
	at org.testng.TestRunner.run(TestRunner.java:621)
	at org.testng.SuiteRunner.runTest(SuiteRunner.java:443)
	at org.testng.SuiteRunner.runSequentially(SuiteRunner.java:437)
	at org.testng.SuiteRunner.privateRun(SuiteRunner.java:397)
	at org.testng.SuiteRunner.run(SuiteRunner.java:336)
	at org.testng.SuiteRunnerWorker.runSuite(SuiteRunnerWorker.java:52)
	at org.testng.SuiteRunnerWorker.run(SuiteRunnerWorker.java:95)
	at org.testng.TestNG.runSuitesSequentially(TestNG.java:1280)
	at org.testng.TestNG.runSuitesLocally(TestNG.java:1200)
	at org.testng.TestNG.runSuites(TestNG.java:1114)
	at org.testng.TestNG.run(TestNG.java:1082)
	at org.apache.maven.surefire.testng.TestNGExecutor.run(TestNGExecutor.java:308)
	at org.apache.maven.surefire.testng.TestNGXmlTestSuite.execute(TestNGXmlTestSuite.java:71)
	at org.apache.maven.surefire.testng.TestNGProvider.invoke(TestNGProvider.java:113)
	at org.apache.maven.surefire.booter.ForkedBooter.runSuitesInProcess(ForkedBooter.java:385)
	at org.apache.maven.surefire.booter.ForkedBooter.execute(ForkedBooter.java:162)
	at org.apache.maven.surefire.booter.ForkedBooter.run(ForkedBooter.java:507)
	at org.apache.maven.surefire.booter.ForkedBooter.main(ForkedBooter.java:495)
</pre></div></td>
<td>0</td>
<td>TestCases.LoanTenureCalculatorUICheck@368f2016</td></tr>
<tr>
<td title='TestCases.LoanTenureCalculatorUICheck.validateInterestRateInputField()'><b>validateInterestRateInputField</b><br>Test class: TestCases.LoanTenureCalculatorUICheck</td>
<td><div><pre>java.lang.Throwable: Method TestCases.HomeLoanEMI.validateInterestRateInputField() on instance TestCases.LoanTenureCalculatorUICheck@368f2016 depends on not successfully finished methods 
[TestCases.HomeLoanEMI.homeLoanEmiCalculatorValidation() on instance TestCases.LoanTenureCalculatorUICheck@368f2016
TestCases.HomeLoanEMI.calculatorsDropDownValidation() on instance TestCases.LoanTenureCalculatorUICheck@368f2016]
	at java.base/java.util.ArrayList.forEach(ArrayList.java:1511)
... Removed 22 stack frames</pre></div><a href='#' onClick='toggleBox("stack-trace950729555", this, "Click to show all stack frames", "Click to hide stack frames")'>Click to show all stack frames</a>
<div class='stack-trace' id='stack-trace950729555'><pre>java.lang.Throwable: Method TestCases.HomeLoanEMI.validateInterestRateInputField() on instance TestCases.LoanTenureCalculatorUICheck@368f2016 depends on not successfully finished methods 
[TestCases.HomeLoanEMI.homeLoanEmiCalculatorValidation() on instance TestCases.LoanTenureCalculatorUICheck@368f2016
TestCases.HomeLoanEMI.calculatorsDropDownValidation() on instance TestCases.LoanTenureCalculatorUICheck@368f2016]
	at org.testng.internal.invokers.TestInvoker.invokeTestMethods(TestInvoker.java:156)
	at org.testng.internal.invokers.TestMethodWorker.invokeTestMethods(TestMethodWorker.java:148)
	at org.testng.internal.invokers.TestMethodWorker.run(TestMethodWorker.java:128)
	at java.base/java.util.ArrayList.forEach(ArrayList.java:1511)
	at org.testng.TestRunner.privateRun(TestRunner.java:848)
	at org.testng.TestRunner.run(TestRunner.java:621)
	at org.testng.SuiteRunner.runTest(SuiteRunner.java:443)
	at org.testng.SuiteRunner.runSequentially(SuiteRunner.java:437)
	at org.testng.SuiteRunner.privateRun(SuiteRunner.java:397)
	at org.testng.SuiteRunner.run(SuiteRunner.java:336)
	at org.testng.SuiteRunnerWorker.runSuite(SuiteRunnerWorker.java:52)
	at org.testng.SuiteRunnerWorker.run(SuiteRunnerWorker.java:95)
	at org.testng.TestNG.runSuitesSequentially(TestNG.java:1280)
	at org.testng.TestNG.runSuitesLocally(TestNG.java:1200)
	at org.testng.TestNG.runSuites(TestNG.java:1114)
	at org.testng.TestNG.run(TestNG.java:1082)
	at org.apache.maven.surefire.testng.TestNGExecutor.run(TestNGExecutor.java:308)
	at org.apache.maven.surefire.testng.TestNGXmlTestSuite.execute(TestNGXmlTestSuite.java:71)
	at org.apache.maven.surefire.testng.TestNGProvider.invoke(TestNGProvider.java:113)
	at org.apache.maven.surefire.booter.ForkedBooter.runSuitesInProcess(ForkedBooter.java:385)
	at org.apache.maven.surefire.booter.ForkedBooter.execute(ForkedBooter.java:162)
	at org.apache.maven.surefire.booter.ForkedBooter.run(ForkedBooter.java:507)
	at org.apache.maven.surefire.booter.ForkedBooter.main(ForkedBooter.java:495)
</pre></div></td>
<td>0</td>
<td>TestCases.LoanTenureCalculatorUICheck@368f2016</td></tr>
<tr>
<td title='TestCases.LoanTenureCalculatorUICheck.validateLoanStartMonthAndYearField()'><b>validateLoanStartMonthAndYearField</b><br>Test class: TestCases.LoanTenureCalculatorUICheck</td>
<td><div><pre>java.lang.Throwable: Method TestCases.HomeLoanEMI.validateLoanStartMonthAndYearField() on instance TestCases.LoanTenureCalculatorUICheck@368f2016 depends on not successfully finished methods 
[TestCases.HomeLoanEMI.homeLoanEmiCalculatorValidation() on instance TestCases.LoanTenureCalculatorUICheck@368f2016
TestCases.HomeLoanEMI.calculatorsDropDownValidation() on instance TestCases.LoanTenureCalculatorUICheck@368f2016]
	at java.base/java.util.ArrayList.forEach(ArrayList.java:1511)
... Removed 22 stack frames</pre></div><a href='#' onClick='toggleBox("stack-trace722513129", this, "Click to show all stack frames", "Click to hide stack frames")'>Click to show all stack frames</a>
<div class='stack-trace' id='stack-trace722513129'><pre>java.lang.Throwable: Method TestCases.HomeLoanEMI.validateLoanStartMonthAndYearField() on instance TestCases.LoanTenureCalculatorUICheck@368f2016 depends on not successfully finished methods 
[TestCases.HomeLoanEMI.homeLoanEmiCalculatorValidation() on instance TestCases.LoanTenureCalculatorUICheck@368f2016
TestCases.HomeLoanEMI.calculatorsDropDownValidation() on instance TestCases.LoanTenureCalculatorUICheck@368f2016]
	at org.testng.internal.invokers.TestInvoker.invokeTestMethods(TestInvoker.java:156)
	at org.testng.internal.invokers.TestMethodWorker.invokeTestMethods(TestMethodWorker.java:148)
	at org.testng.internal.invokers.TestMethodWorker.run(TestMethodWorker.java:128)
	at java.base/java.util.ArrayList.forEach(ArrayList.java:1511)
	at org.testng.TestRunner.privateRun(TestRunner.java:848)
	at org.testng.TestRunner.run(TestRunner.java:621)
	at org.testng.SuiteRunner.runTest(SuiteRunner.java:443)
	at org.testng.SuiteRunner.runSequentially(SuiteRunner.java:437)
	at org.testng.SuiteRunner.privateRun(SuiteRunner.java:397)
	at org.testng.SuiteRunner.run(SuiteRunner.java:336)
	at org.testng.SuiteRunnerWorker.runSuite(SuiteRunnerWorker.java:52)
	at org.testng.SuiteRunnerWorker.run(SuiteRunnerWorker.java:95)
	at org.testng.TestNG.runSuitesSequentially(TestNG.java:1280)
	at org.testng.TestNG.runSuitesLocally(TestNG.java:1200)
	at org.testng.TestNG.runSuites(TestNG.java:1114)
	at org.testng.TestNG.run(TestNG.java:1082)
	at org.apache.maven.surefire.testng.TestNGExecutor.run(TestNGExecutor.java:308)
	at org.apache.maven.surefire.testng.TestNGXmlTestSuite.execute(TestNGXmlTestSuite.java:71)
	at org.apache.maven.surefire.testng.TestNGProvider.invoke(TestNGProvider.java:113)
	at org.apache.maven.surefire.booter.ForkedBooter.runSuitesInProcess(ForkedBooter.java:385)
	at org.apache.maven.surefire.booter.ForkedBooter.execute(ForkedBooter.java:162)
	at org.apache.maven.surefire.booter.ForkedBooter.run(ForkedBooter.java:507)
	at org.apache.maven.surefire.booter.ForkedBooter.main(ForkedBooter.java:495)
</pre></div></td>
<td>0</td>
<td>TestCases.LoanTenureCalculatorUICheck@368f2016</td></tr>
</table><p>
</body>
</html>