<?xml version="1.0" encoding="UTF-8"?>
<testsuite xmlns:xsi="http://www.w3.org/2001/XMLSchema-instance" xsi:noNamespaceSchemaLocation="https://maven.apache.org/surefire/maven-surefire-plugin/xsd/surefire-test-report-3.0.xsd" version="3.0" name="TestSuite" time="113.374" tests="57" errors="0" skipped="24" failures="3">
  <properties>
    <property name="java.specification.version" value="17"/>
    <property name="sun.cpu.isalist" value="amd64"/>
    <property name="sun.jnu.encoding" value="Cp1252"/>
    <property name="sun.awt.enableExtraMouseButtons" value="true"/>
    <property name="java.class.path" value="C:\Users\2303554\eclipse-workspace\Hackathon_Project 7.zip_expanded\Hackathon_Project\target\test-classes;C:\Users\2303554\eclipse-workspace\Hackathon_Project 7.zip_expanded\Hackathon_Project\target\classes;C:\Users\2303554\.m2\repository\org\seleniumhq\selenium\selenium-java\4.16.1\selenium-java-4.16.1.jar;C:\Users\2303554\.m2\repository\org\seleniumhq\selenium\selenium-api\4.16.1\selenium-api-4.16.1.jar;C:\Users\2303554\.m2\repository\org\seleniumhq\selenium\selenium-chrome-driver\4.16.1\selenium-chrome-driver-4.16.1.jar;C:\Users\2303554\.m2\repository\com\google\auto\service\auto-service-annotations\1.1.1\auto-service-annotations-1.1.1.jar;C:\Users\2303554\.m2\repository\org\seleniumhq\selenium\selenium-chromium-driver\4.16.1\selenium-chromium-driver-4.16.1.jar;C:\Users\2303554\.m2\repository\org\seleniumhq\selenium\selenium-json\4.16.1\selenium-json-4.16.1.jar;C:\Users\2303554\.m2\repository\org\seleniumhq\selenium\selenium-manager\4.16.1\selenium-manager-4.16.1.jar;C:\Users\2303554\.m2\repository\org\seleniumhq\selenium\selenium-devtools-v118\4.16.1\selenium-devtools-v118-4.16.1.jar;C:\Users\2303554\.m2\repository\org\seleniumhq\selenium\selenium-devtools-v119\4.16.1\selenium-devtools-v119-4.16.1.jar;C:\Users\2303554\.m2\repository\org\seleniumhq\selenium\selenium-devtools-v120\4.16.1\selenium-devtools-v120-4.16.1.jar;C:\Users\2303554\.m2\repository\org\seleniumhq\selenium\selenium-devtools-v85\4.16.1\selenium-devtools-v85-4.16.1.jar;C:\Users\2303554\.m2\repository\org\seleniumhq\selenium\selenium-edge-driver\4.16.1\selenium-edge-driver-4.16.1.jar;C:\Users\2303554\.m2\repository\org\seleniumhq\selenium\selenium-firefox-driver\4.16.1\selenium-firefox-driver-4.16.1.jar;C:\Users\2303554\.m2\repository\org\seleniumhq\selenium\selenium-http\4.16.1\selenium-http-4.16.1.jar;C:\Users\2303554\.m2\repository\dev\failsafe\failsafe\3.3.2\failsafe-3.3.2.jar;C:\Users\2303554\.m2\repository\org\seleniumhq\selenium\selenium-ie-driver\4.16.1\selenium-ie-driver-4.16.1.jar;C:\Users\2303554\.m2\repository\org\seleniumhq\selenium\selenium-remote-driver\4.16.1\selenium-remote-driver-4.16.1.jar;C:\Users\2303554\.m2\repository\com\google\guava\guava\32.1.2-jre\guava-32.1.2-jre.jar;C:\Users\2303554\.m2\repository\com\google\guava\failureaccess\1.0.1\failureaccess-1.0.1.jar;C:\Users\2303554\.m2\repository\com\google\guava\listenablefuture\9999.0-empty-to-avoid-conflict-with-guava\listenablefuture-9999.0-empty-to-avoid-conflict-with-guava.jar;C:\Users\2303554\.m2\repository\com\google\code\findbugs\jsr305\3.0.2\jsr305-3.0.2.jar;C:\Users\2303554\.m2\repository\org\checkerframework\checker-qual\3.33.0\checker-qual-3.33.0.jar;C:\Users\2303554\.m2\repository\com\google\errorprone\error_prone_annotations\2.18.0\error_prone_annotations-2.18.0.jar;C:\Users\2303554\.m2\repository\com\google\j2objc\j2objc-annotations\2.8\j2objc-annotations-2.8.jar;C:\Users\2303554\.m2\repository\io\opentelemetry\opentelemetry-api\1.28.0\opentelemetry-api-1.28.0.jar;C:\Users\2303554\.m2\repository\io\opentelemetry\opentelemetry-context\1.28.0\opentelemetry-context-1.28.0.jar;C:\Users\2303554\.m2\repository\io\opentelemetry\opentelemetry-exporter-logging\1.28.0\opentelemetry-exporter-logging-1.28.0.jar;C:\Users\2303554\.m2\repository\io\opentelemetry\opentelemetry-sdk-metrics\1.28.0\opentelemetry-sdk-metrics-1.28.0.jar;C:\Users\2303554\.m2\repository\io\opentelemetry\opentelemetry-extension-incubator\1.28.0-alpha\opentelemetry-extension-incubator-1.28.0-alpha.jar;C:\Users\2303554\.m2\repository\io\opentelemetry\opentelemetry-sdk-logs\1.28.0\opentelemetry-sdk-logs-1.28.0.jar;C:\Users\2303554\.m2\repository\io\opentelemetry\opentelemetry-sdk-common\1.28.0\opentelemetry-sdk-common-1.28.0.jar;C:\Users\2303554\.m2\repository\io\opentelemetry\opentelemetry-sdk-extension-autoconfigure-spi\1.28.0\opentelemetry-sdk-extension-autoconfigure-spi-1.28.0.jar;C:\Users\2303554\.m2\repository\io\opentelemetry\opentelemetry-sdk-extension-autoconfigure\1.28.0\opentelemetry-sdk-extension-autoconfigure-1.28.0.jar;C:\Users\2303554\.m2\repository\io\opentelemetry\opentelemetry-api-events\1.28.0-alpha\opentelemetry-api-events-1.28.0-alpha.jar;C:\Users\2303554\.m2\repository\io\opentelemetry\opentelemetry-sdk-trace\1.28.0\opentelemetry-sdk-trace-1.28.0.jar;C:\Users\2303554\.m2\repository\io\opentelemetry\opentelemetry-sdk\1.28.0\opentelemetry-sdk-1.28.0.jar;C:\Users\2303554\.m2\repository\io\opentelemetry\opentelemetry-semconv\1.28.0-alpha\opentelemetry-semconv-1.28.0-alpha.jar;C:\Users\2303554\.m2\repository\net\bytebuddy\byte-buddy\1.14.5\byte-buddy-1.14.5.jar;C:\Users\2303554\.m2\repository\org\seleniumhq\selenium\selenium-os\4.16.1\selenium-os-4.16.1.jar;C:\Users\2303554\.m2\repository\org\apache\commons\commons-exec\1.3\commons-exec-1.3.jar;C:\Users\2303554\.m2\repository\org\seleniumhq\selenium\selenium-safari-driver\4.16.1\selenium-safari-driver-4.16.1.jar;C:\Users\2303554\.m2\repository\org\seleniumhq\selenium\selenium-support\4.16.1\selenium-support-4.16.1.jar;C:\Users\2303554\.m2\repository\io\github\bonigarcia\webdrivermanager\5.6.2\webdrivermanager-5.6.2.jar;C:\Users\2303554\.m2\repository\org\slf4j\slf4j-api\2.0.9\slf4j-api-2.0.9.jar;C:\Users\2303554\.m2\repository\com\google\code\gson\gson\2.10.1\gson-2.10.1.jar;C:\Users\2303554\.m2\repository\com\github\docker-java\docker-java\3.3.4\docker-java-3.3.4.jar;C:\Users\2303554\.m2\repository\com\github\docker-java\docker-java-core\3.3.4\docker-java-core-3.3.4.jar;C:\Users\2303554\.m2\repository\com\github\docker-java\docker-java-api\3.3.4\docker-java-api-3.3.4.jar;C:\Users\2303554\.m2\repository\com\fasterxml\jackson\core\jackson-annotations\2.10.3\jackson-annotations-2.10.3.jar;C:\Users\2303554\.m2\repository\com\fasterxml\jackson\core\jackson-databind\2.10.3\jackson-databind-2.10.3.jar;C:\Users\2303554\.m2\repository\com\fasterxml\jackson\core\jackson-core\2.10.3\jackson-core-2.10.3.jar;C:\Users\2303554\.m2\repository\org\bouncycastle\bcpkix-jdk18on\1.76\bcpkix-jdk18on-1.76.jar;C:\Users\2303554\.m2\repository\org\bouncycastle\bcprov-jdk18on\1.76\bcprov-jdk18on-1.76.jar;C:\Users\2303554\.m2\repository\org\bouncycastle\bcutil-jdk18on\1.76\bcutil-jdk18on-1.76.jar;C:\Users\2303554\.m2\repository\org\slf4j\jcl-over-slf4j\1.7.30\jcl-over-slf4j-1.7.30.jar;C:\Users\2303554\.m2\repository\com\github\docker-java\docker-java-transport-httpclient5\3.3.4\docker-java-transport-httpclient5-3.3.4.jar;C:\Users\2303554\.m2\repository\com\github\docker-java\docker-java-transport\3.3.4\docker-java-transport-3.3.4.jar;C:\Users\2303554\.m2\repository\net\java\dev\jna\jna\5.13.0\jna-5.13.0.jar;C:\Users\2303554\.m2\repository\org\brotli\dec\0.1.2\dec-0.1.2.jar;C:\Users\2303554\.m2\repository\org\apache\commons\commons-compress\1.24.0\commons-compress-1.24.0.jar;C:\Users\2303554\.m2\repository\org\apache\httpcomponents\client5\httpclient5\5.2.1\httpclient5-5.2.1.jar;C:\Users\2303554\.m2\repository\org\apache\httpcomponents\core5\httpcore5\5.2\httpcore5-5.2.jar;C:\Users\2303554\.m2\repository\org\apache\httpcomponents\core5\httpcore5-h2\5.2\httpcore5-h2-5.2.jar;C:\Users\2303554\.m2\repository\org\apache\poi\poi\5.2.2\poi-5.2.2.jar;C:\Users\2303554\.m2\repository\commons-codec\commons-codec\1.15\commons-codec-1.15.jar;C:\Users\2303554\.m2\repository\org\apache\commons\commons-collections4\4.4\commons-collections4-4.4.jar;C:\Users\2303554\.m2\repository\org\apache\commons\commons-math3\3.6.1\commons-math3-3.6.1.jar;C:\Users\2303554\.m2\repository\com\zaxxer\SparseBitSet\1.2\SparseBitSet-1.2.jar;C:\Users\2303554\.m2\repository\org\apache\poi\poi-ooxml\5.2.2\poi-ooxml-5.2.2.jar;C:\Users\2303554\.m2\repository\org\apache\poi\poi-ooxml-lite\5.2.2\poi-ooxml-lite-5.2.2.jar;C:\Users\2303554\.m2\repository\org\apache\xmlbeans\xmlbeans\5.0.3\xmlbeans-5.0.3.jar;C:\Users\2303554\.m2\repository\com\github\virtuald\curvesapi\1.07\curvesapi-1.07.jar;C:\Users\2303554\.m2\repository\org\testng\testng\7.8.0\testng-7.8.0.jar;C:\Users\2303554\.m2\repository\com\beust\jcommander\1.82\jcommander-1.82.jar;C:\Users\2303554\.m2\repository\org\webjars\jquery\3.6.1\jquery-3.6.1.jar;C:\Users\2303554\.m2\repository\com\aventstack\extentreports\5.1.1\extentreports-5.1.1.jar;C:\Users\2303554\.m2\repository\io\reactivex\rxjava3\rxjava\3.1.6\rxjava-3.1.6.jar;C:\Users\2303554\.m2\repository\org\reactivestreams\reactive-streams\1.0.4\reactive-streams-1.0.4.jar;C:\Users\2303554\.m2\repository\org\freemarker\freemarker\2.3.32\freemarker-2.3.32.jar;C:\Users\2303554\.m2\repository\org\projectlombok\lombok\1.18.26\lombok-1.18.26.jar;C:\Users\2303554\.m2\repository\org\apache\logging\log4j\log4j-core\2.20.0\log4j-core-2.20.0.jar;C:\Users\2303554\.m2\repository\org\apache\logging\log4j\log4j-api\2.20.0\log4j-api-2.20.0.jar;C:\Users\2303554\.m2\repository\commons-io\commons-io\2.15.1\commons-io-2.15.1.jar;C:\Users\2303554\.m2\repository\org\apache\commons\commons-lang3\3.14.0\commons-lang3-3.14.0.jar;"/>
    <property name="java.vm.vendor" value="Azul Systems, Inc."/>
    <property name="sun.arch.data.model" value="64"/>
    <property name="user.variant" value=""/>
    <property name="java.vendor.url" value="http://www.azul.com/"/>
    <property name="user.timezone" value="Asia/Calcutta"/>
    <property name="os.name" value="Windows 11"/>
    <property name="java.vm.specification.version" value="17"/>
    <property name="sun.java.launcher" value="SUN_STANDARD"/>
    <property name="user.country" value="IN"/>
    <property name="sun.boot.library.path" value="C:\Program Files\Zulu\zulu-17\bin"/>
    <property name="sun.java.command" value="C:\Users\2303554\AppData\Local\Temp\surefire335849417130322292\surefirebooter-20240215114631593_3.jar C:\Users\2303554\AppData\Local\Temp\surefire335849417130322292 2024-02-15T11-46-31_097-jvmRun1 surefire-20240215114631593_1tmp surefire_0-20240215114631593_2tmp"/>
    <property name="jdk.debug" value="release"/>
    <property name="surefire.test.class.path" value="C:\Users\2303554\eclipse-workspace\Hackathon_Project 7.zip_expanded\Hackathon_Project\target\test-classes;C:\Users\2303554\eclipse-workspace\Hackathon_Project 7.zip_expanded\Hackathon_Project\target\classes;C:\Users\2303554\.m2\repository\org\seleniumhq\selenium\selenium-java\4.16.1\selenium-java-4.16.1.jar;C:\Users\2303554\.m2\repository\org\seleniumhq\selenium\selenium-api\4.16.1\selenium-api-4.16.1.jar;C:\Users\2303554\.m2\repository\org\seleniumhq\selenium\selenium-chrome-driver\4.16.1\selenium-chrome-driver-4.16.1.jar;C:\Users\2303554\.m2\repository\com\google\auto\service\auto-service-annotations\1.1.1\auto-service-annotations-1.1.1.jar;C:\Users\2303554\.m2\repository\org\seleniumhq\selenium\selenium-chromium-driver\4.16.1\selenium-chromium-driver-4.16.1.jar;C:\Users\2303554\.m2\repository\org\seleniumhq\selenium\selenium-json\4.16.1\selenium-json-4.16.1.jar;C:\Users\2303554\.m2\repository\org\seleniumhq\selenium\selenium-manager\4.16.1\selenium-manager-4.16.1.jar;C:\Users\2303554\.m2\repository\org\seleniumhq\selenium\selenium-devtools-v118\4.16.1\selenium-devtools-v118-4.16.1.jar;C:\Users\2303554\.m2\repository\org\seleniumhq\selenium\selenium-devtools-v119\4.16.1\selenium-devtools-v119-4.16.1.jar;C:\Users\2303554\.m2\repository\org\seleniumhq\selenium\selenium-devtools-v120\4.16.1\selenium-devtools-v120-4.16.1.jar;C:\Users\2303554\.m2\repository\org\seleniumhq\selenium\selenium-devtools-v85\4.16.1\selenium-devtools-v85-4.16.1.jar;C:\Users\2303554\.m2\repository\org\seleniumhq\selenium\selenium-edge-driver\4.16.1\selenium-edge-driver-4.16.1.jar;C:\Users\2303554\.m2\repository\org\seleniumhq\selenium\selenium-firefox-driver\4.16.1\selenium-firefox-driver-4.16.1.jar;C:\Users\2303554\.m2\repository\org\seleniumhq\selenium\selenium-http\4.16.1\selenium-http-4.16.1.jar;C:\Users\2303554\.m2\repository\dev\failsafe\failsafe\3.3.2\failsafe-3.3.2.jar;C:\Users\2303554\.m2\repository\org\seleniumhq\selenium\selenium-ie-driver\4.16.1\selenium-ie-driver-4.16.1.jar;C:\Users\2303554\.m2\repository\org\seleniumhq\selenium\selenium-remote-driver\4.16.1\selenium-remote-driver-4.16.1.jar;C:\Users\2303554\.m2\repository\com\google\guava\guava\32.1.2-jre\guava-32.1.2-jre.jar;C:\Users\2303554\.m2\repository\com\google\guava\failureaccess\1.0.1\failureaccess-1.0.1.jar;C:\Users\2303554\.m2\repository\com\google\guava\listenablefuture\9999.0-empty-to-avoid-conflict-with-guava\listenablefuture-9999.0-empty-to-avoid-conflict-with-guava.jar;C:\Users\2303554\.m2\repository\com\google\code\findbugs\jsr305\3.0.2\jsr305-3.0.2.jar;C:\Users\2303554\.m2\repository\org\checkerframework\checker-qual\3.33.0\checker-qual-3.33.0.jar;C:\Users\2303554\.m2\repository\com\google\errorprone\error_prone_annotations\2.18.0\error_prone_annotations-2.18.0.jar;C:\Users\2303554\.m2\repository\com\google\j2objc\j2objc-annotations\2.8\j2objc-annotations-2.8.jar;C:\Users\2303554\.m2\repository\io\opentelemetry\opentelemetry-api\1.28.0\opentelemetry-api-1.28.0.jar;C:\Users\2303554\.m2\repository\io\opentelemetry\opentelemetry-context\1.28.0\opentelemetry-context-1.28.0.jar;C:\Users\2303554\.m2\repository\io\opentelemetry\opentelemetry-exporter-logging\1.28.0\opentelemetry-exporter-logging-1.28.0.jar;C:\Users\2303554\.m2\repository\io\opentelemetry\opentelemetry-sdk-metrics\1.28.0\opentelemetry-sdk-metrics-1.28.0.jar;C:\Users\2303554\.m2\repository\io\opentelemetry\opentelemetry-extension-incubator\1.28.0-alpha\opentelemetry-extension-incubator-1.28.0-alpha.jar;C:\Users\2303554\.m2\repository\io\opentelemetry\opentelemetry-sdk-logs\1.28.0\opentelemetry-sdk-logs-1.28.0.jar;C:\Users\2303554\.m2\repository\io\opentelemetry\opentelemetry-sdk-common\1.28.0\opentelemetry-sdk-common-1.28.0.jar;C:\Users\2303554\.m2\repository\io\opentelemetry\opentelemetry-sdk-extension-autoconfigure-spi\1.28.0\opentelemetry-sdk-extension-autoconfigure-spi-1.28.0.jar;C:\Users\2303554\.m2\repository\io\opentelemetry\opentelemetry-sdk-extension-autoconfigure\1.28.0\opentelemetry-sdk-extension-autoconfigure-1.28.0.jar;C:\Users\2303554\.m2\repository\io\opentelemetry\opentelemetry-api-events\1.28.0-alpha\opentelemetry-api-events-1.28.0-alpha.jar;C:\Users\2303554\.m2\repository\io\opentelemetry\opentelemetry-sdk-trace\1.28.0\opentelemetry-sdk-trace-1.28.0.jar;C:\Users\2303554\.m2\repository\io\opentelemetry\opentelemetry-sdk\1.28.0\opentelemetry-sdk-1.28.0.jar;C:\Users\2303554\.m2\repository\io\opentelemetry\opentelemetry-semconv\1.28.0-alpha\opentelemetry-semconv-1.28.0-alpha.jar;C:\Users\2303554\.m2\repository\net\bytebuddy\byte-buddy\1.14.5\byte-buddy-1.14.5.jar;C:\Users\2303554\.m2\repository\org\seleniumhq\selenium\selenium-os\4.16.1\selenium-os-4.16.1.jar;C:\Users\2303554\.m2\repository\org\apache\commons\commons-exec\1.3\commons-exec-1.3.jar;C:\Users\2303554\.m2\repository\org\seleniumhq\selenium\selenium-safari-driver\4.16.1\selenium-safari-driver-4.16.1.jar;C:\Users\2303554\.m2\repository\org\seleniumhq\selenium\selenium-support\4.16.1\selenium-support-4.16.1.jar;C:\Users\2303554\.m2\repository\io\github\bonigarcia\webdrivermanager\5.6.2\webdrivermanager-5.6.2.jar;C:\Users\2303554\.m2\repository\org\slf4j\slf4j-api\2.0.9\slf4j-api-2.0.9.jar;C:\Users\2303554\.m2\repository\com\google\code\gson\gson\2.10.1\gson-2.10.1.jar;C:\Users\2303554\.m2\repository\com\github\docker-java\docker-java\3.3.4\docker-java-3.3.4.jar;C:\Users\2303554\.m2\repository\com\github\docker-java\docker-java-core\3.3.4\docker-java-core-3.3.4.jar;C:\Users\2303554\.m2\repository\com\github\docker-java\docker-java-api\3.3.4\docker-java-api-3.3.4.jar;C:\Users\2303554\.m2\repository\com\fasterxml\jackson\core\jackson-annotations\2.10.3\jackson-annotations-2.10.3.jar;C:\Users\2303554\.m2\repository\com\fasterxml\jackson\core\jackson-databind\2.10.3\jackson-databind-2.10.3.jar;C:\Users\2303554\.m2\repository\com\fasterxml\jackson\core\jackson-core\2.10.3\jackson-core-2.10.3.jar;C:\Users\2303554\.m2\repository\org\bouncycastle\bcpkix-jdk18on\1.76\bcpkix-jdk18on-1.76.jar;C:\Users\2303554\.m2\repository\org\bouncycastle\bcprov-jdk18on\1.76\bcprov-jdk18on-1.76.jar;C:\Users\2303554\.m2\repository\org\bouncycastle\bcutil-jdk18on\1.76\bcutil-jdk18on-1.76.jar;C:\Users\2303554\.m2\repository\org\slf4j\jcl-over-slf4j\1.7.30\jcl-over-slf4j-1.7.30.jar;C:\Users\2303554\.m2\repository\com\github\docker-java\docker-java-transport-httpclient5\3.3.4\docker-java-transport-httpclient5-3.3.4.jar;C:\Users\2303554\.m2\repository\com\github\docker-java\docker-java-transport\3.3.4\docker-java-transport-3.3.4.jar;C:\Users\2303554\.m2\repository\net\java\dev\jna\jna\5.13.0\jna-5.13.0.jar;C:\Users\2303554\.m2\repository\org\brotli\dec\0.1.2\dec-0.1.2.jar;C:\Users\2303554\.m2\repository\org\apache\commons\commons-compress\1.24.0\commons-compress-1.24.0.jar;C:\Users\2303554\.m2\repository\org\apache\httpcomponents\client5\httpclient5\5.2.1\httpclient5-5.2.1.jar;C:\Users\2303554\.m2\repository\org\apache\httpcomponents\core5\httpcore5\5.2\httpcore5-5.2.jar;C:\Users\2303554\.m2\repository\org\apache\httpcomponents\core5\httpcore5-h2\5.2\httpcore5-h2-5.2.jar;C:\Users\2303554\.m2\repository\org\apache\poi\poi\5.2.2\poi-5.2.2.jar;C:\Users\2303554\.m2\repository\commons-codec\commons-codec\1.15\commons-codec-1.15.jar;C:\Users\2303554\.m2\repository\org\apache\commons\commons-collections4\4.4\commons-collections4-4.4.jar;C:\Users\2303554\.m2\repository\org\apache\commons\commons-math3\3.6.1\commons-math3-3.6.1.jar;C:\Users\2303554\.m2\repository\com\zaxxer\SparseBitSet\1.2\SparseBitSet-1.2.jar;C:\Users\2303554\.m2\repository\org\apache\poi\poi-ooxml\5.2.2\poi-ooxml-5.2.2.jar;C:\Users\2303554\.m2\repository\org\apache\poi\poi-ooxml-lite\5.2.2\poi-ooxml-lite-5.2.2.jar;C:\Users\2303554\.m2\repository\org\apache\xmlbeans\xmlbeans\5.0.3\xmlbeans-5.0.3.jar;C:\Users\2303554\.m2\repository\com\github\virtuald\curvesapi\1.07\curvesapi-1.07.jar;C:\Users\2303554\.m2\repository\org\testng\testng\7.8.0\testng-7.8.0.jar;C:\Users\2303554\.m2\repository\com\beust\jcommander\1.82\jcommander-1.82.jar;C:\Users\2303554\.m2\repository\org\webjars\jquery\3.6.1\jquery-3.6.1.jar;C:\Users\2303554\.m2\repository\com\aventstack\extentreports\5.1.1\extentreports-5.1.1.jar;C:\Users\2303554\.m2\repository\io\reactivex\rxjava3\rxjava\3.1.6\rxjava-3.1.6.jar;C:\Users\2303554\.m2\repository\org\reactivestreams\reactive-streams\1.0.4\reactive-streams-1.0.4.jar;C:\Users\2303554\.m2\repository\org\freemarker\freemarker\2.3.32\freemarker-2.3.32.jar;C:\Users\2303554\.m2\repository\org\projectlombok\lombok\1.18.26\lombok-1.18.26.jar;C:\Users\2303554\.m2\repository\org\apache\logging\log4j\log4j-core\2.20.0\log4j-core-2.20.0.jar;C:\Users\2303554\.m2\repository\org\apache\logging\log4j\log4j-api\2.20.0\log4j-api-2.20.0.jar;C:\Users\2303554\.m2\repository\commons-io\commons-io\2.15.1\commons-io-2.15.1.jar;C:\Users\2303554\.m2\repository\org\apache\commons\commons-lang3\3.14.0\commons-lang3-3.14.0.jar;"/>
    <property name="sun.cpu.endian" value="little"/>
    <property name="user.home" value="C:\Users\2303554"/>
    <property name="user.language" value="en"/>
    <property name="java.specification.vendor" value="Oracle Corporation"/>
    <property name="java.version.date" value="2022-01-18"/>
    <property name="java.home" value="C:\Program Files\Zulu\zulu-17"/>
    <property name="file.separator" value="\"/>
    <property name="basedir" value="C:\Users\2303554\eclipse-workspace\Hackathon_Project 7.zip_expanded\Hackathon_Project"/>
    <property name="java.vm.compressedOopsMode" value="Zero based"/>
    <property name="line.separator" value="&#10;"/>
    <property name="java.vm.specification.vendor" value="Oracle Corporation"/>
    <property name="java.specification.name" value="Java Platform API Specification"/>
    <property name="surefire.real.class.path" value="C:\Users\2303554\AppData\Local\Temp\surefire335849417130322292\surefirebooter-20240215114631593_3.jar"/>
    <property name="user.script" value=""/>
    <property name="sun.management.compiler" value="HotSpot 64-Bit Tiered Compilers"/>
    <property name="java.runtime.version" value="17.0.2+8-LTS"/>
    <property name="user.name" value="2303554"/>
    <property name="path.separator" value=";"/>
    <property name="os.version" value="10.0"/>
    <property name="java.runtime.name" value="OpenJDK Runtime Environment"/>
    <property name="file.encoding" value="Cp1252"/>
    <property name="java.vm.name" value="OpenJDK 64-Bit Server VM"/>
    <property name="java.vendor.version" value="Zulu17.32+13-CA"/>
    <property name="localRepository" value="C:\Users\2303554\.m2\repository"/>
    <property name="java.vendor.url.bug" value="http://www.azul.com/support/"/>
    <property name="java.io.tmpdir" value="C:\Users\2303554\AppData\Local\Temp\"/>
    <property name="java.version" value="17.0.2"/>
    <property name="user.dir" value="C:\Users\2303554\eclipse-workspace\Hackathon_Project 7.zip_expanded\Hackathon_Project"/>
    <property name="os.arch" value="amd64"/>
    <property name="java.vm.specification.name" value="Java Virtual Machine Specification"/>
    <property name="sun.os.patch.level" value=""/>
    <property name="native.encoding" value="Cp1252"/>
    <property name="java.library.path" value="C:\Program Files\Zulu\zulu-17\bin;C:\Windows\Sun\Java\bin;C:\Windows\system32;C:\Windows;C:\Program Files\Zulu\zulu-17\bin\;C:\Windows\system32;C:\Windows;C:\Windows\System32\Wbem;C:\Windows\System32\WindowsPowerShell\v1.0\;C:\Windows\System32\OpenSSH\;C:\Program Files\Git\cmd;C:\apache-maven-3.9.6\bin;C:\Users\2303554\AppData\Local\Microsoft\WindowsApps;."/>
    <property name="java.vm.info" value="mixed mode, sharing"/>
    <property name="java.vendor" value="Azul Systems, Inc."/>
    <property name="java.vm.version" value="17.0.2+8-LTS"/>
    <property name="sun.io.unicode.encoding" value="UnicodeLittle"/>
    <property name="java.class.version" value="61.0"/>
  </properties>
  <testcase name="clickOnCarLoanLink" classname="TestCases.LoanTenureCalculatorUICheck" time="10.473">
    <failure message="no such element: Unable to locate element: {&quot;method&quot;:&quot;xpath&quot;,&quot;selector&quot;:&quot;//li[@id=&apos;car-loan&apos;]/a&quot;}&#10;  (Session info: chrome=120.0.6099.130)&#10;For documentation on this error, please visit: https://www.selenium.dev/documentation/webdriver/troubleshooting/errors#no-such-element-exception&#10;Build info: version: &apos;4.16.1&apos;, revision: &apos;9b4c83354e&apos;&#10;System info: os.name: &apos;Windows 11&apos;, os.arch: &apos;amd64&apos;, os.version: &apos;10.0&apos;, java.version: &apos;17.0.2&apos;&#10;Driver info: org.openqa.selenium.chrome.ChromeDriver&#10;Command: [304b7309bf1bd7d23e226fc208d777e0, findElement {using=xpath, value=//li[@id=&apos;car-loan&apos;]/a}]&#10;Capabilities {acceptInsecureCerts: false, browserName: chrome, browserVersion: 120.0.6099.130, chrome: {chromedriverVersion: 120.0.6099.109 (3419140ab66..., userDataDir: C:\Users\2303554\AppData\Lo...}, fedcm:accounts: true, goog:chromeOptions: {debuggerAddress: localhost:55544}, networkConnectionEnabled: false, pageLoadStrategy: normal, platformName: windows, proxy: Proxy(), se:cdp: ws://localhost:55544/devtoo..., se:cdpVersion: 120.0.6099.130, setWindowRect: true, strictFileInteractability: false, timeouts: {implicit: 0, pageLoad: 300000, script: 30000}, unhandledPromptBehavior: dismiss and notify, webauthn:extension:credBlob: true, webauthn:extension:largeBlob: true, webauthn:extension:minPinLength: true, webauthn:extension:prf: true, webauthn:virtualAuthenticators: true}&#10;Session ID: 304b7309bf1bd7d23e226fc208d777e0" type="org.openqa.selenium.NoSuchElementException"><![CDATA[org.openqa.selenium.NoSuchElementException: 
no such element: Unable to locate element: {"method":"xpath","selector":"//li[@id='car-loan']/a"}
  (Session info: chrome=120.0.6099.130)
For documentation on this error, please visit: https://www.selenium.dev/documentation/webdriver/troubleshooting/errors#no-such-element-exception
Build info: version: '4.16.1', revision: '9b4c83354e'
System info: os.name: 'Windows 11', os.arch: 'amd64', os.version: '10.0', java.version: '17.0.2'
Driver info: org.openqa.selenium.chrome.ChromeDriver
Command: [304b7309bf1bd7d23e226fc208d777e0, findElement {using=xpath, value=//li[@id='car-loan']/a}]
Capabilities {acceptInsecureCerts: false, browserName: chrome, browserVersion: 120.0.6099.130, chrome: {chromedriverVersion: 120.0.6099.109 (3419140ab66..., userDataDir: C:\Users\2303554\AppData\Lo...}, fedcm:accounts: true, goog:chromeOptions: {debuggerAddress: localhost:55544}, networkConnectionEnabled: false, pageLoadStrategy: normal, platformName: windows, proxy: Proxy(), se:cdp: ws://localhost:55544/devtoo..., se:cdpVersion: 120.0.6099.130, setWindowRect: true, strictFileInteractability: false, timeouts: {implicit: 0, pageLoad: 300000, script: 30000}, unhandledPromptBehavior: dismiss and notify, webauthn:extension:credBlob: true, webauthn:extension:largeBlob: true, webauthn:extension:minPinLength: true, webauthn:extension:prf: true, webauthn:virtualAuthenticators: true}
Session ID: 304b7309bf1bd7d23e226fc208d777e0
	at java.base/jdk.internal.reflect.NativeConstructorAccessorImpl.newInstance0(Native Method)
	at java.base/jdk.internal.reflect.NativeConstructorAccessorImpl.newInstance(NativeConstructorAccessorImpl.java:77)
	at java.base/jdk.internal.reflect.DelegatingConstructorAccessorImpl.newInstance(DelegatingConstructorAccessorImpl.java:45)
	at java.base/java.lang.reflect.Constructor.newInstanceWithCaller(Constructor.java:499)
	at java.base/java.lang.reflect.Constructor.newInstance(Constructor.java:480)
	at org.openqa.selenium.remote.codec.w3c.W3CHttpResponseCodec.createException(W3CHttpResponseCodec.java:200)
	at org.openqa.selenium.remote.codec.w3c.W3CHttpResponseCodec.decode(W3CHttpResponseCodec.java:133)
	at org.openqa.selenium.remote.codec.w3c.W3CHttpResponseCodec.decode(W3CHttpResponseCodec.java:52)
	at org.openqa.selenium.remote.HttpCommandExecutor.execute(HttpCommandExecutor.java:191)
	at org.openqa.selenium.remote.service.DriverCommandExecutor.invokeExecute(DriverCommandExecutor.java:200)
	at org.openqa.selenium.remote.service.DriverCommandExecutor.execute(DriverCommandExecutor.java:175)
	at org.openqa.selenium.remote.RemoteWebDriver.execute(RemoteWebDriver.java:523)
	at org.openqa.selenium.remote.ElementLocation$ElementFinder$2.findElement(ElementLocation.java:165)
	at org.openqa.selenium.remote.ElementLocation.findElement(ElementLocation.java:59)
	at org.openqa.selenium.remote.RemoteWebDriver.findElement(RemoteWebDriver.java:360)
	at org.openqa.selenium.remote.RemoteWebDriver.findElement(RemoteWebDriver.java:354)
	at org.openqa.selenium.support.pagefactory.DefaultElementLocator.findElement(DefaultElementLocator.java:68)
	at org.openqa.selenium.support.pagefactory.internal.LocatingElementHandler.invoke(LocatingElementHandler.java:38)
	at jdk.proxy2/jdk.proxy2.$Proxy28.click(Unknown Source)
	at PageObject.EMICalculatorPage.clickOnCarLoanLink(EMICalculatorPage.java:49)
	at TestCases.CarLoanEMI.clickOnCarLoanLink(CarLoanEMI.java:33)
	at java.base/jdk.internal.reflect.NativeMethodAccessorImpl.invoke0(Native Method)
	at java.base/jdk.internal.reflect.NativeMethodAccessorImpl.invoke(NativeMethodAccessorImpl.java:77)
	at java.base/jdk.internal.reflect.DelegatingMethodAccessorImpl.invoke(DelegatingMethodAccessorImpl.java:43)
	at java.base/java.lang.reflect.Method.invoke(Method.java:568)
	at org.testng.internal.invokers.MethodInvocationHelper.invokeMethod(MethodInvocationHelper.java:139)
	at org.testng.internal.invokers.TestInvoker.invokeMethod(TestInvoker.java:664)
	at org.testng.internal.invokers.TestInvoker.invokeTestMethod(TestInvoker.java:227)
	at org.testng.internal.invokers.MethodRunner.runInSequence(MethodRunner.java:50)
	at org.testng.internal.invokers.TestInvoker$MethodInvocationAgent.invoke(TestInvoker.java:957)
	at org.testng.internal.invokers.TestInvoker.invokeTestMethods(TestInvoker.java:200)
	at org.testng.internal.invokers.TestMethodWorker.invokeTestMethods(TestMethodWorker.java:148)
	at org.testng.internal.invokers.TestMethodWorker.run(TestMethodWorker.java:128)
	at java.base/java.util.ArrayList.forEach(ArrayList.java:1511)
	at org.testng.TestRunner.privateRun(TestRunner.java:848)
	at org.testng.TestRunner.run(TestRunner.java:621)
	at org.testng.SuiteRunner.runTest(SuiteRunner.java:443)
	at org.testng.SuiteRunner.runSequentially(SuiteRunner.java:437)
	at org.testng.SuiteRunner.privateRun(SuiteRunner.java:397)
	at org.testng.SuiteRunner.run(SuiteRunner.java:336)
	at org.testng.SuiteRunnerWorker.runSuite(SuiteRunnerWorker.java:52)
	at org.testng.SuiteRunnerWorker.run(SuiteRunnerWorker.java:95)
	at org.testng.TestNG.runSuitesSequentially(TestNG.java:1280)
	at org.testng.TestNG.runSuitesLocally(TestNG.java:1200)
	at org.testng.TestNG.runSuites(TestNG.java:1114)
	at org.testng.TestNG.run(TestNG.java:1082)
	at org.apache.maven.surefire.testng.TestNGExecutor.run(TestNGExecutor.java:308)
	at org.apache.maven.surefire.testng.TestNGXmlTestSuite.execute(TestNGXmlTestSuite.java:71)
	at org.apache.maven.surefire.testng.TestNGProvider.invoke(TestNGProvider.java:113)
	at org.apache.maven.surefire.booter.ForkedBooter.runSuitesInProcess(ForkedBooter.java:385)
	at org.apache.maven.surefire.booter.ForkedBooter.execute(ForkedBooter.java:162)
	at org.apache.maven.surefire.booter.ForkedBooter.run(ForkedBooter.java:507)
	at org.apache.maven.surefire.booter.ForkedBooter.main(ForkedBooter.java:495)
]]></failure>
    <system-err><![CDATA[SLF4J: No SLF4J providers were found.
SLF4J: Defaulting to no-operation (NOP) logger implementation
SLF4J: See https://www.slf4j.org/codes.html#noProviders for further details.
Feb 15, 2024 11:46:42 AM org.openqa.selenium.manager.SeleniumManager lambda$runCommand$1
WARNING: There was an error managing chrome (error sending request for url (https://googlechromelabs.github.io/chrome-for-testing/known-good-versions-with-downloads.json): error trying to connect: proxy authentication required); using driver found in the cache
]]></system-err>
  </testcase>
  <testcase name="setCarAmount" classname="TestCases.LoanTenureCalculatorUICheck" time="0.0">
    <skipped message="Method TestCases.CarLoanEMI.setCarAmount() on instance TestCases.LoanTenureCalculatorUICheck@368f2016 depends on not successfully finished methods &#10;[TestCases.CarLoanEMI.clickOnCarLoanLink() on instance TestCases.LoanTenureCalculatorUICheck@368f2016]"/>
  </testcase>
  <testcase name="setInterestRate" classname="TestCases.LoanTenureCalculatorUICheck" time="0.0">
    <skipped message="Method TestCases.CarLoanEMI.setInterestRate() on instance TestCases.LoanTenureCalculatorUICheck@368f2016 depends on not successfully finished methods &#10;[TestCases.CarLoanEMI.clickOnCarLoanLink() on instance TestCases.LoanTenureCalculatorUICheck@368f2016]"/>
  </testcase>
  <testcase name="setLoanTenure" classname="TestCases.LoanTenureCalculatorUICheck" time="0.0">
    <skipped message="Method TestCases.CarLoanEMI.setLoanTenure() on instance TestCases.LoanTenureCalculatorUICheck@368f2016 depends on not successfully finished methods &#10;[TestCases.CarLoanEMI.clickOnCarLoanLink() on instance TestCases.LoanTenureCalculatorUICheck@368f2016]"/>
  </testcase>
  <testcase name="clickOnyear" classname="TestCases.LoanTenureCalculatorUICheck" time="0.0">
    <skipped message="Method TestCases.CarLoanEMI.clickOnyear() on instance TestCases.LoanTenureCalculatorUICheck@368f2016 depends on not successfully finished methods &#10;[TestCases.CarLoanEMI.clickOnCarLoanLink() on instance TestCases.LoanTenureCalculatorUICheck@368f2016]"/>
  </testcase>
  <testcase name="readData" classname="TestCases.LoanTenureCalculatorUICheck" time="0.0">
    <skipped message="Method TestCases.CarLoanEMI.readData() on instance TestCases.LoanTenureCalculatorUICheck@368f2016 depends on not successfully finished methods &#10;[TestCases.CarLoanEMI.clickOnCarLoanLink() on instance TestCases.LoanTenureCalculatorUICheck@368f2016]"/>
  </testcase>
  <testcase name="calculatorsDropDownValidation" classname="TestCases.LoanTenureCalculatorUICheck" time="10.254">
    <failure message="no such element: Unable to locate element: {&quot;method&quot;:&quot;xpath&quot;,&quot;selector&quot;:&quot;//a[@id=&apos;menu-item-dropdown-2696&apos;]&quot;}&#10;  (Session info: chrome=120.0.6099.130)&#10;For documentation on this error, please visit: https://www.selenium.dev/documentation/webdriver/troubleshooting/errors#no-such-element-exception&#10;Build info: version: &apos;4.16.1&apos;, revision: &apos;9b4c83354e&apos;&#10;System info: os.name: &apos;Windows 11&apos;, os.arch: &apos;amd64&apos;, os.version: &apos;10.0&apos;, java.version: &apos;17.0.2&apos;&#10;Driver info: org.openqa.selenium.chrome.ChromeDriver&#10;Command: [304b7309bf1bd7d23e226fc208d777e0, findElement {using=xpath, value=//a[@id=&apos;menu-item-dropdown-2696&apos;]}]&#10;Capabilities {acceptInsecureCerts: false, browserName: chrome, browserVersion: 120.0.6099.130, chrome: {chromedriverVersion: 120.0.6099.109 (3419140ab66..., userDataDir: C:\Users\2303554\AppData\Lo...}, fedcm:accounts: true, goog:chromeOptions: {debuggerAddress: localhost:55544}, networkConnectionEnabled: false, pageLoadStrategy: normal, platformName: windows, proxy: Proxy(), se:cdp: ws://localhost:55544/devtoo..., se:cdpVersion: 120.0.6099.130, setWindowRect: true, strictFileInteractability: false, timeouts: {implicit: 0, pageLoad: 300000, script: 30000}, unhandledPromptBehavior: dismiss and notify, webauthn:extension:credBlob: true, webauthn:extension:largeBlob: true, webauthn:extension:minPinLength: true, webauthn:extension:prf: true, webauthn:virtualAuthenticators: true}&#10;Session ID: 304b7309bf1bd7d23e226fc208d777e0" type="org.openqa.selenium.NoSuchElementException"><![CDATA[org.openqa.selenium.NoSuchElementException: 
no such element: Unable to locate element: {"method":"xpath","selector":"//a[@id='menu-item-dropdown-2696']"}
  (Session info: chrome=120.0.6099.130)
For documentation on this error, please visit: https://www.selenium.dev/documentation/webdriver/troubleshooting/errors#no-such-element-exception
Build info: version: '4.16.1', revision: '9b4c83354e'
System info: os.name: 'Windows 11', os.arch: 'amd64', os.version: '10.0', java.version: '17.0.2'
Driver info: org.openqa.selenium.chrome.ChromeDriver
Command: [304b7309bf1bd7d23e226fc208d777e0, findElement {using=xpath, value=//a[@id='menu-item-dropdown-2696']}]
Capabilities {acceptInsecureCerts: false, browserName: chrome, browserVersion: 120.0.6099.130, chrome: {chromedriverVersion: 120.0.6099.109 (3419140ab66..., userDataDir: C:\Users\2303554\AppData\Lo...}, fedcm:accounts: true, goog:chromeOptions: {debuggerAddress: localhost:55544}, networkConnectionEnabled: false, pageLoadStrategy: normal, platformName: windows, proxy: Proxy(), se:cdp: ws://localhost:55544/devtoo..., se:cdpVersion: 120.0.6099.130, setWindowRect: true, strictFileInteractability: false, timeouts: {implicit: 0, pageLoad: 300000, script: 30000}, unhandledPromptBehavior: dismiss and notify, webauthn:extension:credBlob: true, webauthn:extension:largeBlob: true, webauthn:extension:minPinLength: true, webauthn:extension:prf: true, webauthn:virtualAuthenticators: true}
Session ID: 304b7309bf1bd7d23e226fc208d777e0
	at java.base/jdk.internal.reflect.NativeConstructorAccessorImpl.newInstance0(Native Method)
	at java.base/jdk.internal.reflect.NativeConstructorAccessorImpl.newInstance(NativeConstructorAccessorImpl.java:77)
	at java.base/jdk.internal.reflect.DelegatingConstructorAccessorImpl.newInstance(DelegatingConstructorAccessorImpl.java:45)
	at java.base/java.lang.reflect.Constructor.newInstanceWithCaller(Constructor.java:499)
	at java.base/java.lang.reflect.Constructor.newInstance(Constructor.java:480)
	at org.openqa.selenium.remote.codec.w3c.W3CHttpResponseCodec.createException(W3CHttpResponseCodec.java:200)
	at org.openqa.selenium.remote.codec.w3c.W3CHttpResponseCodec.decode(W3CHttpResponseCodec.java:133)
	at org.openqa.selenium.remote.codec.w3c.W3CHttpResponseCodec.decode(W3CHttpResponseCodec.java:52)
	at org.openqa.selenium.remote.HttpCommandExecutor.execute(HttpCommandExecutor.java:191)
	at org.openqa.selenium.remote.service.DriverCommandExecutor.invokeExecute(DriverCommandExecutor.java:200)
	at org.openqa.selenium.remote.service.DriverCommandExecutor.execute(DriverCommandExecutor.java:175)
	at org.openqa.selenium.remote.RemoteWebDriver.execute(RemoteWebDriver.java:523)
	at org.openqa.selenium.remote.ElementLocation$ElementFinder$2.findElement(ElementLocation.java:165)
	at org.openqa.selenium.remote.ElementLocation.findElement(ElementLocation.java:59)
	at org.openqa.selenium.remote.RemoteWebDriver.findElement(RemoteWebDriver.java:360)
	at org.openqa.selenium.remote.RemoteWebDriver.findElement(RemoteWebDriver.java:354)
	at org.openqa.selenium.support.pagefactory.DefaultElementLocator.findElement(DefaultElementLocator.java:68)
	at org.openqa.selenium.support.pagefactory.internal.LocatingElementHandler.invoke(LocatingElementHandler.java:38)
	at jdk.proxy2/jdk.proxy2.$Proxy28.click(Unknown Source)
	at PageObject.EMICalculatorPage.clickOnCalculatorsDropDown(EMICalculatorPage.java:54)
	at TestCases.HomeLoanEMI.calculatorsDropDownValidation(HomeLoanEMI.java:23)
	at java.base/jdk.internal.reflect.NativeMethodAccessorImpl.invoke0(Native Method)
	at java.base/jdk.internal.reflect.NativeMethodAccessorImpl.invoke(NativeMethodAccessorImpl.java:77)
	at java.base/jdk.internal.reflect.DelegatingMethodAccessorImpl.invoke(DelegatingMethodAccessorImpl.java:43)
	at java.base/java.lang.reflect.Method.invoke(Method.java:568)
	at org.testng.internal.invokers.MethodInvocationHelper.invokeMethod(MethodInvocationHelper.java:139)
	at org.testng.internal.invokers.TestInvoker.invokeMethod(TestInvoker.java:664)
	at org.testng.internal.invokers.TestInvoker.invokeTestMethod(TestInvoker.java:227)
	at org.testng.internal.invokers.MethodRunner.runInSequence(MethodRunner.java:50)
	at org.testng.internal.invokers.TestInvoker$MethodInvocationAgent.invoke(TestInvoker.java:957)
	at org.testng.internal.invokers.TestInvoker.invokeTestMethods(TestInvoker.java:200)
	at org.testng.internal.invokers.TestMethodWorker.invokeTestMethods(TestMethodWorker.java:148)
	at org.testng.internal.invokers.TestMethodWorker.run(TestMethodWorker.java:128)
	at java.base/java.util.ArrayList.forEach(ArrayList.java:1511)
	at org.testng.TestRunner.privateRun(TestRunner.java:848)
	at org.testng.TestRunner.run(TestRunner.java:621)
	at org.testng.SuiteRunner.runTest(SuiteRunner.java:443)
	at org.testng.SuiteRunner.runSequentially(SuiteRunner.java:437)
	at org.testng.SuiteRunner.privateRun(SuiteRunner.java:397)
	at org.testng.SuiteRunner.run(SuiteRunner.java:336)
	at org.testng.SuiteRunnerWorker.runSuite(SuiteRunnerWorker.java:52)
	at org.testng.SuiteRunnerWorker.run(SuiteRunnerWorker.java:95)
	at org.testng.TestNG.runSuitesSequentially(TestNG.java:1280)
	at org.testng.TestNG.runSuitesLocally(TestNG.java:1200)
	at org.testng.TestNG.runSuites(TestNG.java:1114)
	at org.testng.TestNG.run(TestNG.java:1082)
	at org.apache.maven.surefire.testng.TestNGExecutor.run(TestNGExecutor.java:308)
	at org.apache.maven.surefire.testng.TestNGXmlTestSuite.execute(TestNGXmlTestSuite.java:71)
	at org.apache.maven.surefire.testng.TestNGProvider.invoke(TestNGProvider.java:113)
	at org.apache.maven.surefire.booter.ForkedBooter.runSuitesInProcess(ForkedBooter.java:385)
	at org.apache.maven.surefire.booter.ForkedBooter.execute(ForkedBooter.java:162)
	at org.apache.maven.surefire.booter.ForkedBooter.run(ForkedBooter.java:507)
	at org.apache.maven.surefire.booter.ForkedBooter.main(ForkedBooter.java:495)
]]></failure>
  </testcase>
  <testcase name="homeLoanEmiCalculatorValidation" classname="TestCases.LoanTenureCalculatorUICheck" time="33.425">
    <failure message="no such element: Unable to locate element: {&quot;method&quot;:&quot;xpath&quot;,&quot;selector&quot;:&quot;//h3[@id=&apos;ld&apos;]&quot;}&#10;  (Session info: chrome=120.0.6099.130)&#10;For documentation on this error, please visit: https://www.selenium.dev/documentation/webdriver/troubleshooting/errors#no-such-element-exception&#10;Build info: version: &apos;4.16.1&apos;, revision: &apos;9b4c83354e&apos;&#10;System info: os.name: &apos;Windows 11&apos;, os.arch: &apos;amd64&apos;, os.version: &apos;10.0&apos;, java.version: &apos;17.0.2&apos;&#10;Driver info: org.openqa.selenium.chrome.ChromeDriver&#10;Command: [304b7309bf1bd7d23e226fc208d777e0, findElement {using=xpath, value=//h3[@id=&apos;ld&apos;]}]&#10;Capabilities {acceptInsecureCerts: false, browserName: chrome, browserVersion: 120.0.6099.130, chrome: {chromedriverVersion: 120.0.6099.109 (3419140ab66..., userDataDir: C:\Users\2303554\AppData\Lo...}, fedcm:accounts: true, goog:chromeOptions: {debuggerAddress: localhost:55544}, networkConnectionEnabled: false, pageLoadStrategy: normal, platformName: windows, proxy: Proxy(), se:cdp: ws://localhost:55544/devtoo..., se:cdpVersion: 120.0.6099.130, setWindowRect: true, strictFileInteractability: false, timeouts: {implicit: 0, pageLoad: 300000, script: 30000}, unhandledPromptBehavior: dismiss and notify, webauthn:extension:credBlob: true, webauthn:extension:largeBlob: true, webauthn:extension:minPinLength: true, webauthn:extension:prf: true, webauthn:virtualAuthenticators: true}&#10;Session ID: 304b7309bf1bd7d23e226fc208d777e0" type="org.openqa.selenium.NoSuchElementException"><![CDATA[org.openqa.selenium.NoSuchElementException: 
no such element: Unable to locate element: {"method":"xpath","selector":"//h3[@id='ld']"}
  (Session info: chrome=120.0.6099.130)
For documentation on this error, please visit: https://www.selenium.dev/documentation/webdriver/troubleshooting/errors#no-such-element-exception
Build info: version: '4.16.1', revision: '9b4c83354e'
System info: os.name: 'Windows 11', os.arch: 'amd64', os.version: '10.0', java.version: '17.0.2'
Driver info: org.openqa.selenium.chrome.ChromeDriver
Command: [304b7309bf1bd7d23e226fc208d777e0, findElement {using=xpath, value=//h3[@id='ld']}]
Capabilities {acceptInsecureCerts: false, browserName: chrome, browserVersion: 120.0.6099.130, chrome: {chromedriverVersion: 120.0.6099.109 (3419140ab66..., userDataDir: C:\Users\2303554\AppData\Lo...}, fedcm:accounts: true, goog:chromeOptions: {debuggerAddress: localhost:55544}, networkConnectionEnabled: false, pageLoadStrategy: normal, platformName: windows, proxy: Proxy(), se:cdp: ws://localhost:55544/devtoo..., se:cdpVersion: 120.0.6099.130, setWindowRect: true, strictFileInteractability: false, timeouts: {implicit: 0, pageLoad: 300000, script: 30000}, unhandledPromptBehavior: dismiss and notify, webauthn:extension:credBlob: true, webauthn:extension:largeBlob: true, webauthn:extension:minPinLength: true, webauthn:extension:prf: true, webauthn:virtualAuthenticators: true}
Session ID: 304b7309bf1bd7d23e226fc208d777e0
	at java.base/jdk.internal.reflect.NativeConstructorAccessorImpl.newInstance0(Native Method)
	at java.base/jdk.internal.reflect.NativeConstructorAccessorImpl.newInstance(NativeConstructorAccessorImpl.java:77)
	at java.base/jdk.internal.reflect.DelegatingConstructorAccessorImpl.newInstance(DelegatingConstructorAccessorImpl.java:45)
	at java.base/java.lang.reflect.Constructor.newInstanceWithCaller(Constructor.java:499)
	at java.base/java.lang.reflect.Constructor.newInstance(Constructor.java:480)
	at org.openqa.selenium.remote.codec.w3c.W3CHttpResponseCodec.createException(W3CHttpResponseCodec.java:200)
	at org.openqa.selenium.remote.codec.w3c.W3CHttpResponseCodec.decode(W3CHttpResponseCodec.java:133)
	at org.openqa.selenium.remote.codec.w3c.W3CHttpResponseCodec.decode(W3CHttpResponseCodec.java:52)
	at org.openqa.selenium.remote.HttpCommandExecutor.execute(HttpCommandExecutor.java:191)
	at org.openqa.selenium.remote.service.DriverCommandExecutor.invokeExecute(DriverCommandExecutor.java:200)
	at org.openqa.selenium.remote.service.DriverCommandExecutor.execute(DriverCommandExecutor.java:175)
	at org.openqa.selenium.remote.RemoteWebDriver.execute(RemoteWebDriver.java:523)
	at org.openqa.selenium.remote.ElementLocation$ElementFinder$2.findElement(ElementLocation.java:165)
	at org.openqa.selenium.remote.ElementLocation.findElement(ElementLocation.java:59)
	at org.openqa.selenium.remote.RemoteWebDriver.findElement(RemoteWebDriver.java:360)
	at org.openqa.selenium.remote.RemoteWebDriver.findElement(RemoteWebDriver.java:354)
	at org.openqa.selenium.support.pagefactory.DefaultElementLocator.findElement(DefaultElementLocator.java:68)
	at org.openqa.selenium.support.pagefactory.internal.LocatingElementHandler.invoke(LocatingElementHandler.java:38)
	at jdk.proxy2/jdk.proxy2.$Proxy28.isDisplayed(Unknown Source)
	at PageObject.HomeLoanPage.validateHomeLoanEmiCalculator(HomeLoanPage.java:147)
	at TestCases.HomeLoanEMI.homeLoanEmiCalculatorValidation(HomeLoanEMI.java:50)
	at java.base/jdk.internal.reflect.NativeMethodAccessorImpl.invoke0(Native Method)
	at java.base/jdk.internal.reflect.NativeMethodAccessorImpl.invoke(NativeMethodAccessorImpl.java:77)
	at java.base/jdk.internal.reflect.DelegatingMethodAccessorImpl.invoke(DelegatingMethodAccessorImpl.java:43)
	at java.base/java.lang.reflect.Method.invoke(Method.java:568)
	at org.testng.internal.invokers.MethodInvocationHelper.invokeMethod(MethodInvocationHelper.java:139)
	at org.testng.internal.invokers.TestInvoker.invokeMethod(TestInvoker.java:664)
	at org.testng.internal.invokers.TestInvoker.invokeTestMethod(TestInvoker.java:227)
	at org.testng.internal.invokers.MethodRunner.runInSequence(MethodRunner.java:50)
	at org.testng.internal.invokers.TestInvoker$MethodInvocationAgent.invoke(TestInvoker.java:957)
	at org.testng.internal.invokers.TestInvoker.invokeTestMethods(TestInvoker.java:200)
	at org.testng.internal.invokers.TestMethodWorker.invokeTestMethods(TestMethodWorker.java:148)
	at org.testng.internal.invokers.TestMethodWorker.run(TestMethodWorker.java:128)
	at java.base/java.util.ArrayList.forEach(ArrayList.java:1511)
	at org.testng.TestRunner.privateRun(TestRunner.java:848)
	at org.testng.TestRunner.run(TestRunner.java:621)
	at org.testng.SuiteRunner.runTest(SuiteRunner.java:443)
	at org.testng.SuiteRunner.runSequentially(SuiteRunner.java:437)
	at org.testng.SuiteRunner.privateRun(SuiteRunner.java:397)
	at org.testng.SuiteRunner.run(SuiteRunner.java:336)
	at org.testng.SuiteRunnerWorker.runSuite(SuiteRunnerWorker.java:52)
	at org.testng.SuiteRunnerWorker.run(SuiteRunnerWorker.java:95)
	at org.testng.TestNG.runSuitesSequentially(TestNG.java:1280)
	at org.testng.TestNG.runSuitesLocally(TestNG.java:1200)
	at org.testng.TestNG.runSuites(TestNG.java:1114)
	at org.testng.TestNG.run(TestNG.java:1082)
	at org.apache.maven.surefire.testng.TestNGExecutor.run(TestNGExecutor.java:308)
	at org.apache.maven.surefire.testng.TestNGXmlTestSuite.execute(TestNGXmlTestSuite.java:71)
	at org.apache.maven.surefire.testng.TestNGProvider.invoke(TestNGProvider.java:113)
	at org.apache.maven.surefire.booter.ForkedBooter.runSuitesInProcess(ForkedBooter.java:385)
	at org.apache.maven.surefire.booter.ForkedBooter.execute(ForkedBooter.java:162)
	at org.apache.maven.surefire.booter.ForkedBooter.run(ForkedBooter.java:507)
	at org.apache.maven.surefire.booter.ForkedBooter.main(ForkedBooter.java:495)
]]></failure>
  </testcase>
  <testcase name="validateHomeValueInputfield" classname="TestCases.LoanTenureCalculatorUICheck" time="0.0">
    <skipped message="Method TestCases.HomeLoanEMI.validateHomeValueInputfield() on instance TestCases.LoanTenureCalculatorUICheck@368f2016 depends on not successfully finished methods &#10;[TestCases.HomeLoanEMI.homeLoanEmiCalculatorValidation() on instance TestCases.LoanTenureCalculatorUICheck@368f2016&#10;TestCases.HomeLoanEMI.calculatorsDropDownValidation() on instance TestCases.LoanTenureCalculatorUICheck@368f2016]"/>
  </testcase>
  <testcase name="validateDownPaymentInputFieldInPercentage" classname="TestCases.LoanTenureCalculatorUICheck" time="0.0">
    <skipped message="Method TestCases.HomeLoanEMI.validateDownPaymentInputFieldInPercentage() on instance TestCases.LoanTenureCalculatorUICheck@368f2016 depends on not successfully finished methods &#10;[TestCases.HomeLoanEMI.homeLoanEmiCalculatorValidation() on instance TestCases.LoanTenureCalculatorUICheck@368f2016&#10;TestCases.HomeLoanEMI.calculatorsDropDownValidation() on instance TestCases.LoanTenureCalculatorUICheck@368f2016]"/>
  </testcase>
  <testcase name="validateDownPaymentRupeesButton" classname="TestCases.LoanTenureCalculatorUICheck" time="0.0">
    <skipped message="Method TestCases.HomeLoanEMI.validateDownPaymentRupeesButton() on instance TestCases.LoanTenureCalculatorUICheck@368f2016 depends on not successfully finished methods &#10;[TestCases.HomeLoanEMI.homeLoanEmiCalculatorValidation() on instance TestCases.LoanTenureCalculatorUICheck@368f2016&#10;TestCases.HomeLoanEMI.calculatorsDropDownValidation() on instance TestCases.LoanTenureCalculatorUICheck@368f2016]"/>
  </testcase>
  <testcase name="validateLoanInsuranceInputField" classname="TestCases.LoanTenureCalculatorUICheck" time="0.0">
    <skipped message="Method TestCases.HomeLoanEMI.validateLoanInsuranceInputField() on instance TestCases.LoanTenureCalculatorUICheck@368f2016 depends on not successfully finished methods &#10;[TestCases.HomeLoanEMI.homeLoanEmiCalculatorValidation() on instance TestCases.LoanTenureCalculatorUICheck@368f2016&#10;TestCases.HomeLoanEMI.calculatorsDropDownValidation() on instance TestCases.LoanTenureCalculatorUICheck@368f2016]"/>
  </testcase>
  <testcase name="validateInterestRateInputField" classname="TestCases.LoanTenureCalculatorUICheck" time="0.0">
    <skipped message="Method TestCases.HomeLoanEMI.validateInterestRateInputField() on instance TestCases.LoanTenureCalculatorUICheck@368f2016 depends on not successfully finished methods &#10;[TestCases.HomeLoanEMI.homeLoanEmiCalculatorValidation() on instance TestCases.LoanTenureCalculatorUICheck@368f2016&#10;TestCases.HomeLoanEMI.calculatorsDropDownValidation() on instance TestCases.LoanTenureCalculatorUICheck@368f2016]"/>
  </testcase>
  <testcase name="validateLoanTenureInputField" classname="TestCases.LoanTenureCalculatorUICheck" time="0.0">
    <skipped message="Method TestCases.HomeLoanEMI.validateLoanTenureInputField() on instance TestCases.LoanTenureCalculatorUICheck@368f2016 depends on not successfully finished methods &#10;[TestCases.HomeLoanEMI.homeLoanEmiCalculatorValidation() on instance TestCases.LoanTenureCalculatorUICheck@368f2016&#10;TestCases.HomeLoanEMI.calculatorsDropDownValidation() on instance TestCases.LoanTenureCalculatorUICheck@368f2016]"/>
  </testcase>
  <testcase name="validateLoanTenureMonthsButton" classname="TestCases.LoanTenureCalculatorUICheck" time="0.0">
    <skipped message="Method TestCases.HomeLoanEMI.validateLoanTenureMonthsButton() on instance TestCases.LoanTenureCalculatorUICheck@368f2016 depends on not successfully finished methods &#10;[TestCases.HomeLoanEMI.homeLoanEmiCalculatorValidation() on instance TestCases.LoanTenureCalculatorUICheck@368f2016&#10;TestCases.HomeLoanEMI.calculatorsDropDownValidation() on instance TestCases.LoanTenureCalculatorUICheck@368f2016]"/>
  </testcase>
  <testcase name="validateLoanChargesInputField" classname="TestCases.LoanTenureCalculatorUICheck" time="0.0">
    <skipped message="Method TestCases.HomeLoanEMI.validateLoanChargesInputField() on instance TestCases.LoanTenureCalculatorUICheck@368f2016 depends on not successfully finished methods &#10;[TestCases.HomeLoanEMI.homeLoanEmiCalculatorValidation() on instance TestCases.LoanTenureCalculatorUICheck@368f2016&#10;TestCases.HomeLoanEMI.calculatorsDropDownValidation() on instance TestCases.LoanTenureCalculatorUICheck@368f2016]"/>
  </testcase>
  <testcase name="validateLoanChargesRupeesButtonElement" classname="TestCases.LoanTenureCalculatorUICheck" time="0.0">
    <skipped message="Method TestCases.HomeLoanEMI.validateLoanChargesRupeesButtonElement() on instance TestCases.LoanTenureCalculatorUICheck@368f2016 depends on not successfully finished methods &#10;[TestCases.HomeLoanEMI.homeLoanEmiCalculatorValidation() on instance TestCases.LoanTenureCalculatorUICheck@368f2016&#10;TestCases.HomeLoanEMI.calculatorsDropDownValidation() on instance TestCases.LoanTenureCalculatorUICheck@368f2016]"/>
  </testcase>
  <testcase name="validateLoanStartMonthAndYearField" classname="TestCases.LoanTenureCalculatorUICheck" time="0.0">
    <skipped message="Method TestCases.HomeLoanEMI.validateLoanStartMonthAndYearField() on instance TestCases.LoanTenureCalculatorUICheck@368f2016 depends on not successfully finished methods &#10;[TestCases.HomeLoanEMI.homeLoanEmiCalculatorValidation() on instance TestCases.LoanTenureCalculatorUICheck@368f2016&#10;TestCases.HomeLoanEMI.calculatorsDropDownValidation() on instance TestCases.LoanTenureCalculatorUICheck@368f2016]"/>
  </testcase>
  <testcase name="validateLoanStartMonthAndYearInputField" classname="TestCases.LoanTenureCalculatorUICheck" time="0.0">
    <skipped message="Method TestCases.HomeLoanEMI.validateLoanStartMonthAndYearInputField() on instance TestCases.LoanTenureCalculatorUICheck@368f2016 depends on not successfully finished methods &#10;[TestCases.HomeLoanEMI.homeLoanEmiCalculatorValidation() on instance TestCases.LoanTenureCalculatorUICheck@368f2016&#10;TestCases.HomeLoanEMI.calculatorsDropDownValidation() on instance TestCases.LoanTenureCalculatorUICheck@368f2016]"/>
  </testcase>
  <testcase name="validateOneTimeExpensesInputField" classname="TestCases.LoanTenureCalculatorUICheck" time="0.0">
    <skipped message="Method TestCases.HomeLoanEMI.validateOneTimeExpensesInputField() on instance TestCases.LoanTenureCalculatorUICheck@368f2016 depends on not successfully finished methods &#10;[TestCases.HomeLoanEMI.homeLoanEmiCalculatorValidation() on instance TestCases.LoanTenureCalculatorUICheck@368f2016&#10;TestCases.HomeLoanEMI.calculatorsDropDownValidation() on instance TestCases.LoanTenureCalculatorUICheck@368f2016]"/>
  </testcase>
  <testcase name="validateOneTimeExpensesRupeesButton" classname="TestCases.LoanTenureCalculatorUICheck" time="0.0">
    <skipped message="Method TestCases.HomeLoanEMI.validateOneTimeExpensesRupeesButton() on instance TestCases.LoanTenureCalculatorUICheck@368f2016 depends on not successfully finished methods &#10;[TestCases.HomeLoanEMI.homeLoanEmiCalculatorValidation() on instance TestCases.LoanTenureCalculatorUICheck@368f2016&#10;TestCases.HomeLoanEMI.calculatorsDropDownValidation() on instance TestCases.LoanTenureCalculatorUICheck@368f2016]"/>
  </testcase>
  <testcase name="validatePropertyTaxesPerYearInputField" classname="TestCases.LoanTenureCalculatorUICheck" time="0.0">
    <skipped message="Method TestCases.HomeLoanEMI.validatePropertyTaxesPerYearInputField() on instance TestCases.LoanTenureCalculatorUICheck@368f2016 depends on not successfully finished methods &#10;[TestCases.HomeLoanEMI.homeLoanEmiCalculatorValidation() on instance TestCases.LoanTenureCalculatorUICheck@368f2016&#10;TestCases.HomeLoanEMI.calculatorsDropDownValidation() on instance TestCases.LoanTenureCalculatorUICheck@368f2016]"/>
  </testcase>
  <testcase name="validatePropertyTaxesPerYearRupeesButton" classname="TestCases.LoanTenureCalculatorUICheck" time="0.0">
    <skipped message="Method TestCases.HomeLoanEMI.validatePropertyTaxesPerYearRupeesButton() on instance TestCases.LoanTenureCalculatorUICheck@368f2016 depends on not successfully finished methods &#10;[TestCases.HomeLoanEMI.homeLoanEmiCalculatorValidation() on instance TestCases.LoanTenureCalculatorUICheck@368f2016&#10;TestCases.HomeLoanEMI.calculatorsDropDownValidation() on instance TestCases.LoanTenureCalculatorUICheck@368f2016]"/>
  </testcase>
  <testcase name="validateHomeInsurancePerYearInputField" classname="TestCases.LoanTenureCalculatorUICheck" time="0.0">
    <skipped message="Method TestCases.HomeLoanEMI.validateHomeInsurancePerYearInputField() on instance TestCases.LoanTenureCalculatorUICheck@368f2016 depends on not successfully finished methods &#10;[TestCases.HomeLoanEMI.homeLoanEmiCalculatorValidation() on instance TestCases.LoanTenureCalculatorUICheck@368f2016&#10;TestCases.HomeLoanEMI.calculatorsDropDownValidation() on instance TestCases.LoanTenureCalculatorUICheck@368f2016]"/>
  </testcase>
  <testcase name="validateHomeInsurancePerYearRupeesButton" classname="TestCases.LoanTenureCalculatorUICheck" time="0.0">
    <skipped message="Method TestCases.HomeLoanEMI.validateHomeInsurancePerYearRupeesButton() on instance TestCases.LoanTenureCalculatorUICheck@368f2016 depends on not successfully finished methods &#10;[TestCases.HomeLoanEMI.homeLoanEmiCalculatorValidation() on instance TestCases.LoanTenureCalculatorUICheck@368f2016&#10;TestCases.HomeLoanEMI.calculatorsDropDownValidation() on instance TestCases.LoanTenureCalculatorUICheck@368f2016]"/>
  </testcase>
  <testcase name="validateMaintenanceExpensesPerMonthInputField" classname="TestCases.LoanTenureCalculatorUICheck" time="0.0">
    <skipped message="Method TestCases.HomeLoanEMI.validateMaintenanceExpensesPerMonthInputField() on instance TestCases.LoanTenureCalculatorUICheck@368f2016 depends on not successfully finished methods &#10;[TestCases.HomeLoanEMI.homeLoanEmiCalculatorValidation() on instance TestCases.LoanTenureCalculatorUICheck@368f2016&#10;TestCases.HomeLoanEMI.calculatorsDropDownValidation() on instance TestCases.LoanTenureCalculatorUICheck@368f2016]"/>
  </testcase>
  <testcase name="printAllTheData" classname="TestCases.LoanTenureCalculatorUICheck" time="0.0">
    <skipped message="Method TestCases.HomeLoanEMI.printAllTheData() on instance TestCases.LoanTenureCalculatorUICheck@368f2016 depends on not successfully finished methods &#10;[TestCases.HomeLoanEMI.homeLoanEmiCalculatorValidation() on instance TestCases.LoanTenureCalculatorUICheck@368f2016&#10;TestCases.HomeLoanEMI.calculatorsDropDownValidation() on instance TestCases.LoanTenureCalculatorUICheck@368f2016]"/>
  </testcase>
  <testcase name="calculatorsDropDownValidationFromHomeLoan" classname="TestCases.LoanTenureCalculatorUICheck" time="0.554"/>
  <testcase name="emiCalculatorPageValidation" classname="TestCases.LoanTenureCalculatorUICheck" time="2.096"/>
  <testcase name="validateEmiCalculatorLink" classname="TestCases.LoanTenureCalculatorUICheck" time="0.339"/>
  <testcase name="verifyEmiCalculatorLoanAmountInputFieldPresence" classname="TestCases.LoanTenureCalculatorUICheck" time="0.348"/>
  <testcase name="validateEmiCalculatorLoanAmountInputFieldByPassingValue[50,00,000, 12.5, 15.0, 75000.0](1)" classname="TestCases.LoanTenureCalculatorUICheck" time="1.089">
    <system-out><![CDATA[[[50,00,000, 12.5, 15.0, 75000.0]]
]]></system-out>
  </testcase>
  <testcase name="verifyEmiCalculatorInterestRateInputFieldPresence" classname="TestCases.LoanTenureCalculatorUICheck" time="0.463"/>
  <testcase name="validateEmiCalculatorInterestRateInputFieldByPassingValue[50,00,000, 12.5, 15.0, 75000.0](1)" classname="TestCases.LoanTenureCalculatorUICheck" time="1.114">
    <system-out><![CDATA[[[50,00,000, 12.5, 15.0, 75000.0]]
]]></system-out>
  </testcase>
  <testcase name="verifyEmiCalculatorLoanTenureInputFieldPresence" classname="TestCases.LoanTenureCalculatorUICheck" time="0.411"/>
  <testcase name="validateEmiCalculatorLoanTenureInputFieldByPassingValue[50,00,000, 12.5, 15.0, 75000.0](1)" classname="TestCases.LoanTenureCalculatorUICheck" time="1.072">
    <system-out><![CDATA[[[50,00,000, 12.5, 15.0, 75000.0]]
]]></system-out>
  </testcase>
  <testcase name="validateEmiCalculatorLoanTenureMonthButton" classname="TestCases.LoanTenureCalculatorUICheck" time="3.817">
    <system-out><![CDATA[Loan Tenure Slider Scale value in Years
0
5
10
15
20
25
30
Loan Tenure Slider Scale Value in Months 
0
60
120
180
240
300
360
]]></system-out>
  </testcase>
  <testcase name="verifyEmiCalculatorLoanChargesInputFieldPresence" classname="TestCases.LoanTenureCalculatorUICheck" time="0.238"/>
  <testcase name="validateEmiCalculatorLoanChargesInputFieldByPassingValue[50,00,000, 12.5, 15.0, 75000.0](1)" classname="TestCases.LoanTenureCalculatorUICheck" time="0.881">
    <system-out><![CDATA[[[50,00,000, 12.5, 15.0, 75000.0]]
]]></system-out>
  </testcase>
  <testcase name="validateLoanAmountCalculatorLink" classname="TestCases.LoanTenureCalculatorUICheck" time="0.572"/>
  <testcase name="verifyEmiInputFieldPresence" classname="TestCases.LoanTenureCalculatorUICheck" time="0.299"/>
  <testcase name="verifyEmiInputFieldByPassingValue[25000.0, 15.0, 120.0, 50000.0](1)" classname="TestCases.LoanTenureCalculatorUICheck" time="0.888"/>
  <testcase name="verifyLoanAmountInterestRateInputFieldPresence" classname="TestCases.LoanTenureCalculatorUICheck" time="0.269"/>
  <testcase name="validateLoanAmountInterestRateInputFieldByPassingValue[25000.0, 15.0, 120.0, 50000.0](1)" classname="TestCases.LoanTenureCalculatorUICheck" time="0.972"/>
  <testcase name="verifyLoanAmountTenureInputFieldPresence" classname="TestCases.LoanTenureCalculatorUICheck" time="0.293"/>
  <testcase name="validateLoanAmountTenureInputFieldByPassingValue[25000.0, 15.0, 120.0, 50000.0](1)" classname="TestCases.LoanTenureCalculatorUICheck" time="1.111"/>
  <testcase name="validateLoanAmountLoanTenureMonthButton" classname="TestCases.LoanTenureCalculatorUICheck" time="3.836">
    <system-out><![CDATA[Loan Tenure Slider Scale value in Months
0
60
120
180
240
300
360
Loan Tenure Slider Scale Value in Years
0
5
10
15
20
25
30
]]></system-out>
  </testcase>
  <testcase name="verifyLoanAmountLoanChargesInputFieldPresence" classname="TestCases.LoanTenureCalculatorUICheck" time="0.3"/>
  <testcase name="validateLoanAmountLoanChargesInputFieldByPassingValue[25000.0, 15.0, 120.0, 50000.0](1)" classname="TestCases.LoanTenureCalculatorUICheck" time="0.881"/>
  <testcase name="validateLoanTenureCalculatorLink" classname="TestCases.LoanTenureCalculatorUICheck" time="0.592"/>
  <testcase name="verifyLoanTenureLoanAmountInputFieldPresence" classname="TestCases.LoanTenureCalculatorUICheck" time="0.311"/>
  <testcase name="validateLoanTenureLoanAmountInputFieldByPassingValue[75,00,000, 10.0, 50000.0](1)" classname="TestCases.LoanTenureCalculatorUICheck" time="0.965"/>
  <testcase name="verifyLoanTenureEmiInputFieldPresence" classname="TestCases.LoanTenureCalculatorUICheck" time="0.332"/>
  <testcase name="verifyLoanTenureInterestRateInputFieldPresence" classname="TestCases.LoanTenureCalculatorUICheck" time="0.324"/>
  <testcase name="validateLoanTenureInterestRateInputFieldByPassingValue[75,00,000, 10.0, 50000.0](1)" classname="TestCases.LoanTenureCalculatorUICheck" time="0.963"/>
  <testcase name="verifyLoanTenuteLoanChargesInputFieldPresence" classname="TestCases.LoanTenureCalculatorUICheck" time="0.306"/>
  <testcase name="validateLoanTenureLoanChargesInputFieldByValue[75,00,000, 10.0, 50000.0](1)" classname="TestCases.LoanTenureCalculatorUICheck" time="1.296"/>
</testsuite>